2021-02-02 20:45:28,295 - elsapy.elsclient - INFO - Module loaded.
2021-02-02 20:45:28,316 - elsapy.elsentity - INFO - Module loaded.
2021-02-02 20:45:28,318 - elsapy.utils - INFO - Module loaded.
2021-02-02 20:45:28,318 - elsapy.elsprofile - INFO - Module loaded.
2021-02-02 20:45:28,320 - elsapy.elsdoc - INFO - Module loaded.
2021-02-02 20:45:28,321 - elsapy.elssearch - INFO - Module loaded.
2021-02-02 20:45:59,146 - elsapy.elsclient - INFO - Module loaded.
2021-02-02 20:45:59,149 - elsapy.elsentity - INFO - Module loaded.
2021-02-02 20:45:59,151 - elsapy.utils - INFO - Module loaded.
2021-02-02 20:45:59,152 - elsapy.elsprofile - INFO - Module loaded.
2021-02-02 20:45:59,177 - elsapy.elsdoc - INFO - Module loaded.
2021-02-02 20:45:59,178 - elsapy.elssearch - INFO - Module loaded.
2021-02-02 20:46:49,114 - elsapy.elsclient - INFO - Module loaded.
2021-02-02 20:46:49,116 - elsapy.elsentity - INFO - Module loaded.
2021-02-02 20:46:49,118 - elsapy.utils - INFO - Module loaded.
2021-02-02 20:46:49,118 - elsapy.elsprofile - INFO - Module loaded.
2021-02-02 20:46:49,143 - elsapy.elsdoc - INFO - Module loaded.
2021-02-02 20:46:49,145 - elsapy.elssearch - INFO - Module loaded.
2021-02-02 20:47:57,392 - elsapy.elsclient - INFO - Module loaded.
2021-02-02 20:47:57,395 - elsapy.elsentity - INFO - Module loaded.
2021-02-02 20:47:57,396 - elsapy.utils - INFO - Module loaded.
2021-02-02 20:47:57,397 - elsapy.elsprofile - INFO - Module loaded.
2021-02-02 20:47:57,418 - elsapy.elsdoc - INFO - Module loaded.
2021-02-02 20:47:57,420 - elsapy.elssearch - INFO - Module loaded.
2021-02-02 20:59:37,486 - elsapy.elsclient - INFO - Module loaded.
2021-02-02 20:59:37,488 - elsapy.elsentity - INFO - Module loaded.
2021-02-02 20:59:37,489 - elsapy.utils - INFO - Module loaded.
2021-02-02 20:59:37,489 - elsapy.elsprofile - INFO - Module loaded.
2021-02-02 20:59:37,510 - elsapy.elsdoc - INFO - Module loaded.
2021-02-02 20:59:37,512 - elsapy.elssearch - INFO - Module loaded.
