2021-02-22 10:54:24,784 - elsapy.elsclient - INFO - Module loaded.
2021-02-22 10:54:25,822 - elsapy.elsentity - INFO - Module loaded.
2021-02-22 10:54:25,823 - elsapy.utils - INFO - Module loaded.
2021-02-22 10:54:25,823 - elsapy.elsprofile - INFO - Module loaded.
2021-02-22 10:54:25,825 - elsapy.elsdoc - INFO - Module loaded.
2021-02-22 10:54:25,826 - elsapy.elssearch - INFO - Module loaded.
2021-02-22 10:55:59,022 - elsapy.elsclient - INFO - Module loaded.
2021-02-22 10:55:59,291 - elsapy.elsentity - INFO - Module loaded.
2021-02-22 10:55:59,292 - elsapy.utils - INFO - Module loaded.
2021-02-22 10:55:59,296 - elsapy.elsprofile - INFO - Module loaded.
2021-02-22 10:55:59,297 - elsapy.elsdoc - INFO - Module loaded.
2021-02-22 10:55:59,297 - elsapy.elssearch - INFO - Module loaded.
2021-02-22 10:56:05,515 - elsapy.elsclient - INFO - Module loaded.
2021-02-22 10:56:05,784 - elsapy.elsentity - INFO - Module loaded.
2021-02-22 10:56:05,785 - elsapy.utils - INFO - Module loaded.
2021-02-22 10:56:05,785 - elsapy.elsprofile - INFO - Module loaded.
2021-02-22 10:56:05,786 - elsapy.elsdoc - INFO - Module loaded.
2021-02-22 10:56:05,786 - elsapy.elssearch - INFO - Module loaded.
2021-02-22 10:56:32,954 - elsapy.elsclient - INFO - Module loaded.
2021-02-22 10:56:33,225 - elsapy.elsentity - INFO - Module loaded.
2021-02-22 10:56:33,226 - elsapy.utils - INFO - Module loaded.
2021-02-22 10:56:33,226 - elsapy.elsprofile - INFO - Module loaded.
2021-02-22 10:56:33,227 - elsapy.elsdoc - INFO - Module loaded.
2021-02-22 10:56:33,228 - elsapy.elssearch - INFO - Module loaded.
2021-02-22 10:57:34,137 - elsapy.elsclient - INFO - Module loaded.
2021-02-22 10:57:34,405 - elsapy.elsentity - INFO - Module loaded.
2021-02-22 10:57:34,406 - elsapy.utils - INFO - Module loaded.
2021-02-22 10:57:34,406 - elsapy.elsprofile - INFO - Module loaded.
2021-02-22 10:57:34,407 - elsapy.elsdoc - INFO - Module loaded.
2021-02-22 10:57:34,407 - elsapy.elssearch - INFO - Module loaded.
2021-02-22 10:57:46,985 - elsapy.elsclient - INFO - Module loaded.
2021-02-22 10:57:47,256 - elsapy.elsentity - INFO - Module loaded.
2021-02-22 10:57:47,256 - elsapy.utils - INFO - Module loaded.
2021-02-22 10:57:47,257 - elsapy.elsprofile - INFO - Module loaded.
2021-02-22 10:57:47,257 - elsapy.elsdoc - INFO - Module loaded.
2021-02-22 10:57:47,258 - elsapy.elssearch - INFO - Module loaded.
2021-02-22 10:58:17,563 - elsapy.elsclient - INFO - Module loaded.
2021-02-22 10:58:17,835 - elsapy.elsentity - INFO - Module loaded.
2021-02-22 10:58:17,836 - elsapy.utils - INFO - Module loaded.
2021-02-22 10:58:17,836 - elsapy.elsprofile - INFO - Module loaded.
2021-02-22 10:58:17,837 - elsapy.elsdoc - INFO - Module loaded.
2021-02-22 10:58:17,838 - elsapy.elssearch - INFO - Module loaded.
2021-02-22 10:58:20,884 - elsapy.elsclient - INFO - Module loaded.
2021-02-22 10:58:21,157 - elsapy.elsentity - INFO - Module loaded.
2021-02-22 10:58:21,158 - elsapy.utils - INFO - Module loaded.
2021-02-22 10:58:21,158 - elsapy.elsprofile - INFO - Module loaded.
2021-02-22 10:58:21,159 - elsapy.elsdoc - INFO - Module loaded.
2021-02-22 10:58:21,160 - elsapy.elssearch - INFO - Module loaded.
2021-02-22 10:58:53,645 - elsapy.elsclient - INFO - Module loaded.
2021-02-22 10:58:53,924 - elsapy.elsentity - INFO - Module loaded.
2021-02-22 10:58:53,924 - elsapy.utils - INFO - Module loaded.
2021-02-22 10:58:53,924 - elsapy.elsprofile - INFO - Module loaded.
2021-02-22 10:58:53,925 - elsapy.elsdoc - INFO - Module loaded.
2021-02-22 10:58:53,926 - elsapy.elssearch - INFO - Module loaded.
2021-02-22 10:58:59,074 - elsapy.elsclient - INFO - Module loaded.
2021-02-22 10:58:59,340 - elsapy.elsentity - INFO - Module loaded.
2021-02-22 10:58:59,341 - elsapy.utils - INFO - Module loaded.
2021-02-22 10:58:59,341 - elsapy.elsprofile - INFO - Module loaded.
2021-02-22 10:58:59,342 - elsapy.elsdoc - INFO - Module loaded.
2021-02-22 10:58:59,343 - elsapy.elssearch - INFO - Module loaded.
2021-02-22 10:59:08,741 - elsapy.elsclient - INFO - Module loaded.
2021-02-22 10:59:09,015 - elsapy.elsentity - INFO - Module loaded.
2021-02-22 10:59:09,016 - elsapy.utils - INFO - Module loaded.
2021-02-22 10:59:09,016 - elsapy.elsprofile - INFO - Module loaded.
2021-02-22 10:59:09,016 - elsapy.elsdoc - INFO - Module loaded.
2021-02-22 10:59:09,017 - elsapy.elssearch - INFO - Module loaded.
2021-02-22 10:59:18,368 - elsapy.elsclient - INFO - Module loaded.
2021-02-22 10:59:18,632 - elsapy.elsentity - INFO - Module loaded.
2021-02-22 10:59:18,633 - elsapy.utils - INFO - Module loaded.
2021-02-22 10:59:18,633 - elsapy.elsprofile - INFO - Module loaded.
2021-02-22 10:59:18,634 - elsapy.elsdoc - INFO - Module loaded.
2021-02-22 10:59:18,635 - elsapy.elssearch - INFO - Module loaded.
2021-02-22 10:59:26,929 - elsapy.elsclient - INFO - Module loaded.
2021-02-22 10:59:27,198 - elsapy.elsentity - INFO - Module loaded.
2021-02-22 10:59:27,199 - elsapy.utils - INFO - Module loaded.
2021-02-22 10:59:27,199 - elsapy.elsprofile - INFO - Module loaded.
2021-02-22 10:59:27,200 - elsapy.elsdoc - INFO - Module loaded.
2021-02-22 10:59:27,200 - elsapy.elssearch - INFO - Module loaded.
2021-02-22 11:01:24,905 - elsapy.elsclient - INFO - Module loaded.
2021-02-22 11:01:25,175 - elsapy.elsentity - INFO - Module loaded.
2021-02-22 11:01:25,175 - elsapy.utils - INFO - Module loaded.
2021-02-22 11:01:25,175 - elsapy.elsprofile - INFO - Module loaded.
2021-02-22 11:01:25,176 - elsapy.elsdoc - INFO - Module loaded.
2021-02-22 11:01:25,177 - elsapy.elssearch - INFO - Module loaded.
2021-02-22 11:02:04,373 - elsapy.elsclient - INFO - Module loaded.
2021-02-22 11:02:04,649 - elsapy.elsentity - INFO - Module loaded.
2021-02-22 11:02:04,650 - elsapy.utils - INFO - Module loaded.
2021-02-22 11:02:04,650 - elsapy.elsprofile - INFO - Module loaded.
2021-02-22 11:02:04,651 - elsapy.elsdoc - INFO - Module loaded.
2021-02-22 11:02:04,651 - elsapy.elssearch - INFO - Module loaded.
2021-02-22 11:04:42,958 - elsapy.elsclient - INFO - Module loaded.
2021-02-22 11:04:43,231 - elsapy.elsentity - INFO - Module loaded.
2021-02-22 11:04:43,231 - elsapy.utils - INFO - Module loaded.
2021-02-22 11:04:43,231 - elsapy.elsprofile - INFO - Module loaded.
2021-02-22 11:04:43,232 - elsapy.elsdoc - INFO - Module loaded.
2021-02-22 11:04:43,233 - elsapy.elssearch - INFO - Module loaded.
2021-02-22 11:21:45,431 - elsapy.elsclient - INFO - Module loaded.
2021-02-22 11:21:45,705 - elsapy.elsentity - INFO - Module loaded.
2021-02-22 11:21:45,705 - elsapy.utils - INFO - Module loaded.
2021-02-22 11:21:45,705 - elsapy.elsprofile - INFO - Module loaded.
2021-02-22 11:21:45,706 - elsapy.elsdoc - INFO - Module loaded.
2021-02-22 11:21:45,707 - elsapy.elssearch - INFO - Module loaded.
2021-02-22 11:33:47,044 - elsapy.elsclient - INFO - Module loaded.
2021-02-22 11:33:47,331 - elsapy.elsentity - INFO - Module loaded.
2021-02-22 11:33:47,332 - elsapy.utils - INFO - Module loaded.
2021-02-22 11:33:47,332 - elsapy.elsprofile - INFO - Module loaded.
2021-02-22 11:33:47,333 - elsapy.elsdoc - INFO - Module loaded.
2021-02-22 11:33:47,334 - elsapy.elssearch - INFO - Module loaded.
2021-02-22 11:36:37,029 - elsapy.elsclient - INFO - Module loaded.
2021-02-22 11:36:37,308 - elsapy.elsentity - INFO - Module loaded.
2021-02-22 11:36:37,308 - elsapy.utils - INFO - Module loaded.
2021-02-22 11:36:37,309 - elsapy.elsprofile - INFO - Module loaded.
2021-02-22 11:36:37,309 - elsapy.elsdoc - INFO - Module loaded.
2021-02-22 11:36:37,310 - elsapy.elssearch - INFO - Module loaded.
2021-02-22 11:37:14,849 - elsapy.elsclient - INFO - Module loaded.
2021-02-22 11:37:15,128 - elsapy.elsentity - INFO - Module loaded.
2021-02-22 11:37:15,128 - elsapy.utils - INFO - Module loaded.
2021-02-22 11:37:15,129 - elsapy.elsprofile - INFO - Module loaded.
2021-02-22 11:37:15,129 - elsapy.elsdoc - INFO - Module loaded.
2021-02-22 11:37:15,130 - elsapy.elssearch - INFO - Module loaded.
2021-02-22 20:43:01,579 - elsapy.elsclient - INFO - Module loaded.
2021-02-22 20:43:04,018 - elsapy.elsentity - INFO - Module loaded.
2021-02-22 20:43:04,020 - elsapy.utils - INFO - Module loaded.
2021-02-22 20:43:04,020 - elsapy.elsprofile - INFO - Module loaded.
2021-02-22 20:43:04,040 - elsapy.elsdoc - INFO - Module loaded.
2021-02-22 20:43:04,042 - elsapy.elssearch - INFO - Module loaded.
2021-02-22 20:46:17,271 - elsapy.elsclient - INFO - Module loaded.
2021-02-22 20:46:17,776 - elsapy.elsentity - INFO - Module loaded.
2021-02-22 20:46:17,778 - elsapy.utils - INFO - Module loaded.
2021-02-22 20:46:17,778 - elsapy.elsprofile - INFO - Module loaded.
2021-02-22 20:46:17,779 - elsapy.elsdoc - INFO - Module loaded.
2021-02-22 20:46:17,798 - elsapy.elssearch - INFO - Module loaded.
