2021-02-25 10:35:36,976 - elsapy.elsclient - INFO - Module loaded.
2021-02-25 10:35:39,178 - elsapy.elsentity - INFO - Module loaded.
2021-02-25 10:35:39,179 - elsapy.utils - INFO - Module loaded.
2021-02-25 10:35:39,179 - elsapy.elsprofile - INFO - Module loaded.
2021-02-25 10:35:39,197 - elsapy.elsdoc - INFO - Module loaded.
2021-02-25 10:35:39,199 - elsapy.elssearch - INFO - Module loaded.
2021-02-25 10:40:30,677 - elsapy.elsclient - INFO - Module loaded.
2021-02-25 10:40:31,103 - elsapy.elsentity - INFO - Module loaded.
2021-02-25 10:40:31,104 - elsapy.utils - INFO - Module loaded.
2021-02-25 10:40:31,113 - elsapy.elsprofile - INFO - Module loaded.
2021-02-25 10:40:31,134 - elsapy.elsdoc - INFO - Module loaded.
2021-02-25 10:40:31,136 - elsapy.elssearch - INFO - Module loaded.
2021-02-25 10:40:49,675 - elsapy.elsclient - INFO - Module loaded.
2021-02-25 10:40:50,060 - elsapy.elsentity - INFO - Module loaded.
2021-02-25 10:40:50,061 - elsapy.utils - INFO - Module loaded.
2021-02-25 10:40:50,061 - elsapy.elsprofile - INFO - Module loaded.
2021-02-25 10:40:50,077 - elsapy.elsdoc - INFO - Module loaded.
2021-02-25 10:40:50,078 - elsapy.elssearch - INFO - Module loaded.
2021-02-25 10:42:40,133 - elsapy.elsclient - INFO - Module loaded.
2021-02-25 10:42:40,529 - elsapy.elsentity - INFO - Module loaded.
2021-02-25 10:42:40,530 - elsapy.utils - INFO - Module loaded.
2021-02-25 10:42:40,530 - elsapy.elsprofile - INFO - Module loaded.
2021-02-25 10:42:40,546 - elsapy.elsdoc - INFO - Module loaded.
2021-02-25 10:42:40,547 - elsapy.elssearch - INFO - Module loaded.
2021-02-25 10:44:08,196 - elsapy.elsclient - INFO - Module loaded.
2021-02-25 10:44:08,603 - elsapy.elsentity - INFO - Module loaded.
2021-02-25 10:44:08,604 - elsapy.utils - INFO - Module loaded.
2021-02-25 10:44:08,605 - elsapy.elsprofile - INFO - Module loaded.
2021-02-25 10:44:08,620 - elsapy.elsdoc - INFO - Module loaded.
2021-02-25 10:44:08,621 - elsapy.elssearch - INFO - Module loaded.
2021-02-25 13:51:12,452 - elsapy.elsclient - INFO - Module loaded.
2021-02-25 13:51:12,751 - elsapy.elsentity - INFO - Module loaded.
2021-02-25 13:51:12,752 - elsapy.utils - INFO - Module loaded.
2021-02-25 13:51:12,752 - elsapy.elsprofile - INFO - Module loaded.
2021-02-25 13:51:12,753 - elsapy.elsdoc - INFO - Module loaded.
2021-02-25 13:51:12,754 - elsapy.elssearch - INFO - Module loaded.
2021-02-25 13:53:40,094 - elsapy.elsclient - INFO - Module loaded.
2021-02-25 13:53:40,396 - elsapy.elsentity - INFO - Module loaded.
2021-02-25 13:53:40,397 - elsapy.utils - INFO - Module loaded.
2021-02-25 13:53:40,397 - elsapy.elsprofile - INFO - Module loaded.
2021-02-25 13:53:40,398 - elsapy.elsdoc - INFO - Module loaded.
2021-02-25 13:53:40,399 - elsapy.elssearch - INFO - Module loaded.
2021-02-25 14:05:07,399 - elsapy.elsclient - INFO - Module loaded.
2021-02-25 14:05:07,685 - elsapy.elsentity - INFO - Module loaded.
2021-02-25 14:05:07,686 - elsapy.utils - INFO - Module loaded.
2021-02-25 14:05:07,686 - elsapy.elsprofile - INFO - Module loaded.
2021-02-25 14:05:07,687 - elsapy.elsdoc - INFO - Module loaded.
2021-02-25 14:05:07,687 - elsapy.elssearch - INFO - Module loaded.
2021-02-25 14:05:27,772 - elsapy.elsclient - INFO - Module loaded.
2021-02-25 14:05:28,103 - elsapy.elsentity - INFO - Module loaded.
2021-02-25 14:05:28,104 - elsapy.utils - INFO - Module loaded.
2021-02-25 14:05:28,104 - elsapy.elsprofile - INFO - Module loaded.
2021-02-25 14:05:28,105 - elsapy.elsdoc - INFO - Module loaded.
2021-02-25 14:05:28,106 - elsapy.elssearch - INFO - Module loaded.
2021-02-25 14:11:48,147 - elsapy.elsclient - INFO - Module loaded.
2021-02-25 14:11:48,423 - elsapy.elsentity - INFO - Module loaded.
2021-02-25 14:11:48,424 - elsapy.utils - INFO - Module loaded.
2021-02-25 14:11:48,425 - elsapy.elsprofile - INFO - Module loaded.
2021-02-25 14:11:48,425 - elsapy.elsdoc - INFO - Module loaded.
2021-02-25 14:11:48,426 - elsapy.elssearch - INFO - Module loaded.
2021-02-25 14:11:52,565 - elsapy.elsclient - INFO - Module loaded.
2021-02-25 14:11:52,840 - elsapy.elsentity - INFO - Module loaded.
2021-02-25 14:11:52,841 - elsapy.utils - INFO - Module loaded.
2021-02-25 14:11:52,841 - elsapy.elsprofile - INFO - Module loaded.
2021-02-25 14:11:52,842 - elsapy.elsdoc - INFO - Module loaded.
2021-02-25 14:11:52,843 - elsapy.elssearch - INFO - Module loaded.
2021-02-25 14:12:39,935 - elsapy.elsclient - INFO - Module loaded.
2021-02-25 14:12:40,211 - elsapy.elsentity - INFO - Module loaded.
2021-02-25 14:12:40,212 - elsapy.utils - INFO - Module loaded.
2021-02-25 14:12:40,212 - elsapy.elsprofile - INFO - Module loaded.
2021-02-25 14:12:40,213 - elsapy.elsdoc - INFO - Module loaded.
2021-02-25 14:12:40,213 - elsapy.elssearch - INFO - Module loaded.
2021-02-25 14:12:48,449 - elsapy.elsclient - INFO - Module loaded.
2021-02-25 14:12:48,722 - elsapy.elsentity - INFO - Module loaded.
2021-02-25 14:12:48,723 - elsapy.utils - INFO - Module loaded.
2021-02-25 14:12:48,723 - elsapy.elsprofile - INFO - Module loaded.
2021-02-25 14:12:48,724 - elsapy.elsdoc - INFO - Module loaded.
2021-02-25 14:12:48,724 - elsapy.elssearch - INFO - Module loaded.
2021-02-25 14:13:01,233 - elsapy.elsclient - INFO - Module loaded.
2021-02-25 14:13:01,502 - elsapy.elsentity - INFO - Module loaded.
2021-02-25 14:13:01,503 - elsapy.utils - INFO - Module loaded.
2021-02-25 14:13:01,503 - elsapy.elsprofile - INFO - Module loaded.
2021-02-25 14:13:01,504 - elsapy.elsdoc - INFO - Module loaded.
2021-02-25 14:13:01,504 - elsapy.elssearch - INFO - Module loaded.
2021-02-25 14:13:09,831 - elsapy.elsclient - INFO - Module loaded.
2021-02-25 14:13:10,106 - elsapy.elsentity - INFO - Module loaded.
2021-02-25 14:13:10,107 - elsapy.utils - INFO - Module loaded.
2021-02-25 14:13:10,107 - elsapy.elsprofile - INFO - Module loaded.
2021-02-25 14:13:10,108 - elsapy.elsdoc - INFO - Module loaded.
2021-02-25 14:13:10,108 - elsapy.elssearch - INFO - Module loaded.
2021-02-25 14:13:36,295 - elsapy.elsclient - INFO - Module loaded.
2021-02-25 14:13:36,567 - elsapy.elsentity - INFO - Module loaded.
2021-02-25 14:13:36,568 - elsapy.utils - INFO - Module loaded.
2021-02-25 14:13:36,568 - elsapy.elsprofile - INFO - Module loaded.
2021-02-25 14:13:36,569 - elsapy.elsdoc - INFO - Module loaded.
2021-02-25 14:13:36,570 - elsapy.elssearch - INFO - Module loaded.
2021-02-25 14:13:46,858 - elsapy.elsclient - INFO - Module loaded.
2021-02-25 14:13:47,142 - elsapy.elsentity - INFO - Module loaded.
2021-02-25 14:13:47,143 - elsapy.utils - INFO - Module loaded.
2021-02-25 14:13:47,143 - elsapy.elsprofile - INFO - Module loaded.
2021-02-25 14:13:47,144 - elsapy.elsdoc - INFO - Module loaded.
2021-02-25 14:13:47,144 - elsapy.elssearch - INFO - Module loaded.
2021-02-25 14:18:06,325 - elsapy.elsclient - INFO - Module loaded.
2021-02-25 14:18:06,602 - elsapy.elsentity - INFO - Module loaded.
2021-02-25 14:18:06,602 - elsapy.utils - INFO - Module loaded.
2021-02-25 14:18:06,603 - elsapy.elsprofile - INFO - Module loaded.
2021-02-25 14:18:06,603 - elsapy.elsdoc - INFO - Module loaded.
2021-02-25 14:18:06,604 - elsapy.elssearch - INFO - Module loaded.
2021-02-25 14:27:46,553 - elsapy.elsclient - INFO - Module loaded.
2021-02-25 14:27:46,841 - elsapy.elsentity - INFO - Module loaded.
2021-02-25 14:27:46,842 - elsapy.utils - INFO - Module loaded.
2021-02-25 14:27:46,842 - elsapy.elsprofile - INFO - Module loaded.
2021-02-25 14:27:46,843 - elsapy.elsdoc - INFO - Module loaded.
2021-02-25 14:27:46,844 - elsapy.elssearch - INFO - Module loaded.
2021-02-25 14:27:54,122 - elsapy.elsclient - INFO - Module loaded.
2021-02-25 14:27:54,395 - elsapy.elsentity - INFO - Module loaded.
2021-02-25 14:27:54,396 - elsapy.utils - INFO - Module loaded.
2021-02-25 14:27:54,396 - elsapy.elsprofile - INFO - Module loaded.
2021-02-25 14:27:54,397 - elsapy.elsdoc - INFO - Module loaded.
2021-02-25 14:27:54,398 - elsapy.elssearch - INFO - Module loaded.
2021-02-25 14:28:24,716 - elsapy.elsclient - INFO - Module loaded.
2021-02-25 14:28:24,990 - elsapy.elsentity - INFO - Module loaded.
2021-02-25 14:28:24,991 - elsapy.utils - INFO - Module loaded.
2021-02-25 14:28:24,991 - elsapy.elsprofile - INFO - Module loaded.
2021-02-25 14:28:24,992 - elsapy.elsdoc - INFO - Module loaded.
2021-02-25 14:28:24,992 - elsapy.elssearch - INFO - Module loaded.
