2021-02-23 11:01:26,697 - elsapy.elsclient - INFO - Module loaded.
2021-02-23 11:01:27,212 - elsapy.elsentity - INFO - Module loaded.
2021-02-23 11:01:27,213 - elsapy.utils - INFO - Module loaded.
2021-02-23 11:01:27,214 - elsapy.elsprofile - INFO - Module loaded.
2021-02-23 11:01:27,214 - elsapy.elsdoc - INFO - Module loaded.
2021-02-23 11:01:27,215 - elsapy.elssearch - INFO - Module loaded.
2021-02-23 11:49:36,975 - elsapy.elsclient - INFO - Module loaded.
2021-02-23 11:49:37,268 - elsapy.elsentity - INFO - Module loaded.
2021-02-23 11:49:37,268 - elsapy.utils - INFO - Module loaded.
2021-02-23 11:49:37,272 - elsapy.elsprofile - INFO - Module loaded.
2021-02-23 11:49:37,273 - elsapy.elsdoc - INFO - Module loaded.
2021-02-23 11:49:37,274 - elsapy.elssearch - INFO - Module loaded.
2021-02-23 12:03:27,332 - elsapy.elsclient - INFO - Module loaded.
2021-02-23 12:03:27,635 - elsapy.elsentity - INFO - Module loaded.
2021-02-23 12:03:27,636 - elsapy.utils - INFO - Module loaded.
2021-02-23 12:03:27,636 - elsapy.elsprofile - INFO - Module loaded.
2021-02-23 12:03:27,637 - elsapy.elsdoc - INFO - Module loaded.
2021-02-23 12:03:27,638 - elsapy.elssearch - INFO - Module loaded.
2021-02-23 12:04:21,757 - elsapy.elsclient - INFO - Module loaded.
2021-02-23 12:04:22,046 - elsapy.elsentity - INFO - Module loaded.
2021-02-23 12:04:22,047 - elsapy.utils - INFO - Module loaded.
2021-02-23 12:04:22,047 - elsapy.elsprofile - INFO - Module loaded.
2021-02-23 12:04:22,048 - elsapy.elsdoc - INFO - Module loaded.
2021-02-23 12:04:22,049 - elsapy.elssearch - INFO - Module loaded.
2021-02-23 12:05:04,608 - elsapy.elsclient - INFO - Module loaded.
2021-02-23 12:05:04,888 - elsapy.elsentity - INFO - Module loaded.
2021-02-23 12:05:04,889 - elsapy.utils - INFO - Module loaded.
2021-02-23 12:05:04,889 - elsapy.elsprofile - INFO - Module loaded.
2021-02-23 12:05:04,890 - elsapy.elsdoc - INFO - Module loaded.
2021-02-23 12:05:04,891 - elsapy.elssearch - INFO - Module loaded.
2021-02-23 12:05:12,212 - elsapy.elsclient - INFO - Module loaded.
2021-02-23 12:05:12,493 - elsapy.elsentity - INFO - Module loaded.
2021-02-23 12:05:12,494 - elsapy.utils - INFO - Module loaded.
2021-02-23 12:05:12,494 - elsapy.elsprofile - INFO - Module loaded.
2021-02-23 12:05:12,495 - elsapy.elsdoc - INFO - Module loaded.
2021-02-23 12:05:12,496 - elsapy.elssearch - INFO - Module loaded.
2021-02-23 12:05:36,673 - elsapy.elsclient - INFO - Module loaded.
2021-02-23 12:05:36,976 - elsapy.elsentity - INFO - Module loaded.
2021-02-23 12:05:36,977 - elsapy.utils - INFO - Module loaded.
2021-02-23 12:05:36,977 - elsapy.elsprofile - INFO - Module loaded.
2021-02-23 12:05:36,978 - elsapy.elsdoc - INFO - Module loaded.
2021-02-23 12:05:36,979 - elsapy.elssearch - INFO - Module loaded.
2021-02-23 12:06:09,925 - elsapy.elsclient - INFO - Module loaded.
2021-02-23 12:06:10,209 - elsapy.elsentity - INFO - Module loaded.
2021-02-23 12:06:10,210 - elsapy.utils - INFO - Module loaded.
2021-02-23 12:06:10,210 - elsapy.elsprofile - INFO - Module loaded.
2021-02-23 12:06:10,211 - elsapy.elsdoc - INFO - Module loaded.
2021-02-23 12:06:10,212 - elsapy.elssearch - INFO - Module loaded.
2021-02-23 12:06:35,481 - elsapy.elsclient - INFO - Module loaded.
2021-02-23 12:06:35,762 - elsapy.elsentity - INFO - Module loaded.
2021-02-23 12:06:35,763 - elsapy.utils - INFO - Module loaded.
2021-02-23 12:06:35,763 - elsapy.elsprofile - INFO - Module loaded.
2021-02-23 12:06:35,764 - elsapy.elsdoc - INFO - Module loaded.
2021-02-23 12:06:35,765 - elsapy.elssearch - INFO - Module loaded.
2021-02-23 12:08:40,162 - elsapy.elsclient - INFO - Module loaded.
2021-02-23 12:08:40,446 - elsapy.elsentity - INFO - Module loaded.
2021-02-23 12:08:40,447 - elsapy.utils - INFO - Module loaded.
2021-02-23 12:08:40,447 - elsapy.elsprofile - INFO - Module loaded.
2021-02-23 12:08:40,448 - elsapy.elsdoc - INFO - Module loaded.
2021-02-23 12:08:40,449 - elsapy.elssearch - INFO - Module loaded.
2021-02-23 12:09:11,264 - elsapy.elsclient - INFO - Module loaded.
2021-02-23 12:09:11,592 - elsapy.elsentity - INFO - Module loaded.
2021-02-23 12:09:11,592 - elsapy.utils - INFO - Module loaded.
2021-02-23 12:09:11,593 - elsapy.elsprofile - INFO - Module loaded.
2021-02-23 12:09:11,593 - elsapy.elsdoc - INFO - Module loaded.
2021-02-23 12:09:11,594 - elsapy.elssearch - INFO - Module loaded.
2021-02-23 12:10:16,605 - elsapy.elsclient - INFO - Module loaded.
2021-02-23 12:10:16,888 - elsapy.elsentity - INFO - Module loaded.
2021-02-23 12:10:16,889 - elsapy.utils - INFO - Module loaded.
2021-02-23 12:10:16,889 - elsapy.elsprofile - INFO - Module loaded.
2021-02-23 12:10:16,890 - elsapy.elsdoc - INFO - Module loaded.
2021-02-23 12:10:16,890 - elsapy.elssearch - INFO - Module loaded.
2021-02-23 12:18:22,514 - elsapy.elsclient - INFO - Module loaded.
2021-02-23 12:18:22,799 - elsapy.elsentity - INFO - Module loaded.
2021-02-23 12:18:22,799 - elsapy.utils - INFO - Module loaded.
2021-02-23 12:18:22,800 - elsapy.elsprofile - INFO - Module loaded.
2021-02-23 12:18:22,800 - elsapy.elsdoc - INFO - Module loaded.
2021-02-23 12:18:22,801 - elsapy.elssearch - INFO - Module loaded.
2021-02-23 12:18:28,973 - elsapy.elsclient - INFO - Module loaded.
2021-02-23 12:18:29,257 - elsapy.elsentity - INFO - Module loaded.
2021-02-23 12:18:29,258 - elsapy.utils - INFO - Module loaded.
2021-02-23 12:18:29,258 - elsapy.elsprofile - INFO - Module loaded.
2021-02-23 12:18:29,259 - elsapy.elsdoc - INFO - Module loaded.
2021-02-23 12:18:29,260 - elsapy.elssearch - INFO - Module loaded.
2021-02-23 12:18:42,927 - elsapy.elsclient - INFO - Module loaded.
2021-02-23 12:18:43,220 - elsapy.elsentity - INFO - Module loaded.
2021-02-23 12:18:43,221 - elsapy.utils - INFO - Module loaded.
2021-02-23 12:18:43,221 - elsapy.elsprofile - INFO - Module loaded.
2021-02-23 12:18:43,222 - elsapy.elsdoc - INFO - Module loaded.
2021-02-23 12:18:43,223 - elsapy.elssearch - INFO - Module loaded.
2021-02-23 12:18:48,448 - elsapy.elsclient - INFO - Module loaded.
2021-02-23 12:18:48,737 - elsapy.elsentity - INFO - Module loaded.
2021-02-23 12:18:48,737 - elsapy.utils - INFO - Module loaded.
2021-02-23 12:18:48,738 - elsapy.elsprofile - INFO - Module loaded.
2021-02-23 12:18:48,738 - elsapy.elsdoc - INFO - Module loaded.
2021-02-23 12:18:48,739 - elsapy.elssearch - INFO - Module loaded.
2021-02-23 12:18:58,124 - elsapy.elsclient - INFO - Module loaded.
2021-02-23 12:18:58,416 - elsapy.elsentity - INFO - Module loaded.
2021-02-23 12:18:58,417 - elsapy.utils - INFO - Module loaded.
2021-02-23 12:18:58,417 - elsapy.elsprofile - INFO - Module loaded.
2021-02-23 12:18:58,418 - elsapy.elsdoc - INFO - Module loaded.
2021-02-23 12:18:58,418 - elsapy.elssearch - INFO - Module loaded.
2021-02-23 12:19:26,786 - elsapy.elsclient - INFO - Module loaded.
2021-02-23 12:19:27,092 - elsapy.elsentity - INFO - Module loaded.
2021-02-23 12:19:27,093 - elsapy.utils - INFO - Module loaded.
2021-02-23 12:19:27,093 - elsapy.elsprofile - INFO - Module loaded.
2021-02-23 12:19:27,094 - elsapy.elsdoc - INFO - Module loaded.
2021-02-23 12:19:27,095 - elsapy.elssearch - INFO - Module loaded.
2021-02-23 12:20:38,371 - elsapy.elsclient - INFO - Module loaded.
2021-02-23 12:20:38,654 - elsapy.elsentity - INFO - Module loaded.
2021-02-23 12:20:38,655 - elsapy.utils - INFO - Module loaded.
2021-02-23 12:20:38,655 - elsapy.elsprofile - INFO - Module loaded.
2021-02-23 12:20:38,656 - elsapy.elsdoc - INFO - Module loaded.
2021-02-23 12:20:38,657 - elsapy.elssearch - INFO - Module loaded.
2021-02-23 12:21:15,326 - elsapy.elsclient - INFO - Module loaded.
2021-02-23 12:21:15,614 - elsapy.elsentity - INFO - Module loaded.
2021-02-23 12:21:15,614 - elsapy.utils - INFO - Module loaded.
2021-02-23 12:21:15,615 - elsapy.elsprofile - INFO - Module loaded.
2021-02-23 12:21:15,615 - elsapy.elsdoc - INFO - Module loaded.
2021-02-23 12:21:15,616 - elsapy.elssearch - INFO - Module loaded.
2021-02-23 12:21:50,443 - elsapy.elsclient - INFO - Module loaded.
2021-02-23 12:21:50,746 - elsapy.elsentity - INFO - Module loaded.
2021-02-23 12:21:50,747 - elsapy.utils - INFO - Module loaded.
2021-02-23 12:21:50,748 - elsapy.elsprofile - INFO - Module loaded.
2021-02-23 12:21:50,749 - elsapy.elsdoc - INFO - Module loaded.
2021-02-23 12:21:50,750 - elsapy.elssearch - INFO - Module loaded.
2021-02-23 12:22:32,882 - elsapy.elsclient - INFO - Module loaded.
2021-02-23 12:22:33,194 - elsapy.elsentity - INFO - Module loaded.
2021-02-23 12:22:33,195 - elsapy.utils - INFO - Module loaded.
2021-02-23 12:22:33,195 - elsapy.elsprofile - INFO - Module loaded.
2021-02-23 12:22:33,196 - elsapy.elsdoc - INFO - Module loaded.
2021-02-23 12:22:33,197 - elsapy.elssearch - INFO - Module loaded.
2021-02-23 12:23:06,917 - elsapy.elsclient - INFO - Module loaded.
2021-02-23 12:23:07,203 - elsapy.elsentity - INFO - Module loaded.
2021-02-23 12:23:07,204 - elsapy.utils - INFO - Module loaded.
2021-02-23 12:23:07,204 - elsapy.elsprofile - INFO - Module loaded.
2021-02-23 12:23:07,204 - elsapy.elsdoc - INFO - Module loaded.
2021-02-23 12:23:07,205 - elsapy.elssearch - INFO - Module loaded.
2021-02-23 12:23:41,417 - elsapy.elsclient - INFO - Module loaded.
2021-02-23 12:23:41,699 - elsapy.elsentity - INFO - Module loaded.
2021-02-23 12:23:41,699 - elsapy.utils - INFO - Module loaded.
2021-02-23 12:23:41,700 - elsapy.elsprofile - INFO - Module loaded.
2021-02-23 12:23:41,700 - elsapy.elsdoc - INFO - Module loaded.
2021-02-23 12:23:41,701 - elsapy.elssearch - INFO - Module loaded.
2021-02-23 12:23:46,925 - elsapy.elsclient - INFO - Module loaded.
2021-02-23 12:23:47,217 - elsapy.elsentity - INFO - Module loaded.
2021-02-23 12:23:47,218 - elsapy.utils - INFO - Module loaded.
2021-02-23 12:23:47,218 - elsapy.elsprofile - INFO - Module loaded.
2021-02-23 12:23:47,218 - elsapy.elsdoc - INFO - Module loaded.
2021-02-23 12:23:47,219 - elsapy.elssearch - INFO - Module loaded.
2021-02-23 12:23:53,534 - elsapy.elsclient - INFO - Module loaded.
2021-02-23 12:23:53,856 - elsapy.elsentity - INFO - Module loaded.
2021-02-23 12:23:53,857 - elsapy.utils - INFO - Module loaded.
2021-02-23 12:23:53,857 - elsapy.elsprofile - INFO - Module loaded.
2021-02-23 12:23:53,858 - elsapy.elsdoc - INFO - Module loaded.
2021-02-23 12:23:53,858 - elsapy.elssearch - INFO - Module loaded.
2021-02-23 12:24:55,565 - elsapy.elsclient - INFO - Module loaded.
2021-02-23 12:24:55,855 - elsapy.elsentity - INFO - Module loaded.
2021-02-23 12:24:55,856 - elsapy.utils - INFO - Module loaded.
2021-02-23 12:24:55,856 - elsapy.elsprofile - INFO - Module loaded.
2021-02-23 12:24:55,857 - elsapy.elsdoc - INFO - Module loaded.
2021-02-23 12:24:55,858 - elsapy.elssearch - INFO - Module loaded.
2021-02-23 12:25:00,018 - elsapy.elsclient - INFO - Module loaded.
2021-02-23 12:25:00,301 - elsapy.elsentity - INFO - Module loaded.
2021-02-23 12:25:00,302 - elsapy.utils - INFO - Module loaded.
2021-02-23 12:25:00,303 - elsapy.elsprofile - INFO - Module loaded.
2021-02-23 12:25:00,303 - elsapy.elsdoc - INFO - Module loaded.
2021-02-23 12:25:00,304 - elsapy.elssearch - INFO - Module loaded.
2021-02-23 12:25:23,806 - elsapy.elsclient - INFO - Module loaded.
2021-02-23 12:25:24,141 - elsapy.elsentity - INFO - Module loaded.
2021-02-23 12:25:24,142 - elsapy.utils - INFO - Module loaded.
2021-02-23 12:25:24,142 - elsapy.elsprofile - INFO - Module loaded.
2021-02-23 12:25:24,143 - elsapy.elsdoc - INFO - Module loaded.
2021-02-23 12:25:24,144 - elsapy.elssearch - INFO - Module loaded.
2021-02-23 12:25:48,849 - elsapy.elsclient - INFO - Module loaded.
2021-02-23 12:25:49,127 - elsapy.elsentity - INFO - Module loaded.
2021-02-23 12:25:49,128 - elsapy.utils - INFO - Module loaded.
2021-02-23 12:25:49,128 - elsapy.elsprofile - INFO - Module loaded.
2021-02-23 12:25:49,129 - elsapy.elsdoc - INFO - Module loaded.
2021-02-23 12:25:49,130 - elsapy.elssearch - INFO - Module loaded.
2021-02-23 12:26:59,235 - elsapy.elsclient - INFO - Module loaded.
2021-02-23 12:26:59,512 - elsapy.elsentity - INFO - Module loaded.
2021-02-23 12:26:59,513 - elsapy.utils - INFO - Module loaded.
2021-02-23 12:26:59,513 - elsapy.elsprofile - INFO - Module loaded.
2021-02-23 12:26:59,514 - elsapy.elsdoc - INFO - Module loaded.
2021-02-23 12:26:59,515 - elsapy.elssearch - INFO - Module loaded.
2021-02-23 12:27:21,629 - elsapy.elsclient - INFO - Module loaded.
2021-02-23 12:27:21,912 - elsapy.elsentity - INFO - Module loaded.
2021-02-23 12:27:21,913 - elsapy.utils - INFO - Module loaded.
2021-02-23 12:27:21,913 - elsapy.elsprofile - INFO - Module loaded.
2021-02-23 12:27:21,914 - elsapy.elsdoc - INFO - Module loaded.
2021-02-23 12:27:21,915 - elsapy.elssearch - INFO - Module loaded.
2021-02-23 12:27:37,472 - elsapy.elsclient - INFO - Module loaded.
2021-02-23 12:27:37,766 - elsapy.elsentity - INFO - Module loaded.
2021-02-23 12:27:37,767 - elsapy.utils - INFO - Module loaded.
2021-02-23 12:27:37,767 - elsapy.elsprofile - INFO - Module loaded.
2021-02-23 12:27:37,768 - elsapy.elsdoc - INFO - Module loaded.
2021-02-23 12:27:37,768 - elsapy.elssearch - INFO - Module loaded.
2021-02-23 12:27:54,614 - elsapy.elsclient - INFO - Module loaded.
2021-02-23 12:27:54,909 - elsapy.elsentity - INFO - Module loaded.
2021-02-23 12:27:54,910 - elsapy.utils - INFO - Module loaded.
2021-02-23 12:27:54,910 - elsapy.elsprofile - INFO - Module loaded.
2021-02-23 12:27:54,911 - elsapy.elsdoc - INFO - Module loaded.
2021-02-23 12:27:54,912 - elsapy.elssearch - INFO - Module loaded.
2021-02-23 12:28:26,536 - elsapy.elsclient - INFO - Module loaded.
2021-02-23 12:28:26,824 - elsapy.elsentity - INFO - Module loaded.
2021-02-23 12:28:26,825 - elsapy.utils - INFO - Module loaded.
2021-02-23 12:28:26,825 - elsapy.elsprofile - INFO - Module loaded.
2021-02-23 12:28:26,826 - elsapy.elsdoc - INFO - Module loaded.
2021-02-23 12:28:26,827 - elsapy.elssearch - INFO - Module loaded.
2021-02-23 12:28:58,406 - elsapy.elsclient - INFO - Module loaded.
2021-02-23 12:28:58,696 - elsapy.elsentity - INFO - Module loaded.
2021-02-23 12:28:58,697 - elsapy.utils - INFO - Module loaded.
2021-02-23 12:28:58,697 - elsapy.elsprofile - INFO - Module loaded.
2021-02-23 12:28:58,698 - elsapy.elsdoc - INFO - Module loaded.
2021-02-23 12:28:58,699 - elsapy.elssearch - INFO - Module loaded.
2021-02-23 12:29:18,653 - elsapy.elsclient - INFO - Module loaded.
2021-02-23 12:29:18,945 - elsapy.elsentity - INFO - Module loaded.
2021-02-23 12:29:18,946 - elsapy.utils - INFO - Module loaded.
2021-02-23 12:29:18,946 - elsapy.elsprofile - INFO - Module loaded.
2021-02-23 12:29:18,947 - elsapy.elsdoc - INFO - Module loaded.
2021-02-23 12:29:18,948 - elsapy.elssearch - INFO - Module loaded.
2021-02-23 12:29:21,009 - elsapy.elsclient - INFO - Module loaded.
2021-02-23 12:29:21,291 - elsapy.elsentity - INFO - Module loaded.
2021-02-23 12:29:21,292 - elsapy.utils - INFO - Module loaded.
2021-02-23 12:29:21,292 - elsapy.elsprofile - INFO - Module loaded.
2021-02-23 12:29:21,293 - elsapy.elsdoc - INFO - Module loaded.
2021-02-23 12:29:21,294 - elsapy.elssearch - INFO - Module loaded.
2021-02-23 12:29:57,190 - elsapy.elsclient - INFO - Module loaded.
2021-02-23 12:29:57,483 - elsapy.elsentity - INFO - Module loaded.
2021-02-23 12:29:57,484 - elsapy.utils - INFO - Module loaded.
2021-02-23 12:29:57,484 - elsapy.elsprofile - INFO - Module loaded.
2021-02-23 12:29:57,485 - elsapy.elsdoc - INFO - Module loaded.
2021-02-23 12:29:57,486 - elsapy.elssearch - INFO - Module loaded.
2021-02-23 12:30:15,687 - elsapy.elsclient - INFO - Module loaded.
2021-02-23 12:30:16,011 - elsapy.elsentity - INFO - Module loaded.
2021-02-23 12:30:16,012 - elsapy.utils - INFO - Module loaded.
2021-02-23 12:30:16,013 - elsapy.elsprofile - INFO - Module loaded.
2021-02-23 12:30:16,014 - elsapy.elsdoc - INFO - Module loaded.
2021-02-23 12:30:16,016 - elsapy.elssearch - INFO - Module loaded.
2021-02-23 12:30:27,835 - elsapy.elsclient - INFO - Module loaded.
2021-02-23 12:30:28,116 - elsapy.elsentity - INFO - Module loaded.
2021-02-23 12:30:28,117 - elsapy.utils - INFO - Module loaded.
2021-02-23 12:30:28,117 - elsapy.elsprofile - INFO - Module loaded.
2021-02-23 12:30:28,118 - elsapy.elsdoc - INFO - Module loaded.
2021-02-23 12:30:28,118 - elsapy.elssearch - INFO - Module loaded.
2021-02-23 12:31:28,793 - elsapy.elsclient - INFO - Module loaded.
2021-02-23 12:31:29,074 - elsapy.elsentity - INFO - Module loaded.
2021-02-23 12:31:29,075 - elsapy.utils - INFO - Module loaded.
2021-02-23 12:31:29,075 - elsapy.elsprofile - INFO - Module loaded.
2021-02-23 12:31:29,076 - elsapy.elsdoc - INFO - Module loaded.
2021-02-23 12:31:29,077 - elsapy.elssearch - INFO - Module loaded.
2021-02-23 12:34:21,488 - elsapy.elsclient - INFO - Module loaded.
2021-02-23 12:34:21,784 - elsapy.elsentity - INFO - Module loaded.
2021-02-23 12:34:21,785 - elsapy.utils - INFO - Module loaded.
2021-02-23 12:34:21,785 - elsapy.elsprofile - INFO - Module loaded.
2021-02-23 12:34:21,786 - elsapy.elsdoc - INFO - Module loaded.
2021-02-23 12:34:21,787 - elsapy.elssearch - INFO - Module loaded.
2021-02-23 12:35:00,775 - elsapy.elsclient - INFO - Module loaded.
2021-02-23 12:35:01,058 - elsapy.elsentity - INFO - Module loaded.
2021-02-23 12:35:01,059 - elsapy.utils - INFO - Module loaded.
2021-02-23 12:35:01,059 - elsapy.elsprofile - INFO - Module loaded.
2021-02-23 12:35:01,060 - elsapy.elsdoc - INFO - Module loaded.
2021-02-23 12:35:01,061 - elsapy.elssearch - INFO - Module loaded.
2021-02-23 12:35:34,770 - elsapy.elsclient - INFO - Module loaded.
2021-02-23 12:35:35,049 - elsapy.elsentity - INFO - Module loaded.
2021-02-23 12:35:35,050 - elsapy.utils - INFO - Module loaded.
2021-02-23 12:35:35,050 - elsapy.elsprofile - INFO - Module loaded.
2021-02-23 12:35:35,051 - elsapy.elsdoc - INFO - Module loaded.
2021-02-23 12:35:35,052 - elsapy.elssearch - INFO - Module loaded.
2021-02-23 12:35:47,662 - elsapy.elsclient - INFO - Module loaded.
2021-02-23 12:35:47,942 - elsapy.elsentity - INFO - Module loaded.
2021-02-23 12:35:47,943 - elsapy.utils - INFO - Module loaded.
2021-02-23 12:35:47,943 - elsapy.elsprofile - INFO - Module loaded.
2021-02-23 12:35:47,944 - elsapy.elsdoc - INFO - Module loaded.
2021-02-23 12:35:47,944 - elsapy.elssearch - INFO - Module loaded.
2021-02-23 12:35:56,292 - elsapy.elsclient - INFO - Module loaded.
2021-02-23 12:35:56,581 - elsapy.elsentity - INFO - Module loaded.
2021-02-23 12:35:56,581 - elsapy.utils - INFO - Module loaded.
2021-02-23 12:35:56,582 - elsapy.elsprofile - INFO - Module loaded.
2021-02-23 12:35:56,582 - elsapy.elsdoc - INFO - Module loaded.
2021-02-23 12:35:56,583 - elsapy.elssearch - INFO - Module loaded.
2021-02-23 12:35:59,690 - elsapy.elsclient - INFO - Module loaded.
2021-02-23 12:35:59,981 - elsapy.elsentity - INFO - Module loaded.
2021-02-23 12:35:59,982 - elsapy.utils - INFO - Module loaded.
2021-02-23 12:35:59,982 - elsapy.elsprofile - INFO - Module loaded.
2021-02-23 12:35:59,983 - elsapy.elsdoc - INFO - Module loaded.
2021-02-23 12:35:59,983 - elsapy.elssearch - INFO - Module loaded.
2021-02-23 12:36:17,845 - elsapy.elsclient - INFO - Module loaded.
2021-02-23 12:36:18,134 - elsapy.elsentity - INFO - Module loaded.
2021-02-23 12:36:18,136 - elsapy.utils - INFO - Module loaded.
2021-02-23 12:36:18,136 - elsapy.elsprofile - INFO - Module loaded.
2021-02-23 12:36:18,137 - elsapy.elsdoc - INFO - Module loaded.
2021-02-23 12:36:18,137 - elsapy.elssearch - INFO - Module loaded.
2021-02-23 12:36:20,202 - elsapy.elsclient - INFO - Module loaded.
2021-02-23 12:36:20,481 - elsapy.elsentity - INFO - Module loaded.
2021-02-23 12:36:20,482 - elsapy.utils - INFO - Module loaded.
2021-02-23 12:36:20,482 - elsapy.elsprofile - INFO - Module loaded.
2021-02-23 12:36:20,483 - elsapy.elsdoc - INFO - Module loaded.
2021-02-23 12:36:20,483 - elsapy.elssearch - INFO - Module loaded.
2021-02-23 12:36:22,512 - elsapy.elsclient - INFO - Module loaded.
2021-02-23 12:36:22,798 - elsapy.elsentity - INFO - Module loaded.
2021-02-23 12:36:22,798 - elsapy.utils - INFO - Module loaded.
2021-02-23 12:36:22,799 - elsapy.elsprofile - INFO - Module loaded.
2021-02-23 12:36:22,799 - elsapy.elsdoc - INFO - Module loaded.
2021-02-23 12:36:22,800 - elsapy.elssearch - INFO - Module loaded.
2021-02-23 12:36:49,078 - elsapy.elsclient - INFO - Module loaded.
2021-02-23 12:36:49,362 - elsapy.elsentity - INFO - Module loaded.
2021-02-23 12:36:49,363 - elsapy.utils - INFO - Module loaded.
2021-02-23 12:36:49,363 - elsapy.elsprofile - INFO - Module loaded.
2021-02-23 12:36:49,364 - elsapy.elsdoc - INFO - Module loaded.
2021-02-23 12:36:49,364 - elsapy.elssearch - INFO - Module loaded.
2021-02-23 12:37:09,370 - elsapy.elsclient - INFO - Module loaded.
2021-02-23 12:37:09,653 - elsapy.elsentity - INFO - Module loaded.
2021-02-23 12:37:09,654 - elsapy.utils - INFO - Module loaded.
2021-02-23 12:37:09,654 - elsapy.elsprofile - INFO - Module loaded.
2021-02-23 12:37:09,655 - elsapy.elsdoc - INFO - Module loaded.
2021-02-23 12:37:09,655 - elsapy.elssearch - INFO - Module loaded.
2021-02-23 12:37:38,085 - elsapy.elsclient - INFO - Module loaded.
2021-02-23 12:37:38,364 - elsapy.elsentity - INFO - Module loaded.
2021-02-23 12:37:38,365 - elsapy.utils - INFO - Module loaded.
2021-02-23 12:37:38,365 - elsapy.elsprofile - INFO - Module loaded.
2021-02-23 12:37:38,366 - elsapy.elsdoc - INFO - Module loaded.
2021-02-23 12:37:38,367 - elsapy.elssearch - INFO - Module loaded.
2021-02-23 12:39:47,963 - elsapy.elsclient - INFO - Module loaded.
2021-02-23 12:39:48,250 - elsapy.elsentity - INFO - Module loaded.
2021-02-23 12:39:48,250 - elsapy.utils - INFO - Module loaded.
2021-02-23 12:39:48,251 - elsapy.elsprofile - INFO - Module loaded.
2021-02-23 12:39:48,251 - elsapy.elsdoc - INFO - Module loaded.
2021-02-23 12:39:48,252 - elsapy.elssearch - INFO - Module loaded.
2021-02-23 12:39:56,636 - elsapy.elsclient - INFO - Module loaded.
2021-02-23 12:39:56,921 - elsapy.elsentity - INFO - Module loaded.
2021-02-23 12:39:56,921 - elsapy.utils - INFO - Module loaded.
2021-02-23 12:39:56,922 - elsapy.elsprofile - INFO - Module loaded.
2021-02-23 12:39:56,922 - elsapy.elsdoc - INFO - Module loaded.
2021-02-23 12:39:56,923 - elsapy.elssearch - INFO - Module loaded.
2021-02-23 12:40:29,203 - elsapy.elsclient - INFO - Module loaded.
2021-02-23 12:40:29,504 - elsapy.elsentity - INFO - Module loaded.
2021-02-23 12:40:29,504 - elsapy.utils - INFO - Module loaded.
2021-02-23 12:40:29,505 - elsapy.elsprofile - INFO - Module loaded.
2021-02-23 12:40:29,505 - elsapy.elsdoc - INFO - Module loaded.
2021-02-23 12:40:29,505 - elsapy.elssearch - INFO - Module loaded.
2021-02-23 12:40:41,048 - elsapy.elsclient - INFO - Module loaded.
2021-02-23 12:40:41,346 - elsapy.elsentity - INFO - Module loaded.
2021-02-23 12:40:41,347 - elsapy.utils - INFO - Module loaded.
2021-02-23 12:40:41,347 - elsapy.elsprofile - INFO - Module loaded.
2021-02-23 12:40:41,348 - elsapy.elsdoc - INFO - Module loaded.
2021-02-23 12:40:41,349 - elsapy.elssearch - INFO - Module loaded.
2021-02-23 12:42:09,449 - elsapy.elsclient - INFO - Module loaded.
2021-02-23 12:42:09,759 - elsapy.elsentity - INFO - Module loaded.
2021-02-23 12:42:09,759 - elsapy.utils - INFO - Module loaded.
2021-02-23 12:42:09,760 - elsapy.elsprofile - INFO - Module loaded.
2021-02-23 12:42:09,760 - elsapy.elsdoc - INFO - Module loaded.
2021-02-23 12:42:09,761 - elsapy.elssearch - INFO - Module loaded.
2021-02-23 12:50:28,181 - elsapy.elsclient - INFO - Module loaded.
2021-02-23 12:50:28,468 - elsapy.elsentity - INFO - Module loaded.
2021-02-23 12:50:28,469 - elsapy.utils - INFO - Module loaded.
2021-02-23 12:50:28,469 - elsapy.elsprofile - INFO - Module loaded.
2021-02-23 12:50:28,470 - elsapy.elsdoc - INFO - Module loaded.
2021-02-23 12:50:28,471 - elsapy.elssearch - INFO - Module loaded.
2021-02-23 12:50:38,984 - elsapy.elsclient - INFO - Module loaded.
2021-02-23 12:50:39,264 - elsapy.elsentity - INFO - Module loaded.
2021-02-23 12:50:39,264 - elsapy.utils - INFO - Module loaded.
2021-02-23 12:50:39,265 - elsapy.elsprofile - INFO - Module loaded.
2021-02-23 12:50:39,265 - elsapy.elsdoc - INFO - Module loaded.
2021-02-23 12:50:39,266 - elsapy.elssearch - INFO - Module loaded.
2021-02-23 14:42:06,084 - elsapy.elsclient - INFO - Module loaded.
2021-02-23 14:42:06,399 - elsapy.elsentity - INFO - Module loaded.
2021-02-23 14:42:06,400 - elsapy.utils - INFO - Module loaded.
2021-02-23 14:42:06,400 - elsapy.elsprofile - INFO - Module loaded.
2021-02-23 14:42:06,401 - elsapy.elsdoc - INFO - Module loaded.
2021-02-23 14:42:06,401 - elsapy.elssearch - INFO - Module loaded.
2021-02-23 16:50:44,316 - elsapy.elsclient - INFO - Module loaded.
2021-02-23 16:50:44,620 - elsapy.elsentity - INFO - Module loaded.
2021-02-23 16:50:44,621 - elsapy.utils - INFO - Module loaded.
2021-02-23 16:50:44,621 - elsapy.elsprofile - INFO - Module loaded.
2021-02-23 16:50:44,622 - elsapy.elsdoc - INFO - Module loaded.
2021-02-23 16:50:44,623 - elsapy.elssearch - INFO - Module loaded.
2021-02-23 20:24:48,015 - elsapy.elsclient - INFO - Module loaded.
2021-02-23 20:24:50,225 - elsapy.elsentity - INFO - Module loaded.
2021-02-23 20:24:50,227 - elsapy.utils - INFO - Module loaded.
2021-02-23 20:24:50,227 - elsapy.elsprofile - INFO - Module loaded.
2021-02-23 20:24:50,246 - elsapy.elsdoc - INFO - Module loaded.
2021-02-23 20:24:50,248 - elsapy.elssearch - INFO - Module loaded.
