2021-02-07 19:54:14,837 - elsapy.elsclient - INFO - Module loaded.
2021-02-07 19:54:14,839 - elsapy.elsentity - INFO - Module loaded.
2021-02-07 19:54:14,840 - elsapy.utils - INFO - Module loaded.
2021-02-07 19:54:14,840 - elsapy.elsprofile - INFO - Module loaded.
2021-02-07 19:54:14,858 - elsapy.elsdoc - INFO - Module loaded.
2021-02-07 19:54:14,859 - elsapy.elssearch - INFO - Module loaded.
2021-02-07 19:55:06,458 - elsapy.elsclient - INFO - Sending GET request to https://api.elsevier.com/content/article/doi/10.1093/qje/qjw024
2021-02-07 19:55:07,722 - elsapy.elsentity - WARNING - HTTP 404 Error from https://api.elsevier.com/content/article/doi/10.1093/qje/qjw024
and using headers {'X-ELS-APIKey': '7a286322cb3559da3442a03892947ae4', 'User-Agent': 'elsapy-v0.5.0', 'Accept': 'application/json'}:
{"service-error":{"status":{"statusCode":"RESOURCE_NOT_FOUND","statusText":"The resource specified cannot be found."}}}
2021-02-07 19:55:07,727 - elsapy.elsclient - INFO - Sending GET request to https://api.elsevier.com/content/article/doi/10.1016/S0921-8009(00)00164-6
2021-02-07 19:55:08,432 - elsapy.elsentity - INFO - Data loaded for https://api.elsevier.com/content/article/doi/10.1016/S0921-8009(00)00164-6
2021-02-07 19:55:08,450 - elsapy.elsentity - INFO - Wrote https://api.elsevier.com/content/article/doi/10.1016/S0921-8009(00)00164-6 to file
2021-02-07 19:55:08,452 - elsapy.elsclient - INFO - Sending GET request to https://api.elsevier.com/content/article/doi/10.4324/9780429046322-3
2021-02-07 19:55:09,830 - elsapy.elsentity - WARNING - HTTP 404 Error from https://api.elsevier.com/content/article/doi/10.4324/9780429046322-3
and using headers {'X-ELS-APIKey': '7a286322cb3559da3442a03892947ae4', 'User-Agent': 'elsapy-v0.5.0', 'Accept': 'application/json'}:
{"service-error":{"status":{"statusCode":"RESOURCE_NOT_FOUND","statusText":"The resource specified cannot be found."}}}
2021-02-07 19:55:09,835 - elsapy.elsclient - INFO - Sending GET request to https://api.elsevier.com/content/article/doi/10.1057/978-1-137-44254-3_12
2021-02-07 19:55:11,050 - elsapy.elsentity - WARNING - HTTP 404 Error from https://api.elsevier.com/content/article/doi/10.1057/978-1-137-44254-3_12
and using headers {'X-ELS-APIKey': '7a286322cb3559da3442a03892947ae4', 'User-Agent': 'elsapy-v0.5.0', 'Accept': 'application/json'}:
{"service-error":{"status":{"statusCode":"RESOURCE_NOT_FOUND","statusText":"The resource specified cannot be found."}}}
2021-02-07 19:55:11,052 - elsapy.elsclient - INFO - Sending GET request to https://api.elsevier.com/content/article/doi/10.1108/09653561011070376
2021-02-07 19:55:11,582 - elsapy.elsentity - WARNING - HTTP 404 Error from https://api.elsevier.com/content/article/doi/10.1108/09653561011070376
and using headers {'X-ELS-APIKey': '7a286322cb3559da3442a03892947ae4', 'User-Agent': 'elsapy-v0.5.0', 'Accept': 'application/json'}:
{"service-error":{"status":{"statusCode":"RESOURCE_NOT_FOUND","statusText":"The resource specified cannot be found."}}}
2021-02-07 19:55:11,584 - elsapy.elsclient - INFO - Sending GET request to https://api.elsevier.com/content/article/doi/10.1007/978-1-4020-4399-4_114
2021-02-07 19:55:12,013 - elsapy.elsentity - WARNING - HTTP 404 Error from https://api.elsevier.com/content/article/doi/10.1007/978-1-4020-4399-4_114
and using headers {'X-ELS-APIKey': '7a286322cb3559da3442a03892947ae4', 'User-Agent': 'elsapy-v0.5.0', 'Accept': 'application/json'}:
{"service-error":{"status":{"statusCode":"RESOURCE_NOT_FOUND","statusText":"The resource specified cannot be found."}}}
2021-02-07 19:55:12,015 - elsapy.elsclient - INFO - Sending GET request to https://api.elsevier.com/content/article/doi/10.1007/s11187-006-9012-3
2021-02-07 19:55:13,243 - elsapy.elsentity - WARNING - HTTP 404 Error from https://api.elsevier.com/content/article/doi/10.1007/s11187-006-9012-3
and using headers {'X-ELS-APIKey': '7a286322cb3559da3442a03892947ae4', 'User-Agent': 'elsapy-v0.5.0', 'Accept': 'application/json'}:
{"service-error":{"status":{"statusCode":"RESOURCE_NOT_FOUND","statusText":"The resource specified cannot be found."}}}
2021-02-07 19:55:13,249 - elsapy.elsclient - INFO - Sending GET request to https://api.elsevier.com/content/article/doi/10.1111/j.1540-6210.2006.00673.x
2021-02-07 19:55:13,667 - elsapy.elsentity - WARNING - HTTP 404 Error from https://api.elsevier.com/content/article/doi/10.1111/j.1540-6210.2006.00673.x
and using headers {'X-ELS-APIKey': '7a286322cb3559da3442a03892947ae4', 'User-Agent': 'elsapy-v0.5.0', 'Accept': 'application/json'}:
{"service-error":{"status":{"statusCode":"RESOURCE_NOT_FOUND","statusText":"The resource specified cannot be found."}}}
2021-02-07 19:55:13,670 - elsapy.elsclient - INFO - Sending GET request to https://api.elsevier.com/content/article/doi/10.2307/1061733
2021-02-07 19:55:14,835 - elsapy.elsentity - WARNING - HTTP 404 Error from https://api.elsevier.com/content/article/doi/10.2307/1061733
and using headers {'X-ELS-APIKey': '7a286322cb3559da3442a03892947ae4', 'User-Agent': 'elsapy-v0.5.0', 'Accept': 'application/json'}:
{"service-error":{"status":{"statusCode":"RESOURCE_NOT_FOUND","statusText":"The resource specified cannot be found."}}}
2021-02-07 19:55:14,837 - elsapy.elsclient - INFO - Sending GET request to https://api.elsevier.com/content/article/doi/10.1016/0304-3932(93)90025-B
2021-02-07 19:55:16,243 - elsapy.elsentity - INFO - Data loaded for https://api.elsevier.com/content/article/doi/10.1016/0304-3932(93)90025-B
2021-02-07 19:55:16,248 - elsapy.elsentity - INFO - Wrote https://api.elsevier.com/content/article/doi/10.1016/0304-3932(93)90025-B to file
2021-02-07 19:55:16,250 - elsapy.elsclient - INFO - Sending GET request to https://api.elsevier.com/content/article/doi/10.4324/9780429498893-10
2021-02-07 19:55:16,679 - elsapy.elsentity - WARNING - HTTP 404 Error from https://api.elsevier.com/content/article/doi/10.4324/9780429498893-10
and using headers {'X-ELS-APIKey': '7a286322cb3559da3442a03892947ae4', 'User-Agent': 'elsapy-v0.5.0', 'Accept': 'application/json'}:
{"service-error":{"status":{"statusCode":"RESOURCE_NOT_FOUND","statusText":"The resource specified cannot be found."}}}
2021-02-07 19:55:16,686 - elsapy.elsclient - INFO - Sending GET request to https://api.elsevier.com/content/article/doi/10.3390/jrfm13030055
2021-02-07 19:55:18,039 - elsapy.elsentity - WARNING - HTTP 404 Error from https://api.elsevier.com/content/article/doi/10.3390/jrfm13030055
and using headers {'X-ELS-APIKey': '7a286322cb3559da3442a03892947ae4', 'User-Agent': 'elsapy-v0.5.0', 'Accept': 'application/json'}:
{"service-error":{"status":{"statusCode":"RESOURCE_NOT_FOUND","statusText":"The resource specified cannot be found."}}}
2021-02-07 19:55:18,046 - elsapy.elsclient - INFO - Sending GET request to https://api.elsevier.com/content/article/doi/10.1017/S1744137410000378
2021-02-07 19:55:19,222 - elsapy.elsentity - WARNING - HTTP 404 Error from https://api.elsevier.com/content/article/doi/10.1017/S1744137410000378
and using headers {'X-ELS-APIKey': '7a286322cb3559da3442a03892947ae4', 'User-Agent': 'elsapy-v0.5.0', 'Accept': 'application/json'}:
{"service-error":{"status":{"statusCode":"RESOURCE_NOT_FOUND","statusText":"The resource specified cannot be found."}}}
2021-02-07 19:55:19,225 - elsapy.elsclient - INFO - Sending GET request to https://api.elsevier.com/content/article/doi/10.2307/422246
2021-02-07 19:55:19,621 - elsapy.elsentity - WARNING - HTTP 404 Error from https://api.elsevier.com/content/article/doi/10.2307/422246
and using headers {'X-ELS-APIKey': '7a286322cb3559da3442a03892947ae4', 'User-Agent': 'elsapy-v0.5.0', 'Accept': 'application/json'}:
{"service-error":{"status":{"statusCode":"RESOURCE_NOT_FOUND","statusText":"The resource specified cannot be found."}}}
2021-02-07 19:55:19,623 - elsapy.elsclient - INFO - Sending GET request to https://api.elsevier.com/content/article/doi/10.1007/978-3-030-48099-8_1
2021-02-07 19:55:20,845 - elsapy.elsentity - WARNING - HTTP 404 Error from https://api.elsevier.com/content/article/doi/10.1007/978-3-030-48099-8_1
and using headers {'X-ELS-APIKey': '7a286322cb3559da3442a03892947ae4', 'User-Agent': 'elsapy-v0.5.0', 'Accept': 'application/json'}:
{"service-error":{"status":{"statusCode":"RESOURCE_NOT_FOUND","statusText":"The resource specified cannot be found."}}}
2021-02-07 19:55:20,848 - elsapy.elsclient - INFO - Sending GET request to https://api.elsevier.com/content/article/doi/10.1023/A:1006884930135
2021-02-07 19:55:21,279 - elsapy.elsentity - WARNING - HTTP 404 Error from https://api.elsevier.com/content/article/doi/10.1023/A:1006884930135
and using headers {'X-ELS-APIKey': '7a286322cb3559da3442a03892947ae4', 'User-Agent': 'elsapy-v0.5.0', 'Accept': 'application/json'}:
{"service-error":{"status":{"statusCode":"RESOURCE_NOT_FOUND","statusText":"The resource specified cannot be found."}}}
2021-02-07 19:55:21,281 - elsapy.elsclient - INFO - Sending GET request to https://api.elsevier.com/content/article/doi/10.1016/j.jacceco.2018.08.011
2021-02-07 19:55:22,086 - elsapy.elsentity - INFO - Data loaded for https://api.elsevier.com/content/article/doi/10.1016/j.jacceco.2018.08.011
2021-02-07 19:55:22,092 - elsapy.elsentity - INFO - Wrote https://api.elsevier.com/content/article/doi/10.1016/j.jacceco.2018.08.011 to file
2021-02-07 19:55:22,094 - elsapy.elsclient - INFO - Sending GET request to https://api.elsevier.com/content/article/doi/10.1145/1342327.1342340
2021-02-07 19:55:23,298 - elsapy.elsentity - WARNING - HTTP 404 Error from https://api.elsevier.com/content/article/doi/10.1145/1342327.1342340
and using headers {'X-ELS-APIKey': '7a286322cb3559da3442a03892947ae4', 'User-Agent': 'elsapy-v0.5.0', 'Accept': 'application/json'}:
{"service-error":{"status":{"statusCode":"RESOURCE_NOT_FOUND","statusText":"The resource specified cannot be found."}}}
2021-02-07 19:55:23,300 - elsapy.elsclient - INFO - Sending GET request to https://api.elsevier.com/content/article/doi/10.1016/j.annemergmed.2011.10.002
2021-02-07 19:55:24,742 - elsapy.elsentity - INFO - Data loaded for https://api.elsevier.com/content/article/doi/10.1016/j.annemergmed.2011.10.002
2021-02-07 19:55:24,747 - elsapy.elsentity - INFO - Wrote https://api.elsevier.com/content/article/doi/10.1016/j.annemergmed.2011.10.002 to file
2021-02-07 19:55:24,749 - elsapy.elsclient - INFO - Sending GET request to https://api.elsevier.com/content/article/doi/10.1111/j.1467-9310.1989.tb00649.x
2021-02-07 19:55:25,953 - elsapy.elsentity - WARNING - HTTP 404 Error from https://api.elsevier.com/content/article/doi/10.1111/j.1467-9310.1989.tb00649.x
and using headers {'X-ELS-APIKey': '7a286322cb3559da3442a03892947ae4', 'User-Agent': 'elsapy-v0.5.0', 'Accept': 'application/json'}:
{"service-error":{"status":{"statusCode":"RESOURCE_NOT_FOUND","statusText":"The resource specified cannot be found."}}}
2021-02-07 19:55:25,956 - elsapy.elsclient - INFO - Sending GET request to https://api.elsevier.com/content/article/doi/10.1016/j.annemergmed.2013.10.015
2021-02-07 19:55:26,605 - elsapy.elsentity - INFO - Data loaded for https://api.elsevier.com/content/article/doi/10.1016/j.annemergmed.2013.10.015
2021-02-07 19:55:26,618 - elsapy.elsentity - INFO - Wrote https://api.elsevier.com/content/article/doi/10.1016/j.annemergmed.2013.10.015 to file
2021-02-07 19:55:26,622 - elsapy.elsclient - INFO - Sending GET request to https://api.elsevier.com/content/article/doi/10.1016/j.frl.2018.09.004
2021-02-07 19:55:27,313 - elsapy.elsentity - INFO - Data loaded for https://api.elsevier.com/content/article/doi/10.1016/j.frl.2018.09.004
2021-02-07 19:55:27,321 - elsapy.elsentity - INFO - Wrote https://api.elsevier.com/content/article/doi/10.1016/j.frl.2018.09.004 to file
2021-02-07 19:55:40,884 - elsapy.elsclient - INFO - Module loaded.
2021-02-07 19:55:40,886 - elsapy.elsentity - INFO - Module loaded.
2021-02-07 19:55:40,912 - elsapy.utils - INFO - Module loaded.
2021-02-07 19:55:40,912 - elsapy.elsprofile - INFO - Module loaded.
2021-02-07 19:55:40,914 - elsapy.elsdoc - INFO - Module loaded.
2021-02-07 19:55:40,915 - elsapy.elssearch - INFO - Module loaded.
2021-02-07 19:56:17,335 - elsapy.elsclient - INFO - Module loaded.
2021-02-07 19:56:17,336 - elsapy.elsentity - INFO - Module loaded.
2021-02-07 19:56:17,337 - elsapy.utils - INFO - Module loaded.
2021-02-07 19:56:17,338 - elsapy.elsprofile - INFO - Module loaded.
2021-02-07 19:56:17,357 - elsapy.elsdoc - INFO - Module loaded.
2021-02-07 19:56:17,358 - elsapy.elssearch - INFO - Module loaded.
2021-02-07 19:56:30,363 - elsapy.elsclient - INFO - Sending GET request to https://api.elsevier.com/content/article/doi/10.1093/qje/qjw024
2021-02-07 19:56:30,824 - elsapy.elsentity - WARNING - HTTP 404 Error from https://api.elsevier.com/content/article/doi/10.1093/qje/qjw024
and using headers {'X-ELS-APIKey': '7a286322cb3559da3442a03892947ae4', 'User-Agent': 'elsapy-v0.5.0', 'Accept': 'application/json'}:
{"service-error":{"status":{"statusCode":"RESOURCE_NOT_FOUND","statusText":"The resource specified cannot be found."}}}
2021-02-07 19:56:30,827 - elsapy.elsclient - INFO - Sending GET request to https://api.elsevier.com/content/article/doi/10.1016/S0921-8009(00)00164-6
2021-02-07 19:56:32,282 - elsapy.elsentity - INFO - Data loaded for https://api.elsevier.com/content/article/doi/10.1016/S0921-8009(00)00164-6
2021-02-07 19:56:32,288 - elsapy.elsentity - INFO - Wrote https://api.elsevier.com/content/article/doi/10.1016/S0921-8009(00)00164-6 to file
2021-02-07 19:56:32,290 - elsapy.elsclient - INFO - Sending GET request to https://api.elsevier.com/content/article/doi/10.4324/9780429046322-3
2021-02-07 19:56:32,725 - elsapy.elsentity - WARNING - HTTP 404 Error from https://api.elsevier.com/content/article/doi/10.4324/9780429046322-3
and using headers {'X-ELS-APIKey': '7a286322cb3559da3442a03892947ae4', 'User-Agent': 'elsapy-v0.5.0', 'Accept': 'application/json'}:
{"service-error":{"status":{"statusCode":"RESOURCE_NOT_FOUND","statusText":"The resource specified cannot be found."}}}
2021-02-07 19:56:32,727 - elsapy.elsclient - INFO - Sending GET request to https://api.elsevier.com/content/article/doi/10.1057/978-1-137-44254-3_12
2021-02-07 19:56:33,914 - elsapy.elsentity - WARNING - HTTP 404 Error from https://api.elsevier.com/content/article/doi/10.1057/978-1-137-44254-3_12
and using headers {'X-ELS-APIKey': '7a286322cb3559da3442a03892947ae4', 'User-Agent': 'elsapy-v0.5.0', 'Accept': 'application/json'}:
{"service-error":{"status":{"statusCode":"RESOURCE_NOT_FOUND","statusText":"The resource specified cannot be found."}}}
2021-02-07 19:56:33,916 - elsapy.elsclient - INFO - Sending GET request to https://api.elsevier.com/content/article/doi/10.1108/09653561011070376
2021-02-07 19:56:34,353 - elsapy.elsentity - WARNING - HTTP 404 Error from https://api.elsevier.com/content/article/doi/10.1108/09653561011070376
and using headers {'X-ELS-APIKey': '7a286322cb3559da3442a03892947ae4', 'User-Agent': 'elsapy-v0.5.0', 'Accept': 'application/json'}:
{"service-error":{"status":{"statusCode":"RESOURCE_NOT_FOUND","statusText":"The resource specified cannot be found."}}}
2021-02-07 19:56:34,355 - elsapy.elsclient - INFO - Sending GET request to https://api.elsevier.com/content/article/doi/10.1007/978-1-4020-4399-4_114
2021-02-07 19:56:35,576 - elsapy.elsentity - WARNING - HTTP 404 Error from https://api.elsevier.com/content/article/doi/10.1007/978-1-4020-4399-4_114
and using headers {'X-ELS-APIKey': '7a286322cb3559da3442a03892947ae4', 'User-Agent': 'elsapy-v0.5.0', 'Accept': 'application/json'}:
{"service-error":{"status":{"statusCode":"RESOURCE_NOT_FOUND","statusText":"The resource specified cannot be found."}}}
2021-02-07 19:56:35,586 - elsapy.elsclient - INFO - Sending GET request to https://api.elsevier.com/content/article/doi/10.1007/s11187-006-9012-3
2021-02-07 19:56:36,767 - elsapy.elsentity - WARNING - HTTP 404 Error from https://api.elsevier.com/content/article/doi/10.1007/s11187-006-9012-3
and using headers {'X-ELS-APIKey': '7a286322cb3559da3442a03892947ae4', 'User-Agent': 'elsapy-v0.5.0', 'Accept': 'application/json'}:
{"service-error":{"status":{"statusCode":"RESOURCE_NOT_FOUND","statusText":"The resource specified cannot be found."}}}
2021-02-07 19:56:36,769 - elsapy.elsclient - INFO - Sending GET request to https://api.elsevier.com/content/article/doi/10.1111/j.1540-6210.2006.00673.x
2021-02-07 19:56:37,211 - elsapy.elsentity - WARNING - HTTP 404 Error from https://api.elsevier.com/content/article/doi/10.1111/j.1540-6210.2006.00673.x
and using headers {'X-ELS-APIKey': '7a286322cb3559da3442a03892947ae4', 'User-Agent': 'elsapy-v0.5.0', 'Accept': 'application/json'}:
{"service-error":{"status":{"statusCode":"RESOURCE_NOT_FOUND","statusText":"The resource specified cannot be found."}}}
2021-02-07 19:56:37,214 - elsapy.elsclient - INFO - Sending GET request to https://api.elsevier.com/content/article/doi/10.2307/1061733
2021-02-07 19:56:37,645 - elsapy.elsentity - WARNING - HTTP 404 Error from https://api.elsevier.com/content/article/doi/10.2307/1061733
and using headers {'X-ELS-APIKey': '7a286322cb3559da3442a03892947ae4', 'User-Agent': 'elsapy-v0.5.0', 'Accept': 'application/json'}:
{"service-error":{"status":{"statusCode":"RESOURCE_NOT_FOUND","statusText":"The resource specified cannot be found."}}}
2021-02-07 19:56:37,648 - elsapy.elsclient - INFO - Sending GET request to https://api.elsevier.com/content/article/doi/10.1016/0304-3932(93)90025-B
2021-02-07 19:56:39,108 - elsapy.elsentity - INFO - Data loaded for https://api.elsevier.com/content/article/doi/10.1016/0304-3932(93)90025-B
2021-02-07 19:56:39,118 - elsapy.elsentity - INFO - Wrote https://api.elsevier.com/content/article/doi/10.1016/0304-3932(93)90025-B to file
2021-02-07 19:56:39,119 - elsapy.elsclient - INFO - Sending GET request to https://api.elsevier.com/content/article/doi/10.4324/9780429498893-10
2021-02-07 19:56:39,539 - elsapy.elsentity - WARNING - HTTP 404 Error from https://api.elsevier.com/content/article/doi/10.4324/9780429498893-10
and using headers {'X-ELS-APIKey': '7a286322cb3559da3442a03892947ae4', 'User-Agent': 'elsapy-v0.5.0', 'Accept': 'application/json'}:
{"service-error":{"status":{"statusCode":"RESOURCE_NOT_FOUND","statusText":"The resource specified cannot be found."}}}
2021-02-07 19:56:39,547 - elsapy.elsclient - INFO - Sending GET request to https://api.elsevier.com/content/article/doi/10.3390/jrfm13030055
2021-02-07 19:56:40,095 - elsapy.elsentity - WARNING - HTTP 404 Error from https://api.elsevier.com/content/article/doi/10.3390/jrfm13030055
and using headers {'X-ELS-APIKey': '7a286322cb3559da3442a03892947ae4', 'User-Agent': 'elsapy-v0.5.0', 'Accept': 'application/json'}:
{"service-error":{"status":{"statusCode":"RESOURCE_NOT_FOUND","statusText":"The resource specified cannot be found."}}}
2021-02-07 19:56:40,099 - elsapy.elsclient - INFO - Sending GET request to https://api.elsevier.com/content/article/doi/10.1017/S1744137410000378
2021-02-07 19:56:40,539 - elsapy.elsentity - WARNING - HTTP 404 Error from https://api.elsevier.com/content/article/doi/10.1017/S1744137410000378
and using headers {'X-ELS-APIKey': '7a286322cb3559da3442a03892947ae4', 'User-Agent': 'elsapy-v0.5.0', 'Accept': 'application/json'}:
{"service-error":{"status":{"statusCode":"RESOURCE_NOT_FOUND","statusText":"The resource specified cannot be found."}}}
2021-02-07 19:56:40,541 - elsapy.elsclient - INFO - Sending GET request to https://api.elsevier.com/content/article/doi/10.2307/422246
2021-02-07 19:56:40,976 - elsapy.elsentity - WARNING - HTTP 404 Error from https://api.elsevier.com/content/article/doi/10.2307/422246
and using headers {'X-ELS-APIKey': '7a286322cb3559da3442a03892947ae4', 'User-Agent': 'elsapy-v0.5.0', 'Accept': 'application/json'}:
{"service-error":{"status":{"statusCode":"RESOURCE_NOT_FOUND","statusText":"The resource specified cannot be found."}}}
2021-02-07 19:56:40,978 - elsapy.elsclient - INFO - Sending GET request to https://api.elsevier.com/content/article/doi/10.1007/978-3-030-48099-8_1
2021-02-07 19:56:42,244 - elsapy.elsentity - WARNING - HTTP 404 Error from https://api.elsevier.com/content/article/doi/10.1007/978-3-030-48099-8_1
and using headers {'X-ELS-APIKey': '7a286322cb3559da3442a03892947ae4', 'User-Agent': 'elsapy-v0.5.0', 'Accept': 'application/json'}:
{"service-error":{"status":{"statusCode":"RESOURCE_NOT_FOUND","statusText":"The resource specified cannot be found."}}}
2021-02-07 19:56:42,255 - elsapy.elsclient - INFO - Sending GET request to https://api.elsevier.com/content/article/doi/10.1023/A:1006884930135
2021-02-07 19:56:42,691 - elsapy.elsentity - WARNING - HTTP 404 Error from https://api.elsevier.com/content/article/doi/10.1023/A:1006884930135
and using headers {'X-ELS-APIKey': '7a286322cb3559da3442a03892947ae4', 'User-Agent': 'elsapy-v0.5.0', 'Accept': 'application/json'}:
{"service-error":{"status":{"statusCode":"RESOURCE_NOT_FOUND","statusText":"The resource specified cannot be found."}}}
2021-02-07 19:56:42,693 - elsapy.elsclient - INFO - Sending GET request to https://api.elsevier.com/content/article/doi/10.1016/j.jacceco.2018.08.011
2021-02-07 19:56:43,623 - elsapy.elsentity - INFO - Data loaded for https://api.elsevier.com/content/article/doi/10.1016/j.jacceco.2018.08.011
2021-02-07 19:56:43,630 - elsapy.elsentity - INFO - Wrote https://api.elsevier.com/content/article/doi/10.1016/j.jacceco.2018.08.011 to file
2021-02-07 19:56:43,630 - elsapy.elsclient - INFO - Sending GET request to https://api.elsevier.com/content/article/doi/10.1145/1342327.1342340
2021-02-07 19:56:44,047 - elsapy.elsentity - WARNING - HTTP 404 Error from https://api.elsevier.com/content/article/doi/10.1145/1342327.1342340
and using headers {'X-ELS-APIKey': '7a286322cb3559da3442a03892947ae4', 'User-Agent': 'elsapy-v0.5.0', 'Accept': 'application/json'}:
{"service-error":{"status":{"statusCode":"RESOURCE_NOT_FOUND","statusText":"The resource specified cannot be found."}}}
2021-02-07 19:56:44,050 - elsapy.elsclient - INFO - Sending GET request to https://api.elsevier.com/content/article/doi/10.1016/j.annemergmed.2011.10.002
2021-02-07 19:56:44,744 - elsapy.elsentity - INFO - Data loaded for https://api.elsevier.com/content/article/doi/10.1016/j.annemergmed.2011.10.002
2021-02-07 19:56:44,750 - elsapy.elsentity - INFO - Wrote https://api.elsevier.com/content/article/doi/10.1016/j.annemergmed.2011.10.002 to file
2021-02-07 19:56:44,752 - elsapy.elsclient - INFO - Sending GET request to https://api.elsevier.com/content/article/doi/10.1111/j.1467-9310.1989.tb00649.x
2021-02-07 19:56:45,189 - elsapy.elsentity - WARNING - HTTP 404 Error from https://api.elsevier.com/content/article/doi/10.1111/j.1467-9310.1989.tb00649.x
and using headers {'X-ELS-APIKey': '7a286322cb3559da3442a03892947ae4', 'User-Agent': 'elsapy-v0.5.0', 'Accept': 'application/json'}:
{"service-error":{"status":{"statusCode":"RESOURCE_NOT_FOUND","statusText":"The resource specified cannot be found."}}}
2021-02-07 19:56:45,191 - elsapy.elsclient - INFO - Sending GET request to https://api.elsevier.com/content/article/doi/10.1016/j.annemergmed.2013.10.015
2021-02-07 19:56:46,751 - elsapy.elsentity - INFO - Data loaded for https://api.elsevier.com/content/article/doi/10.1016/j.annemergmed.2013.10.015
2021-02-07 19:56:46,754 - elsapy.elsentity - INFO - Wrote https://api.elsevier.com/content/article/doi/10.1016/j.annemergmed.2013.10.015 to file
2021-02-07 19:56:46,755 - elsapy.elsclient - INFO - Sending GET request to https://api.elsevier.com/content/article/doi/10.1016/j.frl.2018.09.004
2021-02-07 19:56:48,275 - elsapy.elsentity - INFO - Data loaded for https://api.elsevier.com/content/article/doi/10.1016/j.frl.2018.09.004
2021-02-07 19:56:48,280 - elsapy.elsentity - INFO - Wrote https://api.elsevier.com/content/article/doi/10.1016/j.frl.2018.09.004 to file
2021-02-07 19:56:59,009 - elsapy.elsclient - INFO - Module loaded.
2021-02-07 19:56:59,011 - elsapy.elsentity - INFO - Module loaded.
2021-02-07 19:56:59,013 - elsapy.utils - INFO - Module loaded.
2021-02-07 19:56:59,013 - elsapy.elsprofile - INFO - Module loaded.
2021-02-07 19:56:59,032 - elsapy.elsdoc - INFO - Module loaded.
2021-02-07 19:56:59,033 - elsapy.elssearch - INFO - Module loaded.
2021-02-07 20:03:01,774 - elsapy.elsclient - INFO - Module loaded.
2021-02-07 20:03:01,776 - elsapy.elsentity - INFO - Module loaded.
2021-02-07 20:03:01,792 - elsapy.utils - INFO - Module loaded.
2021-02-07 20:03:01,793 - elsapy.elsprofile - INFO - Module loaded.
2021-02-07 20:03:01,794 - elsapy.elsdoc - INFO - Module loaded.
2021-02-07 20:03:01,795 - elsapy.elssearch - INFO - Module loaded.
2021-02-07 20:03:54,616 - elsapy.elsclient - INFO - Module loaded.
2021-02-07 20:03:54,618 - elsapy.elsentity - INFO - Module loaded.
2021-02-07 20:03:54,620 - elsapy.utils - INFO - Module loaded.
2021-02-07 20:03:54,620 - elsapy.elsprofile - INFO - Module loaded.
2021-02-07 20:03:54,638 - elsapy.elsdoc - INFO - Module loaded.
2021-02-07 20:03:54,639 - elsapy.elssearch - INFO - Module loaded.
2021-02-07 20:04:39,307 - elsapy.elsclient - INFO - Module loaded.
2021-02-07 20:04:39,309 - elsapy.elsentity - INFO - Module loaded.
2021-02-07 20:04:39,310 - elsapy.utils - INFO - Module loaded.
2021-02-07 20:04:39,310 - elsapy.elsprofile - INFO - Module loaded.
2021-02-07 20:04:39,326 - elsapy.elsdoc - INFO - Module loaded.
2021-02-07 20:04:39,328 - elsapy.elssearch - INFO - Module loaded.
2021-02-07 20:05:46,521 - elsapy.elsclient - INFO - Module loaded.
2021-02-07 20:05:46,523 - elsapy.elsentity - INFO - Module loaded.
2021-02-07 20:05:46,524 - elsapy.utils - INFO - Module loaded.
2021-02-07 20:05:46,524 - elsapy.elsprofile - INFO - Module loaded.
2021-02-07 20:05:46,525 - elsapy.elsdoc - INFO - Module loaded.
2021-02-07 20:05:46,526 - elsapy.elssearch - INFO - Module loaded.
2021-02-07 20:23:21,852 - elsapy.elsclient - INFO - Module loaded.
2021-02-07 20:23:21,855 - elsapy.elsentity - INFO - Module loaded.
2021-02-07 20:23:21,856 - elsapy.utils - INFO - Module loaded.
2021-02-07 20:23:21,856 - elsapy.elsprofile - INFO - Module loaded.
2021-02-07 20:23:21,878 - elsapy.elsdoc - INFO - Module loaded.
2021-02-07 20:23:21,879 - elsapy.elssearch - INFO - Module loaded.
2021-02-07 20:29:52,577 - elsapy.elsclient - INFO - Module loaded.
2021-02-07 20:29:52,594 - elsapy.elsentity - INFO - Module loaded.
2021-02-07 20:29:52,595 - elsapy.utils - INFO - Module loaded.
2021-02-07 20:29:52,595 - elsapy.elsprofile - INFO - Module loaded.
2021-02-07 20:29:52,596 - elsapy.elsdoc - INFO - Module loaded.
2021-02-07 20:29:52,597 - elsapy.elssearch - INFO - Module loaded.
2021-02-07 20:32:35,292 - elsapy.elsclient - INFO - Module loaded.
2021-02-07 20:32:35,294 - elsapy.elsentity - INFO - Module loaded.
2021-02-07 20:32:35,295 - elsapy.utils - INFO - Module loaded.
2021-02-07 20:32:35,296 - elsapy.elsprofile - INFO - Module loaded.
2021-02-07 20:32:35,317 - elsapy.elsdoc - INFO - Module loaded.
2021-02-07 20:32:35,319 - elsapy.elssearch - INFO - Module loaded.
2021-02-07 20:32:55,918 - elsapy.elsclient - INFO - Module loaded.
2021-02-07 20:32:55,919 - elsapy.elsentity - INFO - Module loaded.
2021-02-07 20:32:55,938 - elsapy.utils - INFO - Module loaded.
2021-02-07 20:32:55,939 - elsapy.elsprofile - INFO - Module loaded.
2021-02-07 20:32:55,940 - elsapy.elsdoc - INFO - Module loaded.
2021-02-07 20:32:55,942 - elsapy.elssearch - INFO - Module loaded.
2021-02-07 22:55:46,590 - elsapy.elsclient - INFO - Module loaded.
2021-02-07 22:55:46,592 - elsapy.elsentity - INFO - Module loaded.
2021-02-07 22:55:46,593 - elsapy.utils - INFO - Module loaded.
2021-02-07 22:55:46,593 - elsapy.elsprofile - INFO - Module loaded.
2021-02-07 22:55:46,594 - elsapy.elsdoc - INFO - Module loaded.
2021-02-07 22:55:46,595 - elsapy.elssearch - INFO - Module loaded.
