2021-02-03 15:24:48,073 - elsapy.elsclient - INFO - Module loaded.
2021-02-03 15:24:48,077 - elsapy.elsentity - INFO - Module loaded.
2021-02-03 15:24:48,094 - elsapy.utils - INFO - Module loaded.
2021-02-03 15:24:48,095 - elsapy.elsprofile - INFO - Module loaded.
2021-02-03 15:24:48,097 - elsapy.elsdoc - INFO - Module loaded.
2021-02-03 15:24:48,098 - elsapy.elssearch - INFO - Module loaded.
2021-02-03 15:28:14,670 - elsapy.elsclient - INFO - Module loaded.
2021-02-03 15:28:14,672 - elsapy.elsentity - INFO - Module loaded.
2021-02-03 15:28:14,690 - elsapy.utils - INFO - Module loaded.
2021-02-03 15:28:14,690 - elsapy.elsprofile - INFO - Module loaded.
2021-02-03 15:28:14,691 - elsapy.elsdoc - INFO - Module loaded.
2021-02-03 15:28:14,692 - elsapy.elssearch - INFO - Module loaded.
2021-02-03 15:30:25,429 - elsapy.elsclient - INFO - Module loaded.
2021-02-03 15:30:25,431 - elsapy.elsentity - INFO - Module loaded.
2021-02-03 15:30:25,432 - elsapy.utils - INFO - Module loaded.
2021-02-03 15:30:25,432 - elsapy.elsprofile - INFO - Module loaded.
2021-02-03 15:30:25,433 - elsapy.elsdoc - INFO - Module loaded.
2021-02-03 15:30:25,434 - elsapy.elssearch - INFO - Module loaded.
2021-02-03 15:34:48,585 - elsapy.elsclient - INFO - Module loaded.
2021-02-03 15:34:48,588 - elsapy.elsentity - INFO - Module loaded.
2021-02-03 15:34:48,609 - elsapy.utils - INFO - Module loaded.
2021-02-03 15:34:48,609 - elsapy.elsprofile - INFO - Module loaded.
2021-02-03 15:34:48,611 - elsapy.elsdoc - INFO - Module loaded.
2021-02-03 15:34:48,612 - elsapy.elssearch - INFO - Module loaded.
2021-02-03 15:37:55,263 - elsapy.elsclient - INFO - Module loaded.
2021-02-03 15:37:55,266 - elsapy.elsentity - INFO - Module loaded.
2021-02-03 15:37:55,267 - elsapy.utils - INFO - Module loaded.
2021-02-03 15:37:55,269 - elsapy.elsprofile - INFO - Module loaded.
2021-02-03 15:37:55,270 - elsapy.elsdoc - INFO - Module loaded.
2021-02-03 15:37:55,272 - elsapy.elssearch - INFO - Module loaded.
2021-02-03 15:39:02,331 - elsapy.elsclient - INFO - Module loaded.
2021-02-03 15:39:02,348 - elsapy.elsentity - INFO - Module loaded.
2021-02-03 15:39:02,349 - elsapy.utils - INFO - Module loaded.
2021-02-03 15:39:02,349 - elsapy.elsprofile - INFO - Module loaded.
2021-02-03 15:39:02,350 - elsapy.elsdoc - INFO - Module loaded.
2021-02-03 15:39:02,352 - elsapy.elssearch - INFO - Module loaded.
2021-02-03 15:39:38,695 - elsapy.elsclient - INFO - Module loaded.
2021-02-03 15:39:38,697 - elsapy.elsentity - INFO - Module loaded.
2021-02-03 15:39:38,699 - elsapy.utils - INFO - Module loaded.
2021-02-03 15:39:38,699 - elsapy.elsprofile - INFO - Module loaded.
2021-02-03 15:39:38,722 - elsapy.elsdoc - INFO - Module loaded.
2021-02-03 15:39:38,723 - elsapy.elssearch - INFO - Module loaded.
2021-02-03 15:39:48,430 - elsapy.elsclient - INFO - Module loaded.
2021-02-03 15:39:48,446 - elsapy.elsentity - INFO - Module loaded.
2021-02-03 15:39:48,447 - elsapy.utils - INFO - Module loaded.
2021-02-03 15:39:48,448 - elsapy.elsprofile - INFO - Module loaded.
2021-02-03 15:39:48,449 - elsapy.elsdoc - INFO - Module loaded.
2021-02-03 15:39:48,450 - elsapy.elssearch - INFO - Module loaded.
2021-02-03 15:39:53,784 - elsapy.elsclient - INFO - Module loaded.
2021-02-03 15:39:53,801 - elsapy.elsentity - INFO - Module loaded.
2021-02-03 15:39:53,802 - elsapy.utils - INFO - Module loaded.
2021-02-03 15:39:53,802 - elsapy.elsprofile - INFO - Module loaded.
2021-02-03 15:39:53,803 - elsapy.elsdoc - INFO - Module loaded.
2021-02-03 15:39:53,805 - elsapy.elssearch - INFO - Module loaded.
2021-02-03 15:39:59,051 - elsapy.elsclient - INFO - Module loaded.
2021-02-03 15:39:59,052 - elsapy.elsentity - INFO - Module loaded.
2021-02-03 15:39:59,053 - elsapy.utils - INFO - Module loaded.
2021-02-03 15:39:59,053 - elsapy.elsprofile - INFO - Module loaded.
2021-02-03 15:39:59,070 - elsapy.elsdoc - INFO - Module loaded.
2021-02-03 15:39:59,071 - elsapy.elssearch - INFO - Module loaded.
2021-02-03 15:40:29,695 - elsapy.elsclient - INFO - Module loaded.
2021-02-03 15:40:29,697 - elsapy.elsentity - INFO - Module loaded.
2021-02-03 15:40:29,698 - elsapy.utils - INFO - Module loaded.
2021-02-03 15:40:29,698 - elsapy.elsprofile - INFO - Module loaded.
2021-02-03 15:40:29,699 - elsapy.elsdoc - INFO - Module loaded.
2021-02-03 15:40:29,700 - elsapy.elssearch - INFO - Module loaded.
2021-02-03 15:40:46,546 - elsapy.elsclient - INFO - Module loaded.
2021-02-03 15:40:46,547 - elsapy.elsentity - INFO - Module loaded.
2021-02-03 15:40:46,548 - elsapy.utils - INFO - Module loaded.
2021-02-03 15:40:46,549 - elsapy.elsprofile - INFO - Module loaded.
2021-02-03 15:40:46,550 - elsapy.elsdoc - INFO - Module loaded.
2021-02-03 15:40:46,552 - elsapy.elssearch - INFO - Module loaded.
2021-02-03 15:41:33,666 - elsapy.elsclient - INFO - Module loaded.
2021-02-03 15:41:33,668 - elsapy.elsentity - INFO - Module loaded.
2021-02-03 15:41:33,670 - elsapy.utils - INFO - Module loaded.
2021-02-03 15:41:33,670 - elsapy.elsprofile - INFO - Module loaded.
2021-02-03 15:41:33,690 - elsapy.elsdoc - INFO - Module loaded.
2021-02-03 15:41:33,691 - elsapy.elssearch - INFO - Module loaded.
2021-02-03 15:41:38,111 - elsapy.elsclient - INFO - Module loaded.
2021-02-03 15:41:38,114 - elsapy.elsentity - INFO - Module loaded.
2021-02-03 15:41:38,114 - elsapy.utils - INFO - Module loaded.
2021-02-03 15:41:38,115 - elsapy.elsprofile - INFO - Module loaded.
2021-02-03 15:41:38,135 - elsapy.elsdoc - INFO - Module loaded.
2021-02-03 15:41:38,137 - elsapy.elssearch - INFO - Module loaded.
2021-02-03 15:43:04,318 - elsapy.elsclient - INFO - Module loaded.
2021-02-03 15:43:04,320 - elsapy.elsentity - INFO - Module loaded.
2021-02-03 15:43:04,321 - elsapy.utils - INFO - Module loaded.
2021-02-03 15:43:04,322 - elsapy.elsprofile - INFO - Module loaded.
2021-02-03 15:43:04,340 - elsapy.elsdoc - INFO - Module loaded.
2021-02-03 15:43:04,341 - elsapy.elssearch - INFO - Module loaded.
2021-02-03 15:43:21,332 - elsapy.elsclient - INFO - Module loaded.
2021-02-03 15:43:21,333 - elsapy.elsentity - INFO - Module loaded.
2021-02-03 15:43:21,335 - elsapy.utils - INFO - Module loaded.
2021-02-03 15:43:21,335 - elsapy.elsprofile - INFO - Module loaded.
2021-02-03 15:43:21,352 - elsapy.elsdoc - INFO - Module loaded.
2021-02-03 15:43:21,354 - elsapy.elssearch - INFO - Module loaded.
2021-02-03 15:43:28,911 - elsapy.elsclient - INFO - Module loaded.
2021-02-03 15:43:28,913 - elsapy.elsentity - INFO - Module loaded.
2021-02-03 15:43:28,913 - elsapy.utils - INFO - Module loaded.
2021-02-03 15:43:28,914 - elsapy.elsprofile - INFO - Module loaded.
2021-02-03 15:43:28,935 - elsapy.elsdoc - INFO - Module loaded.
2021-02-03 15:43:28,936 - elsapy.elssearch - INFO - Module loaded.
2021-02-03 15:43:37,522 - elsapy.elsclient - INFO - Module loaded.
2021-02-03 15:43:37,525 - elsapy.elsentity - INFO - Module loaded.
2021-02-03 15:43:37,526 - elsapy.utils - INFO - Module loaded.
2021-02-03 15:43:37,526 - elsapy.elsprofile - INFO - Module loaded.
2021-02-03 15:43:37,548 - elsapy.elsdoc - INFO - Module loaded.
2021-02-03 15:43:37,549 - elsapy.elssearch - INFO - Module loaded.
2021-02-03 15:44:19,054 - elsapy.elsclient - INFO - Module loaded.
2021-02-03 15:44:19,056 - elsapy.elsentity - INFO - Module loaded.
2021-02-03 15:44:19,057 - elsapy.utils - INFO - Module loaded.
2021-02-03 15:44:19,057 - elsapy.elsprofile - INFO - Module loaded.
2021-02-03 15:44:19,074 - elsapy.elsdoc - INFO - Module loaded.
2021-02-03 15:44:19,075 - elsapy.elssearch - INFO - Module loaded.
2021-02-03 15:44:33,899 - elsapy.elsclient - INFO - Module loaded.
2021-02-03 15:44:33,901 - elsapy.elsentity - INFO - Module loaded.
2021-02-03 15:44:33,902 - elsapy.utils - INFO - Module loaded.
2021-02-03 15:44:33,902 - elsapy.elsprofile - INFO - Module loaded.
2021-02-03 15:44:33,919 - elsapy.elsdoc - INFO - Module loaded.
2021-02-03 15:44:33,921 - elsapy.elssearch - INFO - Module loaded.
2021-02-03 15:44:40,086 - elsapy.elsclient - INFO - Module loaded.
2021-02-03 15:44:40,088 - elsapy.elsentity - INFO - Module loaded.
2021-02-03 15:44:40,089 - elsapy.utils - INFO - Module loaded.
2021-02-03 15:44:40,089 - elsapy.elsprofile - INFO - Module loaded.
2021-02-03 15:44:40,106 - elsapy.elsdoc - INFO - Module loaded.
2021-02-03 15:44:40,106 - elsapy.elssearch - INFO - Module loaded.
2021-02-03 15:44:45,336 - elsapy.elsclient - INFO - Module loaded.
2021-02-03 15:44:45,355 - elsapy.elsentity - INFO - Module loaded.
2021-02-03 15:44:45,356 - elsapy.utils - INFO - Module loaded.
2021-02-03 15:44:45,356 - elsapy.elsprofile - INFO - Module loaded.
2021-02-03 15:44:45,357 - elsapy.elsdoc - INFO - Module loaded.
2021-02-03 15:44:45,359 - elsapy.elssearch - INFO - Module loaded.
2021-02-03 15:46:19,706 - elsapy.elsclient - INFO - Module loaded.
2021-02-03 15:46:19,725 - elsapy.elsentity - INFO - Module loaded.
2021-02-03 15:46:19,726 - elsapy.utils - INFO - Module loaded.
2021-02-03 15:46:19,726 - elsapy.elsprofile - INFO - Module loaded.
2021-02-03 15:46:19,727 - elsapy.elsdoc - INFO - Module loaded.
2021-02-03 15:46:19,729 - elsapy.elssearch - INFO - Module loaded.
2021-02-03 15:46:20,709 - elsapy.elsclient - INFO - Sending GET request to https://api.elsevier.com/content/search/scidir?query=Transportation+%2B+Architecture
2021-02-03 15:46:22,585 - elsapy.elsclient - INFO - Sending GET request to https://api.elsevier.com/content/search/scidir?query=Transportation+%2B+Architecture
2021-02-03 16:04:59,142 - elsapy.elsclient - INFO - Module loaded.
2021-02-03 16:04:59,144 - elsapy.elsentity - INFO - Module loaded.
2021-02-03 16:04:59,145 - elsapy.utils - INFO - Module loaded.
2021-02-03 16:04:59,145 - elsapy.elsprofile - INFO - Module loaded.
2021-02-03 16:04:59,162 - elsapy.elsdoc - INFO - Module loaded.
2021-02-03 16:04:59,163 - elsapy.elssearch - INFO - Module loaded.
2021-02-03 16:05:00,143 - elsapy.elsclient - INFO - Sending GET request to https://api.elsevier.com/content/search/scidir?query=Transportation+%2B+Architecture
2021-02-03 16:05:02,295 - elsapy.elsclient - INFO - Sending GET request to https://api.elsevier.com/content/search/scidir?query=Transportation+%2B+Architecture
2021-02-03 16:05:23,883 - elsapy.elsclient - INFO - Module loaded.
2021-02-03 16:05:23,885 - elsapy.elsentity - INFO - Module loaded.
2021-02-03 16:05:23,886 - elsapy.utils - INFO - Module loaded.
2021-02-03 16:05:23,886 - elsapy.elsprofile - INFO - Module loaded.
2021-02-03 16:05:23,902 - elsapy.elsdoc - INFO - Module loaded.
2021-02-03 16:05:23,903 - elsapy.elssearch - INFO - Module loaded.
