2021-02-18 09:36:05,492 - elsapy.elsclient - INFO - Module loaded.
2021-02-18 09:36:05,823 - elsapy.elsentity - INFO - Module loaded.
2021-02-18 09:36:05,824 - elsapy.utils - INFO - Module loaded.
2021-02-18 09:36:05,824 - elsapy.elsprofile - INFO - Module loaded.
2021-02-18 09:36:05,825 - elsapy.elsdoc - INFO - Module loaded.
2021-02-18 09:36:05,826 - elsapy.elssearch - INFO - Module loaded.
2021-02-18 09:37:04,388 - elsapy.elsclient - INFO - Module loaded.
2021-02-18 09:37:04,726 - elsapy.elsentity - INFO - Module loaded.
2021-02-18 09:37:04,726 - elsapy.utils - INFO - Module loaded.
2021-02-18 09:37:04,727 - elsapy.elsprofile - INFO - Module loaded.
2021-02-18 09:37:04,728 - elsapy.elsdoc - INFO - Module loaded.
2021-02-18 09:37:04,729 - elsapy.elssearch - INFO - Module loaded.
2021-02-18 09:37:50,424 - elsapy.elsclient - INFO - Module loaded.
2021-02-18 09:37:50,727 - elsapy.elsentity - INFO - Module loaded.
2021-02-18 09:37:50,728 - elsapy.utils - INFO - Module loaded.
2021-02-18 09:37:50,728 - elsapy.elsprofile - INFO - Module loaded.
2021-02-18 09:37:50,729 - elsapy.elsdoc - INFO - Module loaded.
2021-02-18 09:37:50,729 - elsapy.elssearch - INFO - Module loaded.
2021-02-18 09:38:06,559 - elsapy.elsclient - INFO - Module loaded.
2021-02-18 09:38:06,849 - elsapy.elsentity - INFO - Module loaded.
2021-02-18 09:38:06,850 - elsapy.utils - INFO - Module loaded.
2021-02-18 09:38:06,850 - elsapy.elsprofile - INFO - Module loaded.
2021-02-18 09:38:06,851 - elsapy.elsdoc - INFO - Module loaded.
2021-02-18 09:38:06,851 - elsapy.elssearch - INFO - Module loaded.
2021-02-18 09:38:27,917 - elsapy.elsclient - INFO - Module loaded.
2021-02-18 09:38:28,194 - elsapy.elsentity - INFO - Module loaded.
2021-02-18 09:38:28,194 - elsapy.utils - INFO - Module loaded.
2021-02-18 09:38:28,195 - elsapy.elsprofile - INFO - Module loaded.
2021-02-18 09:38:28,195 - elsapy.elsdoc - INFO - Module loaded.
2021-02-18 09:38:28,196 - elsapy.elssearch - INFO - Module loaded.
2021-02-18 09:38:47,230 - elsapy.elsclient - INFO - Module loaded.
2021-02-18 09:38:47,644 - elsapy.elsentity - INFO - Module loaded.
2021-02-18 09:38:47,645 - elsapy.utils - INFO - Module loaded.
2021-02-18 09:38:47,645 - elsapy.elsprofile - INFO - Module loaded.
2021-02-18 09:38:47,646 - elsapy.elsdoc - INFO - Module loaded.
2021-02-18 09:38:47,647 - elsapy.elssearch - INFO - Module loaded.
2021-02-18 09:41:34,004 - elsapy.elsclient - INFO - Module loaded.
2021-02-18 09:41:34,322 - elsapy.elsentity - INFO - Module loaded.
2021-02-18 09:41:34,323 - elsapy.utils - INFO - Module loaded.
2021-02-18 09:41:34,323 - elsapy.elsprofile - INFO - Module loaded.
2021-02-18 09:41:34,324 - elsapy.elsdoc - INFO - Module loaded.
2021-02-18 09:41:34,325 - elsapy.elssearch - INFO - Module loaded.
2021-02-18 09:45:25,878 - elsapy.elsclient - INFO - Module loaded.
2021-02-18 09:45:26,163 - elsapy.elsentity - INFO - Module loaded.
2021-02-18 09:45:26,163 - elsapy.utils - INFO - Module loaded.
2021-02-18 09:45:26,164 - elsapy.elsprofile - INFO - Module loaded.
2021-02-18 09:45:26,164 - elsapy.elsdoc - INFO - Module loaded.
2021-02-18 09:45:26,165 - elsapy.elssearch - INFO - Module loaded.
2021-02-18 09:47:14,635 - elsapy.elsclient - INFO - Module loaded.
2021-02-18 09:47:14,935 - elsapy.elsentity - INFO - Module loaded.
2021-02-18 09:47:14,936 - elsapy.utils - INFO - Module loaded.
2021-02-18 09:47:14,936 - elsapy.elsprofile - INFO - Module loaded.
2021-02-18 09:47:14,937 - elsapy.elsdoc - INFO - Module loaded.
2021-02-18 09:47:14,937 - elsapy.elssearch - INFO - Module loaded.
2021-02-18 09:47:32,813 - elsapy.elsclient - INFO - Module loaded.
2021-02-18 09:47:33,115 - elsapy.elsentity - INFO - Module loaded.
2021-02-18 09:47:33,116 - elsapy.utils - INFO - Module loaded.
2021-02-18 09:47:33,116 - elsapy.elsprofile - INFO - Module loaded.
2021-02-18 09:47:33,117 - elsapy.elsdoc - INFO - Module loaded.
2021-02-18 09:47:33,118 - elsapy.elssearch - INFO - Module loaded.
2021-02-18 09:49:36,572 - elsapy.elsclient - INFO - Module loaded.
2021-02-18 09:49:36,862 - elsapy.elsentity - INFO - Module loaded.
2021-02-18 09:49:36,863 - elsapy.utils - INFO - Module loaded.
2021-02-18 09:49:36,863 - elsapy.elsprofile - INFO - Module loaded.
2021-02-18 09:49:36,864 - elsapy.elsdoc - INFO - Module loaded.
2021-02-18 09:49:36,865 - elsapy.elssearch - INFO - Module loaded.
2021-02-18 10:26:56,255 - elsapy.elsclient - INFO - Module loaded.
2021-02-18 10:26:56,546 - elsapy.elsentity - INFO - Module loaded.
2021-02-18 10:26:56,547 - elsapy.utils - INFO - Module loaded.
2021-02-18 10:26:56,547 - elsapy.elsprofile - INFO - Module loaded.
2021-02-18 10:26:56,548 - elsapy.elsdoc - INFO - Module loaded.
2021-02-18 10:26:56,549 - elsapy.elssearch - INFO - Module loaded.
2021-02-18 10:29:38,561 - elsapy.elsclient - INFO - Module loaded.
2021-02-18 10:29:38,904 - elsapy.elsentity - INFO - Module loaded.
2021-02-18 10:29:38,905 - elsapy.utils - INFO - Module loaded.
2021-02-18 10:29:38,905 - elsapy.elsprofile - INFO - Module loaded.
2021-02-18 10:29:38,906 - elsapy.elsdoc - INFO - Module loaded.
2021-02-18 10:29:38,907 - elsapy.elssearch - INFO - Module loaded.
2021-02-18 10:34:36,433 - elsapy.elsclient - INFO - Module loaded.
2021-02-18 10:34:36,765 - elsapy.elsentity - INFO - Module loaded.
2021-02-18 10:34:36,766 - elsapy.utils - INFO - Module loaded.
2021-02-18 10:34:36,766 - elsapy.elsprofile - INFO - Module loaded.
2021-02-18 10:34:36,767 - elsapy.elsdoc - INFO - Module loaded.
2021-02-18 10:34:36,768 - elsapy.elssearch - INFO - Module loaded.
2021-02-18 10:36:02,421 - elsapy.elsclient - INFO - Module loaded.
2021-02-18 10:36:02,738 - elsapy.elsentity - INFO - Module loaded.
2021-02-18 10:36:02,738 - elsapy.utils - INFO - Module loaded.
2021-02-18 10:36:02,739 - elsapy.elsprofile - INFO - Module loaded.
2021-02-18 10:36:02,739 - elsapy.elsdoc - INFO - Module loaded.
2021-02-18 10:36:02,740 - elsapy.elssearch - INFO - Module loaded.
2021-02-18 10:37:53,801 - elsapy.elsclient - INFO - Module loaded.
2021-02-18 10:37:54,145 - elsapy.elsentity - INFO - Module loaded.
2021-02-18 10:37:54,146 - elsapy.utils - INFO - Module loaded.
2021-02-18 10:37:54,146 - elsapy.elsprofile - INFO - Module loaded.
2021-02-18 10:37:54,147 - elsapy.elsdoc - INFO - Module loaded.
2021-02-18 10:37:54,148 - elsapy.elssearch - INFO - Module loaded.
2021-02-18 12:15:54,074 - elsapy.elsclient - INFO - Module loaded.
2021-02-18 12:15:54,364 - elsapy.elsentity - INFO - Module loaded.
2021-02-18 12:15:54,364 - elsapy.utils - INFO - Module loaded.
2021-02-18 12:15:54,365 - elsapy.elsprofile - INFO - Module loaded.
2021-02-18 12:15:54,365 - elsapy.elsdoc - INFO - Module loaded.
2021-02-18 12:15:54,366 - elsapy.elssearch - INFO - Module loaded.
2021-02-18 14:14:02,879 - elsapy.elsclient - INFO - Module loaded.
2021-02-18 14:14:03,181 - elsapy.elsentity - INFO - Module loaded.
2021-02-18 14:14:03,181 - elsapy.utils - INFO - Module loaded.
2021-02-18 14:14:03,182 - elsapy.elsprofile - INFO - Module loaded.
2021-02-18 14:14:03,182 - elsapy.elsdoc - INFO - Module loaded.
2021-02-18 14:14:03,183 - elsapy.elssearch - INFO - Module loaded.
