2021-02-24 16:08:32,910 - elsapy.elsclient - INFO - Module loaded.
2021-02-24 16:08:33,217 - elsapy.elsentity - INFO - Module loaded.
2021-02-24 16:08:33,218 - elsapy.utils - INFO - Module loaded.
2021-02-24 16:08:33,218 - elsapy.elsprofile - INFO - Module loaded.
2021-02-24 16:08:33,219 - elsapy.elsdoc - INFO - Module loaded.
2021-02-24 16:08:33,219 - elsapy.elssearch - INFO - Module loaded.
2021-02-24 16:12:13,507 - elsapy.elsclient - INFO - Module loaded.
2021-02-24 16:12:13,782 - elsapy.elsentity - INFO - Module loaded.
2021-02-24 16:12:13,783 - elsapy.utils - INFO - Module loaded.
2021-02-24 16:12:13,786 - elsapy.elsprofile - INFO - Module loaded.
2021-02-24 16:12:13,787 - elsapy.elsdoc - INFO - Module loaded.
2021-02-24 16:12:13,788 - elsapy.elssearch - INFO - Module loaded.
2021-02-24 16:12:18,918 - elsapy.elsclient - INFO - Module loaded.
2021-02-24 16:12:19,189 - elsapy.elsentity - INFO - Module loaded.
2021-02-24 16:12:19,190 - elsapy.utils - INFO - Module loaded.
2021-02-24 16:12:19,190 - elsapy.elsprofile - INFO - Module loaded.
2021-02-24 16:12:19,191 - elsapy.elsdoc - INFO - Module loaded.
2021-02-24 16:12:19,192 - elsapy.elssearch - INFO - Module loaded.
2021-02-24 19:25:58,719 - elsapy.elsclient - INFO - Module loaded.
2021-02-24 19:25:59,039 - elsapy.elsentity - INFO - Module loaded.
2021-02-24 19:25:59,039 - elsapy.utils - INFO - Module loaded.
2021-02-24 19:25:59,039 - elsapy.elsprofile - INFO - Module loaded.
2021-02-24 19:25:59,039 - elsapy.elsdoc - INFO - Module loaded.
2021-02-24 19:25:59,043 - elsapy.elssearch - INFO - Module loaded.
2021-02-24 19:30:36,569 - elsapy.elsclient - INFO - Module loaded.
2021-02-24 19:30:36,856 - elsapy.elsentity - INFO - Module loaded.
2021-02-24 19:30:36,857 - elsapy.utils - INFO - Module loaded.
2021-02-24 19:30:36,857 - elsapy.elsprofile - INFO - Module loaded.
2021-02-24 19:30:36,858 - elsapy.elsdoc - INFO - Module loaded.
2021-02-24 19:30:36,859 - elsapy.elssearch - INFO - Module loaded.
2021-02-24 19:31:28,835 - elsapy.elsclient - INFO - Module loaded.
2021-02-24 19:31:29,140 - elsapy.elsentity - INFO - Module loaded.
2021-02-24 19:31:29,141 - elsapy.utils - INFO - Module loaded.
2021-02-24 19:31:29,141 - elsapy.elsprofile - INFO - Module loaded.
2021-02-24 19:31:29,142 - elsapy.elsdoc - INFO - Module loaded.
2021-02-24 19:31:29,143 - elsapy.elssearch - INFO - Module loaded.
2021-02-24 19:31:54,632 - elsapy.elsclient - INFO - Module loaded.
2021-02-24 19:31:54,926 - elsapy.elsentity - INFO - Module loaded.
2021-02-24 19:31:54,927 - elsapy.utils - INFO - Module loaded.
2021-02-24 19:31:54,927 - elsapy.elsprofile - INFO - Module loaded.
2021-02-24 19:31:54,928 - elsapy.elsdoc - INFO - Module loaded.
2021-02-24 19:31:54,928 - elsapy.elssearch - INFO - Module loaded.
2021-02-24 20:55:57,340 - elsapy.elsclient - INFO - Module loaded.
2021-02-24 20:55:59,684 - elsapy.elsentity - INFO - Module loaded.
2021-02-24 20:55:59,686 - elsapy.utils - INFO - Module loaded.
2021-02-24 20:55:59,686 - elsapy.elsprofile - INFO - Module loaded.
2021-02-24 20:55:59,704 - elsapy.elsdoc - INFO - Module loaded.
2021-02-24 20:55:59,706 - elsapy.elssearch - INFO - Module loaded.
2021-02-24 20:59:23,163 - elsapy.elsclient - INFO - Module loaded.
2021-02-24 20:59:23,618 - elsapy.elsentity - INFO - Module loaded.
2021-02-24 20:59:23,620 - elsapy.utils - INFO - Module loaded.
2021-02-24 20:59:23,620 - elsapy.elsprofile - INFO - Module loaded.
2021-02-24 20:59:23,636 - elsapy.elsdoc - INFO - Module loaded.
2021-02-24 20:59:23,637 - elsapy.elssearch - INFO - Module loaded.
