2021-02-21 10:53:26,448 - elsapy.elsclient - INFO - Module loaded.
2021-02-21 10:53:31,041 - elsapy.elsentity - INFO - Module loaded.
2021-02-21 10:53:31,045 - elsapy.utils - INFO - Module loaded.
2021-02-21 10:53:31,046 - elsapy.elsprofile - INFO - Module loaded.
2021-02-21 10:53:31,050 - elsapy.elsdoc - INFO - Module loaded.
2021-02-21 10:53:31,054 - elsapy.elssearch - INFO - Module loaded.
2021-02-21 13:55:12,105 - elsapy.elsclient - INFO - Module loaded.
2021-02-21 13:55:13,259 - elsapy.elsentity - INFO - Module loaded.
2021-02-21 13:55:13,262 - elsapy.utils - INFO - Module loaded.
2021-02-21 13:55:13,263 - elsapy.elsprofile - INFO - Module loaded.
2021-02-21 13:55:13,266 - elsapy.elsdoc - INFO - Module loaded.
2021-02-21 13:55:13,269 - elsapy.elssearch - INFO - Module loaded.
2021-02-21 14:00:58,029 - elsapy.elsclient - INFO - Module loaded.
2021-02-21 14:00:58,795 - elsapy.elsentity - INFO - Module loaded.
2021-02-21 14:00:58,798 - elsapy.utils - INFO - Module loaded.
2021-02-21 14:00:58,798 - elsapy.elsprofile - INFO - Module loaded.
2021-02-21 14:00:58,800 - elsapy.elsdoc - INFO - Module loaded.
2021-02-21 14:00:58,803 - elsapy.elssearch - INFO - Module loaded.
2021-02-21 14:01:59,966 - elsapy.elsclient - INFO - Module loaded.
2021-02-21 14:02:00,788 - elsapy.elsentity - INFO - Module loaded.
2021-02-21 14:02:00,790 - elsapy.utils - INFO - Module loaded.
2021-02-21 14:02:00,791 - elsapy.elsprofile - INFO - Module loaded.
2021-02-21 14:02:00,794 - elsapy.elsdoc - INFO - Module loaded.
2021-02-21 14:02:00,796 - elsapy.elssearch - INFO - Module loaded.
