2021-02-04 09:42:11,242 - elsapy.elsclient - INFO - Module loaded.
2021-02-04 09:42:11,246 - elsapy.elsentity - INFO - Module loaded.
2021-02-04 09:42:11,247 - elsapy.utils - INFO - Module loaded.
2021-02-04 09:42:11,248 - elsapy.elsprofile - INFO - Module loaded.
2021-02-04 09:42:11,266 - elsapy.elsdoc - INFO - Module loaded.
2021-02-04 09:42:11,268 - elsapy.elssearch - INFO - Module loaded.
2021-02-04 09:42:12,243 - elsapy.elsclient - INFO - Sending GET request to https://api.elsevier.com/content/search/scidir?query=Transportation+%2B+Architecture
2021-02-04 09:42:14,820 - elsapy.elsclient - INFO - Sending GET request to https://api.elsevier.com/content/search/scidir?query=Transportation+%2B+Architecture
2021-02-04 09:42:21,443 - elsapy.elsclient - INFO - Module loaded.
2021-02-04 09:42:21,444 - elsapy.elsentity - INFO - Module loaded.
2021-02-04 09:42:21,461 - elsapy.utils - INFO - Module loaded.
2021-02-04 09:42:21,462 - elsapy.elsprofile - INFO - Module loaded.
2021-02-04 09:42:21,463 - elsapy.elsdoc - INFO - Module loaded.
2021-02-04 09:42:21,464 - elsapy.elssearch - INFO - Module loaded.
2021-02-04 09:42:22,444 - elsapy.elsclient - INFO - Sending GET request to https://api.elsevier.com/content/search/scidir?query=Transportation+%2B+Architecture
2021-02-04 09:42:24,930 - elsapy.elsclient - INFO - Sending GET request to https://api.elsevier.com/content/search/scidir?query=Transportation+%2B+Architecture
2021-02-04 09:43:27,195 - elsapy.elsclient - INFO - Module loaded.
2021-02-04 09:43:27,196 - elsapy.elsentity - INFO - Module loaded.
2021-02-04 09:43:27,197 - elsapy.utils - INFO - Module loaded.
2021-02-04 09:43:27,198 - elsapy.elsprofile - INFO - Module loaded.
2021-02-04 09:43:27,217 - elsapy.elsdoc - INFO - Module loaded.
2021-02-04 09:43:27,218 - elsapy.elssearch - INFO - Module loaded.
2021-02-04 09:59:00,361 - elsapy.elsclient - INFO - Module loaded.
2021-02-04 09:59:00,378 - elsapy.elsentity - INFO - Module loaded.
2021-02-04 09:59:00,379 - elsapy.utils - INFO - Module loaded.
2021-02-04 09:59:00,379 - elsapy.elsprofile - INFO - Module loaded.
2021-02-04 09:59:00,380 - elsapy.elsdoc - INFO - Module loaded.
2021-02-04 09:59:00,381 - elsapy.elssearch - INFO - Module loaded.
2021-02-04 14:09:58,946 - elsapy.elsclient - INFO - Module loaded.
2021-02-04 14:09:58,951 - elsapy.elsentity - INFO - Module loaded.
2021-02-04 14:09:58,970 - elsapy.utils - INFO - Module loaded.
2021-02-04 14:09:58,971 - elsapy.elsprofile - INFO - Module loaded.
2021-02-04 14:09:58,973 - elsapy.elsdoc - INFO - Module loaded.
2021-02-04 14:09:58,974 - elsapy.elssearch - INFO - Module loaded.
2021-02-04 14:11:04,765 - elsapy.elsclient - INFO - Module loaded.
2021-02-04 14:11:04,767 - elsapy.elsentity - INFO - Module loaded.
2021-02-04 14:11:04,787 - elsapy.utils - INFO - Module loaded.
2021-02-04 14:11:04,787 - elsapy.elsprofile - INFO - Module loaded.
2021-02-04 14:11:04,790 - elsapy.elsdoc - INFO - Module loaded.
2021-02-04 14:11:04,792 - elsapy.elssearch - INFO - Module loaded.
