2021-02-08 11:36:13,733 - elsapy.elsclient - INFO - Module loaded.
2021-02-08 11:36:13,734 - elsapy.elsentity - INFO - Module loaded.
2021-02-08 11:36:13,735 - elsapy.utils - INFO - Module loaded.
2021-02-08 11:36:13,735 - elsapy.elsprofile - INFO - Module loaded.
2021-02-08 11:36:13,737 - elsapy.elsdoc - INFO - Module loaded.
2021-02-08 11:36:13,737 - elsapy.elssearch - INFO - Module loaded.
2021-02-08 11:45:13,178 - elsapy.elsclient - INFO - Module loaded.
2021-02-08 11:45:13,179 - elsapy.elsentity - INFO - Module loaded.
2021-02-08 11:45:13,180 - elsapy.utils - INFO - Module loaded.
2021-02-08 11:45:13,183 - elsapy.elsprofile - INFO - Module loaded.
2021-02-08 11:45:13,184 - elsapy.elsdoc - INFO - Module loaded.
2021-02-08 11:45:13,185 - elsapy.elssearch - INFO - Module loaded.
2021-02-08 11:45:43,814 - elsapy.elsclient - INFO - Module loaded.
2021-02-08 11:45:43,815 - elsapy.elsentity - INFO - Module loaded.
2021-02-08 11:45:43,815 - elsapy.utils - INFO - Module loaded.
2021-02-08 11:45:43,816 - elsapy.elsprofile - INFO - Module loaded.
2021-02-08 11:45:43,816 - elsapy.elsdoc - INFO - Module loaded.
2021-02-08 11:45:43,817 - elsapy.elssearch - INFO - Module loaded.
2021-02-08 11:57:40,331 - elsapy.elsclient - INFO - Module loaded.
2021-02-08 11:57:40,332 - elsapy.elsentity - INFO - Module loaded.
2021-02-08 11:57:40,333 - elsapy.utils - INFO - Module loaded.
2021-02-08 11:57:40,333 - elsapy.elsprofile - INFO - Module loaded.
2021-02-08 11:57:40,334 - elsapy.elsdoc - INFO - Module loaded.
2021-02-08 11:57:40,335 - elsapy.elssearch - INFO - Module loaded.
2021-02-08 11:58:38,024 - elsapy.elsclient - INFO - Module loaded.
2021-02-08 11:58:38,025 - elsapy.elsentity - INFO - Module loaded.
2021-02-08 11:58:38,026 - elsapy.utils - INFO - Module loaded.
2021-02-08 11:58:38,026 - elsapy.elsprofile - INFO - Module loaded.
2021-02-08 11:58:38,027 - elsapy.elsdoc - INFO - Module loaded.
2021-02-08 11:58:38,028 - elsapy.elssearch - INFO - Module loaded.
2021-02-08 12:01:15,248 - elsapy.elsclient - INFO - Module loaded.
2021-02-08 12:01:15,250 - elsapy.elsentity - INFO - Module loaded.
2021-02-08 12:01:15,250 - elsapy.utils - INFO - Module loaded.
2021-02-08 12:01:15,251 - elsapy.elsprofile - INFO - Module loaded.
2021-02-08 12:01:15,251 - elsapy.elsdoc - INFO - Module loaded.
2021-02-08 12:01:15,252 - elsapy.elssearch - INFO - Module loaded.
2021-02-08 12:01:21,726 - elsapy.elsclient - INFO - Module loaded.
2021-02-08 12:01:21,727 - elsapy.elsentity - INFO - Module loaded.
2021-02-08 12:01:21,728 - elsapy.utils - INFO - Module loaded.
2021-02-08 12:01:21,728 - elsapy.elsprofile - INFO - Module loaded.
2021-02-08 12:01:21,728 - elsapy.elsdoc - INFO - Module loaded.
2021-02-08 12:01:21,729 - elsapy.elssearch - INFO - Module loaded.
2021-02-08 12:01:39,721 - elsapy.elsclient - INFO - Module loaded.
2021-02-08 12:01:39,722 - elsapy.elsentity - INFO - Module loaded.
2021-02-08 12:01:39,723 - elsapy.utils - INFO - Module loaded.
2021-02-08 12:01:39,723 - elsapy.elsprofile - INFO - Module loaded.
2021-02-08 12:01:39,724 - elsapy.elsdoc - INFO - Module loaded.
2021-02-08 12:01:39,725 - elsapy.elssearch - INFO - Module loaded.
2021-02-08 12:02:11,354 - elsapy.elsclient - INFO - Module loaded.
2021-02-08 12:02:11,355 - elsapy.elsentity - INFO - Module loaded.
2021-02-08 12:02:11,356 - elsapy.utils - INFO - Module loaded.
2021-02-08 12:02:11,356 - elsapy.elsprofile - INFO - Module loaded.
2021-02-08 12:02:11,357 - elsapy.elsdoc - INFO - Module loaded.
2021-02-08 12:02:11,357 - elsapy.elssearch - INFO - Module loaded.
2021-02-08 12:02:15,728 - elsapy.elsclient - INFO - Module loaded.
2021-02-08 12:02:15,729 - elsapy.elsentity - INFO - Module loaded.
2021-02-08 12:02:15,729 - elsapy.utils - INFO - Module loaded.
2021-02-08 12:02:15,730 - elsapy.elsprofile - INFO - Module loaded.
2021-02-08 12:02:15,730 - elsapy.elsdoc - INFO - Module loaded.
2021-02-08 12:02:15,731 - elsapy.elssearch - INFO - Module loaded.
2021-02-08 12:06:47,719 - elsapy.elsclient - INFO - Module loaded.
2021-02-08 12:06:47,720 - elsapy.elsentity - INFO - Module loaded.
2021-02-08 12:06:47,721 - elsapy.utils - INFO - Module loaded.
2021-02-08 12:06:47,721 - elsapy.elsprofile - INFO - Module loaded.
2021-02-08 12:06:47,722 - elsapy.elsdoc - INFO - Module loaded.
2021-02-08 12:06:47,723 - elsapy.elssearch - INFO - Module loaded.
2021-02-08 12:09:06,482 - elsapy.elsclient - INFO - Module loaded.
2021-02-08 12:09:06,483 - elsapy.elsentity - INFO - Module loaded.
2021-02-08 12:09:06,484 - elsapy.utils - INFO - Module loaded.
2021-02-08 12:09:06,484 - elsapy.elsprofile - INFO - Module loaded.
2021-02-08 12:09:06,485 - elsapy.elsdoc - INFO - Module loaded.
2021-02-08 12:09:06,486 - elsapy.elssearch - INFO - Module loaded.
2021-02-08 12:12:16,543 - elsapy.elsclient - INFO - Module loaded.
2021-02-08 12:12:16,544 - elsapy.elsentity - INFO - Module loaded.
2021-02-08 12:12:16,545 - elsapy.utils - INFO - Module loaded.
2021-02-08 12:12:16,545 - elsapy.elsprofile - INFO - Module loaded.
2021-02-08 12:12:16,546 - elsapy.elsdoc - INFO - Module loaded.
2021-02-08 12:12:16,547 - elsapy.elssearch - INFO - Module loaded.
2021-02-08 12:13:28,000 - elsapy.elsclient - INFO - Module loaded.
2021-02-08 12:13:28,002 - elsapy.elsentity - INFO - Module loaded.
2021-02-08 12:13:28,002 - elsapy.utils - INFO - Module loaded.
2021-02-08 12:13:28,003 - elsapy.elsprofile - INFO - Module loaded.
2021-02-08 12:13:28,003 - elsapy.elsdoc - INFO - Module loaded.
2021-02-08 12:13:28,004 - elsapy.elssearch - INFO - Module loaded.
2021-02-08 12:14:04,922 - elsapy.elsclient - INFO - Module loaded.
2021-02-08 12:14:04,923 - elsapy.elsentity - INFO - Module loaded.
2021-02-08 12:14:04,923 - elsapy.utils - INFO - Module loaded.
2021-02-08 12:14:04,924 - elsapy.elsprofile - INFO - Module loaded.
2021-02-08 12:14:04,924 - elsapy.elsdoc - INFO - Module loaded.
2021-02-08 12:14:04,925 - elsapy.elssearch - INFO - Module loaded.
2021-02-08 12:17:00,699 - elsapy.elsclient - INFO - Module loaded.
2021-02-08 12:17:00,700 - elsapy.elsentity - INFO - Module loaded.
2021-02-08 12:17:00,701 - elsapy.utils - INFO - Module loaded.
2021-02-08 12:17:00,701 - elsapy.elsprofile - INFO - Module loaded.
2021-02-08 12:17:00,702 - elsapy.elsdoc - INFO - Module loaded.
2021-02-08 12:17:00,702 - elsapy.elssearch - INFO - Module loaded.
2021-02-08 12:17:20,417 - elsapy.elsclient - INFO - Module loaded.
2021-02-08 12:17:20,418 - elsapy.elsentity - INFO - Module loaded.
2021-02-08 12:17:20,419 - elsapy.utils - INFO - Module loaded.
2021-02-08 12:17:20,419 - elsapy.elsprofile - INFO - Module loaded.
2021-02-08 12:17:20,420 - elsapy.elsdoc - INFO - Module loaded.
2021-02-08 12:17:20,420 - elsapy.elssearch - INFO - Module loaded.
2021-02-08 12:45:12,540 - elsapy.elsclient - INFO - Module loaded.
2021-02-08 12:45:12,541 - elsapy.elsentity - INFO - Module loaded.
2021-02-08 12:45:12,542 - elsapy.utils - INFO - Module loaded.
2021-02-08 12:45:12,542 - elsapy.elsprofile - INFO - Module loaded.
2021-02-08 12:45:12,543 - elsapy.elsdoc - INFO - Module loaded.
2021-02-08 12:45:12,543 - elsapy.elssearch - INFO - Module loaded.
2021-02-08 12:46:21,024 - elsapy.elsclient - INFO - Module loaded.
2021-02-08 12:46:21,026 - elsapy.elsentity - INFO - Module loaded.
2021-02-08 12:46:21,026 - elsapy.utils - INFO - Module loaded.
2021-02-08 12:46:21,027 - elsapy.elsprofile - INFO - Module loaded.
2021-02-08 12:46:21,027 - elsapy.elsdoc - INFO - Module loaded.
2021-02-08 12:46:21,028 - elsapy.elssearch - INFO - Module loaded.
2021-02-08 12:52:46,267 - elsapy.elsclient - INFO - Module loaded.
2021-02-08 12:52:46,268 - elsapy.elsentity - INFO - Module loaded.
2021-02-08 12:52:46,269 - elsapy.utils - INFO - Module loaded.
2021-02-08 12:52:46,269 - elsapy.elsprofile - INFO - Module loaded.
2021-02-08 12:52:46,270 - elsapy.elsdoc - INFO - Module loaded.
2021-02-08 12:52:46,271 - elsapy.elssearch - INFO - Module loaded.
2021-02-08 13:31:38,352 - elsapy.elsclient - INFO - Module loaded.
2021-02-08 13:31:38,353 - elsapy.elsentity - INFO - Module loaded.
2021-02-08 13:31:38,355 - elsapy.utils - INFO - Module loaded.
2021-02-08 13:31:38,355 - elsapy.elsprofile - INFO - Module loaded.
2021-02-08 13:31:38,356 - elsapy.elsdoc - INFO - Module loaded.
2021-02-08 13:31:38,356 - elsapy.elssearch - INFO - Module loaded.
2021-02-08 13:38:21,032 - elsapy.elsclient - INFO - Module loaded.
2021-02-08 13:38:21,033 - elsapy.elsentity - INFO - Module loaded.
2021-02-08 13:38:21,034 - elsapy.utils - INFO - Module loaded.
2021-02-08 13:38:21,034 - elsapy.elsprofile - INFO - Module loaded.
2021-02-08 13:38:21,035 - elsapy.elsdoc - INFO - Module loaded.
2021-02-08 13:38:21,036 - elsapy.elssearch - INFO - Module loaded.
2021-02-08 13:38:44,016 - elsapy.elsclient - INFO - Module loaded.
2021-02-08 13:38:44,016 - elsapy.elsentity - INFO - Module loaded.
2021-02-08 13:38:44,016 - elsapy.utils - INFO - Module loaded.
2021-02-08 13:38:44,016 - elsapy.elsprofile - INFO - Module loaded.
2021-02-08 13:38:44,016 - elsapy.elsdoc - INFO - Module loaded.
2021-02-08 13:38:44,020 - elsapy.elssearch - INFO - Module loaded.
2021-02-08 13:48:40,888 - elsapy.elsclient - INFO - Module loaded.
2021-02-08 13:48:40,891 - elsapy.elsentity - INFO - Module loaded.
2021-02-08 13:48:40,891 - elsapy.utils - INFO - Module loaded.
2021-02-08 13:48:40,891 - elsapy.elsprofile - INFO - Module loaded.
2021-02-08 13:48:40,892 - elsapy.elsdoc - INFO - Module loaded.
2021-02-08 13:48:40,892 - elsapy.elssearch - INFO - Module loaded.
2021-02-08 13:52:15,047 - elsapy.elsclient - INFO - Module loaded.
2021-02-08 13:52:15,049 - elsapy.elsentity - INFO - Module loaded.
2021-02-08 13:52:15,049 - elsapy.utils - INFO - Module loaded.
2021-02-08 13:52:15,049 - elsapy.elsprofile - INFO - Module loaded.
2021-02-08 13:52:15,049 - elsapy.elsdoc - INFO - Module loaded.
2021-02-08 13:52:15,049 - elsapy.elssearch - INFO - Module loaded.
2021-02-08 13:59:35,501 - elsapy.elsclient - INFO - Module loaded.
2021-02-08 13:59:35,503 - elsapy.elsentity - INFO - Module loaded.
2021-02-08 13:59:35,504 - elsapy.utils - INFO - Module loaded.
2021-02-08 13:59:35,504 - elsapy.elsprofile - INFO - Module loaded.
2021-02-08 13:59:35,505 - elsapy.elsdoc - INFO - Module loaded.
2021-02-08 13:59:35,505 - elsapy.elssearch - INFO - Module loaded.
2021-02-08 14:08:38,811 - elsapy.elsclient - INFO - Module loaded.
2021-02-08 14:08:38,815 - elsapy.elsentity - INFO - Module loaded.
2021-02-08 14:08:38,815 - elsapy.utils - INFO - Module loaded.
2021-02-08 14:08:38,816 - elsapy.elsprofile - INFO - Module loaded.
2021-02-08 14:08:38,816 - elsapy.elsdoc - INFO - Module loaded.
2021-02-08 14:08:38,817 - elsapy.elssearch - INFO - Module loaded.
2021-02-08 14:12:08,370 - elsapy.elsclient - INFO - Module loaded.
2021-02-08 14:12:08,371 - elsapy.elsentity - INFO - Module loaded.
2021-02-08 14:12:08,372 - elsapy.utils - INFO - Module loaded.
2021-02-08 14:12:08,372 - elsapy.elsprofile - INFO - Module loaded.
2021-02-08 14:12:08,373 - elsapy.elsdoc - INFO - Module loaded.
2021-02-08 14:12:08,373 - elsapy.elssearch - INFO - Module loaded.
2021-02-08 14:15:16,052 - elsapy.elsclient - INFO - Module loaded.
2021-02-08 14:15:16,054 - elsapy.elsentity - INFO - Module loaded.
2021-02-08 14:15:16,054 - elsapy.utils - INFO - Module loaded.
2021-02-08 14:15:16,055 - elsapy.elsprofile - INFO - Module loaded.
2021-02-08 14:15:16,056 - elsapy.elsdoc - INFO - Module loaded.
2021-02-08 14:15:16,056 - elsapy.elssearch - INFO - Module loaded.
2021-02-08 14:15:23,392 - elsapy.elsclient - INFO - Module loaded.
2021-02-08 14:15:23,392 - elsapy.elsentity - INFO - Module loaded.
2021-02-08 14:15:23,392 - elsapy.utils - INFO - Module loaded.
2021-02-08 14:15:23,396 - elsapy.elsprofile - INFO - Module loaded.
2021-02-08 14:15:23,396 - elsapy.elsdoc - INFO - Module loaded.
2021-02-08 14:15:23,397 - elsapy.elssearch - INFO - Module loaded.
2021-02-08 14:16:40,846 - elsapy.elsclient - INFO - Module loaded.
2021-02-08 14:16:40,847 - elsapy.elsentity - INFO - Module loaded.
2021-02-08 14:16:40,848 - elsapy.utils - INFO - Module loaded.
2021-02-08 14:16:40,848 - elsapy.elsprofile - INFO - Module loaded.
2021-02-08 14:16:40,849 - elsapy.elsdoc - INFO - Module loaded.
2021-02-08 14:16:40,849 - elsapy.elssearch - INFO - Module loaded.
2021-02-08 14:16:50,464 - elsapy.elsclient - INFO - Module loaded.
2021-02-08 14:16:50,464 - elsapy.elsentity - INFO - Module loaded.
2021-02-08 14:16:50,468 - elsapy.utils - INFO - Module loaded.
2021-02-08 14:16:50,468 - elsapy.elsprofile - INFO - Module loaded.
2021-02-08 14:16:50,468 - elsapy.elsdoc - INFO - Module loaded.
2021-02-08 14:16:50,468 - elsapy.elssearch - INFO - Module loaded.
2021-02-08 14:29:55,022 - elsapy.elsclient - INFO - Module loaded.
2021-02-08 14:29:55,023 - elsapy.elsentity - INFO - Module loaded.
2021-02-08 14:29:55,024 - elsapy.utils - INFO - Module loaded.
2021-02-08 14:29:55,024 - elsapy.elsprofile - INFO - Module loaded.
2021-02-08 14:29:55,025 - elsapy.elsdoc - INFO - Module loaded.
2021-02-08 14:29:55,025 - elsapy.elssearch - INFO - Module loaded.
2021-02-08 14:31:59,228 - elsapy.elsclient - INFO - Module loaded.
2021-02-08 14:31:59,229 - elsapy.elsentity - INFO - Module loaded.
2021-02-08 14:31:59,230 - elsapy.utils - INFO - Module loaded.
2021-02-08 14:31:59,230 - elsapy.elsprofile - INFO - Module loaded.
2021-02-08 14:31:59,231 - elsapy.elsdoc - INFO - Module loaded.
2021-02-08 14:31:59,232 - elsapy.elssearch - INFO - Module loaded.
2021-02-08 14:41:24,692 - elsapy.elsclient - INFO - Module loaded.
2021-02-08 14:41:24,694 - elsapy.elsentity - INFO - Module loaded.
2021-02-08 14:41:24,694 - elsapy.utils - INFO - Module loaded.
2021-02-08 14:41:24,694 - elsapy.elsprofile - INFO - Module loaded.
2021-02-08 14:41:24,695 - elsapy.elsdoc - INFO - Module loaded.
2021-02-08 14:41:24,696 - elsapy.elssearch - INFO - Module loaded.
2021-02-08 15:55:22,854 - elsapy.elsclient - INFO - Module loaded.
2021-02-08 15:55:22,856 - elsapy.elsentity - INFO - Module loaded.
2021-02-08 15:55:22,856 - elsapy.utils - INFO - Module loaded.
2021-02-08 15:55:22,857 - elsapy.elsprofile - INFO - Module loaded.
2021-02-08 15:55:22,857 - elsapy.elsdoc - INFO - Module loaded.
2021-02-08 15:55:22,858 - elsapy.elssearch - INFO - Module loaded.
2021-02-08 15:59:46,254 - elsapy.elsclient - INFO - Module loaded.
2021-02-08 15:59:46,255 - elsapy.elsentity - INFO - Module loaded.
2021-02-08 15:59:46,256 - elsapy.utils - INFO - Module loaded.
2021-02-08 15:59:46,256 - elsapy.elsprofile - INFO - Module loaded.
2021-02-08 15:59:46,257 - elsapy.elsdoc - INFO - Module loaded.
2021-02-08 15:59:46,257 - elsapy.elssearch - INFO - Module loaded.
2021-02-08 16:03:13,174 - elsapy.elsclient - INFO - Module loaded.
2021-02-08 16:03:13,176 - elsapy.elsentity - INFO - Module loaded.
2021-02-08 16:03:13,176 - elsapy.utils - INFO - Module loaded.
2021-02-08 16:03:13,177 - elsapy.elsprofile - INFO - Module loaded.
2021-02-08 16:03:13,177 - elsapy.elsdoc - INFO - Module loaded.
2021-02-08 16:03:13,178 - elsapy.elssearch - INFO - Module loaded.
2021-02-08 16:06:51,373 - elsapy.elsclient - INFO - Module loaded.
2021-02-08 16:06:51,374 - elsapy.elsentity - INFO - Module loaded.
2021-02-08 16:06:51,374 - elsapy.utils - INFO - Module loaded.
2021-02-08 16:06:51,375 - elsapy.elsprofile - INFO - Module loaded.
2021-02-08 16:06:51,375 - elsapy.elsdoc - INFO - Module loaded.
2021-02-08 16:06:51,376 - elsapy.elssearch - INFO - Module loaded.
2021-02-08 16:07:18,054 - elsapy.elsclient - INFO - Module loaded.
2021-02-08 16:07:18,056 - elsapy.elsentity - INFO - Module loaded.
2021-02-08 16:07:18,056 - elsapy.utils - INFO - Module loaded.
2021-02-08 16:07:18,056 - elsapy.elsprofile - INFO - Module loaded.
2021-02-08 16:07:18,057 - elsapy.elsdoc - INFO - Module loaded.
2021-02-08 16:07:18,058 - elsapy.elssearch - INFO - Module loaded.
2021-02-08 16:21:29,340 - elsapy.elsclient - INFO - Module loaded.
2021-02-08 16:21:29,341 - elsapy.elsentity - INFO - Module loaded.
2021-02-08 16:21:29,341 - elsapy.utils - INFO - Module loaded.
2021-02-08 16:21:29,342 - elsapy.elsprofile - INFO - Module loaded.
2021-02-08 16:21:29,342 - elsapy.elsdoc - INFO - Module loaded.
2021-02-08 16:21:29,343 - elsapy.elssearch - INFO - Module loaded.
2021-02-08 16:21:51,597 - elsapy.elsclient - INFO - Module loaded.
2021-02-08 16:21:51,598 - elsapy.elsentity - INFO - Module loaded.
2021-02-08 16:21:51,599 - elsapy.utils - INFO - Module loaded.
2021-02-08 16:21:51,599 - elsapy.elsprofile - INFO - Module loaded.
2021-02-08 16:21:51,600 - elsapy.elsdoc - INFO - Module loaded.
2021-02-08 16:21:51,600 - elsapy.elssearch - INFO - Module loaded.
2021-02-08 16:22:13,801 - elsapy.elsclient - INFO - Module loaded.
2021-02-08 16:22:13,802 - elsapy.elsentity - INFO - Module loaded.
2021-02-08 16:22:13,803 - elsapy.utils - INFO - Module loaded.
2021-02-08 16:22:13,804 - elsapy.elsprofile - INFO - Module loaded.
2021-02-08 16:22:13,804 - elsapy.elsdoc - INFO - Module loaded.
2021-02-08 16:22:13,805 - elsapy.elssearch - INFO - Module loaded.
2021-02-08 16:22:20,279 - elsapy.elsclient - INFO - Module loaded.
2021-02-08 16:22:20,280 - elsapy.elsentity - INFO - Module loaded.
2021-02-08 16:22:20,280 - elsapy.utils - INFO - Module loaded.
2021-02-08 16:22:20,281 - elsapy.elsprofile - INFO - Module loaded.
2021-02-08 16:22:20,281 - elsapy.elsdoc - INFO - Module loaded.
2021-02-08 16:22:20,282 - elsapy.elssearch - INFO - Module loaded.
2021-02-08 16:22:34,118 - elsapy.elsclient - INFO - Module loaded.
2021-02-08 16:22:34,119 - elsapy.elsentity - INFO - Module loaded.
2021-02-08 16:22:34,120 - elsapy.utils - INFO - Module loaded.
2021-02-08 16:22:34,120 - elsapy.elsprofile - INFO - Module loaded.
2021-02-08 16:22:34,121 - elsapy.elsdoc - INFO - Module loaded.
2021-02-08 16:22:34,122 - elsapy.elssearch - INFO - Module loaded.
2021-02-08 16:22:46,886 - elsapy.elsclient - INFO - Module loaded.
2021-02-08 16:22:46,887 - elsapy.elsentity - INFO - Module loaded.
2021-02-08 16:22:46,888 - elsapy.utils - INFO - Module loaded.
2021-02-08 16:22:46,888 - elsapy.elsprofile - INFO - Module loaded.
2021-02-08 16:22:46,889 - elsapy.elsdoc - INFO - Module loaded.
2021-02-08 16:22:46,889 - elsapy.elssearch - INFO - Module loaded.
2021-02-08 16:27:38,372 - elsapy.elsclient - INFO - Module loaded.
2021-02-08 16:27:38,373 - elsapy.elsentity - INFO - Module loaded.
2021-02-08 16:27:38,374 - elsapy.utils - INFO - Module loaded.
2021-02-08 16:27:38,374 - elsapy.elsprofile - INFO - Module loaded.
2021-02-08 16:27:38,375 - elsapy.elsdoc - INFO - Module loaded.
2021-02-08 16:27:38,376 - elsapy.elssearch - INFO - Module loaded.
2021-02-08 16:28:21,543 - elsapy.elsclient - INFO - Module loaded.
2021-02-08 16:28:21,544 - elsapy.elsentity - INFO - Module loaded.
2021-02-08 16:28:21,545 - elsapy.utils - INFO - Module loaded.
2021-02-08 16:28:21,545 - elsapy.elsprofile - INFO - Module loaded.
2021-02-08 16:28:21,546 - elsapy.elsdoc - INFO - Module loaded.
2021-02-08 16:28:21,547 - elsapy.elssearch - INFO - Module loaded.
2021-02-08 16:28:48,998 - elsapy.elsclient - INFO - Module loaded.
2021-02-08 16:28:48,999 - elsapy.elsentity - INFO - Module loaded.
2021-02-08 16:28:49,000 - elsapy.utils - INFO - Module loaded.
2021-02-08 16:28:49,000 - elsapy.elsprofile - INFO - Module loaded.
2021-02-08 16:28:49,001 - elsapy.elsdoc - INFO - Module loaded.
2021-02-08 16:28:49,001 - elsapy.elssearch - INFO - Module loaded.
2021-02-08 16:32:14,714 - elsapy.elsclient - INFO - Module loaded.
2021-02-08 16:32:14,715 - elsapy.elsentity - INFO - Module loaded.
2021-02-08 16:32:14,716 - elsapy.utils - INFO - Module loaded.
2021-02-08 16:32:14,716 - elsapy.elsprofile - INFO - Module loaded.
2021-02-08 16:32:14,717 - elsapy.elsdoc - INFO - Module loaded.
2021-02-08 16:32:14,718 - elsapy.elssearch - INFO - Module loaded.
2021-02-08 16:33:50,139 - elsapy.elsclient - INFO - Module loaded.
2021-02-08 16:33:50,140 - elsapy.elsentity - INFO - Module loaded.
2021-02-08 16:33:50,141 - elsapy.utils - INFO - Module loaded.
2021-02-08 16:33:50,141 - elsapy.elsprofile - INFO - Module loaded.
2021-02-08 16:33:50,142 - elsapy.elsdoc - INFO - Module loaded.
2021-02-08 16:33:50,143 - elsapy.elssearch - INFO - Module loaded.
2021-02-08 16:34:14,670 - elsapy.elsclient - INFO - Module loaded.
2021-02-08 16:34:14,671 - elsapy.elsentity - INFO - Module loaded.
2021-02-08 16:34:14,672 - elsapy.utils - INFO - Module loaded.
2021-02-08 16:34:14,672 - elsapy.elsprofile - INFO - Module loaded.
2021-02-08 16:34:14,673 - elsapy.elsdoc - INFO - Module loaded.
2021-02-08 16:34:14,674 - elsapy.elssearch - INFO - Module loaded.
2021-02-08 16:34:26,571 - elsapy.elsclient - INFO - Module loaded.
2021-02-08 16:34:26,572 - elsapy.elsentity - INFO - Module loaded.
2021-02-08 16:34:26,573 - elsapy.utils - INFO - Module loaded.
2021-02-08 16:34:26,574 - elsapy.elsprofile - INFO - Module loaded.
2021-02-08 16:34:26,574 - elsapy.elsdoc - INFO - Module loaded.
2021-02-08 16:34:26,575 - elsapy.elssearch - INFO - Module loaded.
2021-02-08 16:34:45,860 - elsapy.elsclient - INFO - Module loaded.
2021-02-08 16:34:45,861 - elsapy.elsentity - INFO - Module loaded.
2021-02-08 16:34:45,862 - elsapy.utils - INFO - Module loaded.
2021-02-08 16:34:45,862 - elsapy.elsprofile - INFO - Module loaded.
2021-02-08 16:34:45,863 - elsapy.elsdoc - INFO - Module loaded.
2021-02-08 16:34:45,864 - elsapy.elssearch - INFO - Module loaded.
2021-02-08 16:35:03,005 - elsapy.elsclient - INFO - Module loaded.
2021-02-08 16:35:03,006 - elsapy.elsentity - INFO - Module loaded.
2021-02-08 16:35:03,007 - elsapy.utils - INFO - Module loaded.
2021-02-08 16:35:03,007 - elsapy.elsprofile - INFO - Module loaded.
2021-02-08 16:35:03,008 - elsapy.elsdoc - INFO - Module loaded.
2021-02-08 16:35:03,008 - elsapy.elssearch - INFO - Module loaded.
2021-02-08 16:35:20,150 - elsapy.elsclient - INFO - Module loaded.
2021-02-08 16:35:20,152 - elsapy.elsentity - INFO - Module loaded.
2021-02-08 16:35:20,152 - elsapy.utils - INFO - Module loaded.
2021-02-08 16:35:20,153 - elsapy.elsprofile - INFO - Module loaded.
2021-02-08 16:35:20,153 - elsapy.elsdoc - INFO - Module loaded.
2021-02-08 16:35:20,154 - elsapy.elssearch - INFO - Module loaded.
2021-02-08 16:40:54,783 - elsapy.elsclient - INFO - Module loaded.
2021-02-08 16:40:54,785 - elsapy.elsentity - INFO - Module loaded.
2021-02-08 16:40:54,785 - elsapy.utils - INFO - Module loaded.
2021-02-08 16:40:54,786 - elsapy.elsprofile - INFO - Module loaded.
2021-02-08 16:40:54,786 - elsapy.elsdoc - INFO - Module loaded.
2021-02-08 16:40:54,787 - elsapy.elssearch - INFO - Module loaded.
2021-02-08 17:21:04,116 - elsapy.elsclient - INFO - Module loaded.
2021-02-08 17:21:04,117 - elsapy.elsentity - INFO - Module loaded.
2021-02-08 17:21:04,118 - elsapy.utils - INFO - Module loaded.
2021-02-08 17:21:04,118 - elsapy.elsprofile - INFO - Module loaded.
2021-02-08 17:21:04,119 - elsapy.elsdoc - INFO - Module loaded.
2021-02-08 17:21:04,120 - elsapy.elssearch - INFO - Module loaded.
2021-02-08 17:23:04,607 - elsapy.elsclient - INFO - Module loaded.
2021-02-08 17:23:04,608 - elsapy.elsentity - INFO - Module loaded.
2021-02-08 17:23:04,609 - elsapy.utils - INFO - Module loaded.
2021-02-08 17:23:04,610 - elsapy.elsprofile - INFO - Module loaded.
2021-02-08 17:23:04,610 - elsapy.elsdoc - INFO - Module loaded.
2021-02-08 17:23:04,611 - elsapy.elssearch - INFO - Module loaded.
2021-02-08 17:25:21,667 - elsapy.elsclient - INFO - Module loaded.
2021-02-08 17:25:21,668 - elsapy.elsentity - INFO - Module loaded.
2021-02-08 17:25:21,669 - elsapy.utils - INFO - Module loaded.
2021-02-08 17:25:21,670 - elsapy.elsprofile - INFO - Module loaded.
2021-02-08 17:25:21,670 - elsapy.elsdoc - INFO - Module loaded.
2021-02-08 17:25:21,671 - elsapy.elssearch - INFO - Module loaded.
2021-02-08 17:27:36,326 - elsapy.elsclient - INFO - Module loaded.
2021-02-08 17:27:36,327 - elsapy.elsentity - INFO - Module loaded.
2021-02-08 17:27:36,328 - elsapy.utils - INFO - Module loaded.
2021-02-08 17:27:36,328 - elsapy.elsprofile - INFO - Module loaded.
2021-02-08 17:27:36,329 - elsapy.elsdoc - INFO - Module loaded.
2021-02-08 17:27:36,330 - elsapy.elssearch - INFO - Module loaded.
2021-02-08 17:28:47,990 - elsapy.elsclient - INFO - Module loaded.
2021-02-08 17:28:47,991 - elsapy.elsentity - INFO - Module loaded.
2021-02-08 17:28:47,992 - elsapy.utils - INFO - Module loaded.
2021-02-08 17:28:47,992 - elsapy.elsprofile - INFO - Module loaded.
2021-02-08 17:28:47,993 - elsapy.elsdoc - INFO - Module loaded.
2021-02-08 17:28:47,993 - elsapy.elssearch - INFO - Module loaded.
2021-02-08 17:29:41,740 - elsapy.elsclient - INFO - Module loaded.
2021-02-08 17:29:41,741 - elsapy.elsentity - INFO - Module loaded.
2021-02-08 17:29:41,741 - elsapy.utils - INFO - Module loaded.
2021-02-08 17:29:41,742 - elsapy.elsprofile - INFO - Module loaded.
2021-02-08 17:29:41,742 - elsapy.elsdoc - INFO - Module loaded.
2021-02-08 17:29:41,743 - elsapy.elssearch - INFO - Module loaded.
2021-02-08 17:31:41,171 - elsapy.elsclient - INFO - Module loaded.
2021-02-08 17:31:41,172 - elsapy.elsentity - INFO - Module loaded.
2021-02-08 17:31:41,173 - elsapy.utils - INFO - Module loaded.
2021-02-08 17:31:41,173 - elsapy.elsprofile - INFO - Module loaded.
2021-02-08 17:31:41,174 - elsapy.elsdoc - INFO - Module loaded.
2021-02-08 17:31:41,174 - elsapy.elssearch - INFO - Module loaded.
2021-02-08 17:32:38,791 - elsapy.elsclient - INFO - Module loaded.
2021-02-08 17:32:38,792 - elsapy.elsentity - INFO - Module loaded.
2021-02-08 17:32:38,793 - elsapy.utils - INFO - Module loaded.
2021-02-08 17:32:38,793 - elsapy.elsprofile - INFO - Module loaded.
2021-02-08 17:32:38,794 - elsapy.elsdoc - INFO - Module loaded.
2021-02-08 17:32:38,795 - elsapy.elssearch - INFO - Module loaded.
2021-02-08 17:33:53,347 - elsapy.elsclient - INFO - Module loaded.
2021-02-08 17:33:53,348 - elsapy.elsentity - INFO - Module loaded.
2021-02-08 17:33:53,349 - elsapy.utils - INFO - Module loaded.
2021-02-08 17:33:53,349 - elsapy.elsprofile - INFO - Module loaded.
2021-02-08 17:33:53,350 - elsapy.elsdoc - INFO - Module loaded.
2021-02-08 17:33:53,351 - elsapy.elssearch - INFO - Module loaded.
2021-02-08 17:34:07,294 - elsapy.elsclient - INFO - Module loaded.
2021-02-08 17:34:07,296 - elsapy.elsentity - INFO - Module loaded.
2021-02-08 17:34:07,296 - elsapy.utils - INFO - Module loaded.
2021-02-08 17:34:07,297 - elsapy.elsprofile - INFO - Module loaded.
2021-02-08 17:34:07,297 - elsapy.elsdoc - INFO - Module loaded.
2021-02-08 17:34:07,298 - elsapy.elssearch - INFO - Module loaded.
2021-02-08 17:34:14,928 - elsapy.elsclient - INFO - Module loaded.
2021-02-08 17:34:14,929 - elsapy.elsentity - INFO - Module loaded.
2021-02-08 17:34:14,930 - elsapy.utils - INFO - Module loaded.
2021-02-08 17:34:14,930 - elsapy.elsprofile - INFO - Module loaded.
2021-02-08 17:34:14,930 - elsapy.elsdoc - INFO - Module loaded.
2021-02-08 17:34:14,931 - elsapy.elssearch - INFO - Module loaded.
2021-02-08 17:34:47,164 - elsapy.elsclient - INFO - Module loaded.
2021-02-08 17:34:47,165 - elsapy.elsentity - INFO - Module loaded.
2021-02-08 17:34:47,166 - elsapy.utils - INFO - Module loaded.
2021-02-08 17:34:47,166 - elsapy.elsprofile - INFO - Module loaded.
2021-02-08 17:34:47,167 - elsapy.elsdoc - INFO - Module loaded.
2021-02-08 17:34:47,168 - elsapy.elssearch - INFO - Module loaded.
2021-02-08 17:35:33,180 - elsapy.elsclient - INFO - Module loaded.
2021-02-08 17:35:33,181 - elsapy.elsentity - INFO - Module loaded.
2021-02-08 17:35:33,181 - elsapy.utils - INFO - Module loaded.
2021-02-08 17:35:33,181 - elsapy.elsprofile - INFO - Module loaded.
2021-02-08 17:35:33,183 - elsapy.elsdoc - INFO - Module loaded.
2021-02-08 17:35:33,183 - elsapy.elssearch - INFO - Module loaded.
2021-02-08 17:36:02,880 - elsapy.elsclient - INFO - Module loaded.
2021-02-08 17:36:02,881 - elsapy.elsentity - INFO - Module loaded.
2021-02-08 17:36:02,882 - elsapy.utils - INFO - Module loaded.
2021-02-08 17:36:02,882 - elsapy.elsprofile - INFO - Module loaded.
2021-02-08 17:36:02,883 - elsapy.elsdoc - INFO - Module loaded.
2021-02-08 17:36:02,884 - elsapy.elssearch - INFO - Module loaded.
2021-02-08 17:37:14,393 - elsapy.elsclient - INFO - Module loaded.
2021-02-08 17:37:14,394 - elsapy.elsentity - INFO - Module loaded.
2021-02-08 17:37:14,395 - elsapy.utils - INFO - Module loaded.
2021-02-08 17:37:14,395 - elsapy.elsprofile - INFO - Module loaded.
2021-02-08 17:37:14,395 - elsapy.elsdoc - INFO - Module loaded.
2021-02-08 17:37:14,396 - elsapy.elssearch - INFO - Module loaded.
2021-02-08 17:38:03,580 - elsapy.elsclient - INFO - Module loaded.
2021-02-08 17:38:03,581 - elsapy.elsentity - INFO - Module loaded.
2021-02-08 17:38:03,582 - elsapy.utils - INFO - Module loaded.
2021-02-08 17:38:03,582 - elsapy.elsprofile - INFO - Module loaded.
2021-02-08 17:38:03,582 - elsapy.elsdoc - INFO - Module loaded.
2021-02-08 17:38:03,583 - elsapy.elssearch - INFO - Module loaded.
2021-02-08 17:38:30,637 - elsapy.elsclient - INFO - Module loaded.
2021-02-08 17:38:30,638 - elsapy.elsentity - INFO - Module loaded.
2021-02-08 17:38:30,639 - elsapy.utils - INFO - Module loaded.
2021-02-08 17:38:30,639 - elsapy.elsprofile - INFO - Module loaded.
2021-02-08 17:38:30,639 - elsapy.elsdoc - INFO - Module loaded.
2021-02-08 17:38:30,640 - elsapy.elssearch - INFO - Module loaded.
2021-02-08 17:39:21,984 - elsapy.elsclient - INFO - Module loaded.
2021-02-08 17:39:21,985 - elsapy.elsentity - INFO - Module loaded.
2021-02-08 17:39:21,985 - elsapy.utils - INFO - Module loaded.
2021-02-08 17:39:21,986 - elsapy.elsprofile - INFO - Module loaded.
2021-02-08 17:39:21,986 - elsapy.elsdoc - INFO - Module loaded.
2021-02-08 17:39:21,987 - elsapy.elssearch - INFO - Module loaded.
2021-02-08 17:40:23,009 - elsapy.elsclient - INFO - Module loaded.
2021-02-08 17:40:23,011 - elsapy.elsentity - INFO - Module loaded.
2021-02-08 17:40:23,011 - elsapy.utils - INFO - Module loaded.
2021-02-08 17:40:23,012 - elsapy.elsprofile - INFO - Module loaded.
2021-02-08 17:40:23,012 - elsapy.elsdoc - INFO - Module loaded.
2021-02-08 17:40:23,013 - elsapy.elssearch - INFO - Module loaded.
2021-02-08 17:40:56,348 - elsapy.elsclient - INFO - Module loaded.
2021-02-08 17:40:56,349 - elsapy.elsentity - INFO - Module loaded.
2021-02-08 17:40:56,350 - elsapy.utils - INFO - Module loaded.
2021-02-08 17:40:56,350 - elsapy.elsprofile - INFO - Module loaded.
2021-02-08 17:40:56,351 - elsapy.elsdoc - INFO - Module loaded.
2021-02-08 17:40:56,351 - elsapy.elssearch - INFO - Module loaded.
2021-02-08 17:43:05,678 - elsapy.elsclient - INFO - Module loaded.
2021-02-08 17:43:05,679 - elsapy.elsentity - INFO - Module loaded.
2021-02-08 17:43:05,679 - elsapy.utils - INFO - Module loaded.
2021-02-08 17:43:05,680 - elsapy.elsprofile - INFO - Module loaded.
2021-02-08 17:43:05,680 - elsapy.elsdoc - INFO - Module loaded.
2021-02-08 17:43:05,681 - elsapy.elssearch - INFO - Module loaded.
2021-02-08 17:44:30,592 - elsapy.elsclient - INFO - Module loaded.
2021-02-08 17:44:30,593 - elsapy.elsentity - INFO - Module loaded.
2021-02-08 17:44:30,594 - elsapy.utils - INFO - Module loaded.
2021-02-08 17:44:30,594 - elsapy.elsprofile - INFO - Module loaded.
2021-02-08 17:44:30,595 - elsapy.elsdoc - INFO - Module loaded.
2021-02-08 17:44:30,596 - elsapy.elssearch - INFO - Module loaded.
2021-02-08 17:45:07,158 - elsapy.elsclient - INFO - Module loaded.
2021-02-08 17:45:07,159 - elsapy.elsentity - INFO - Module loaded.
2021-02-08 17:45:07,159 - elsapy.utils - INFO - Module loaded.
2021-02-08 17:45:07,160 - elsapy.elsprofile - INFO - Module loaded.
2021-02-08 17:45:07,160 - elsapy.elsdoc - INFO - Module loaded.
2021-02-08 17:45:07,161 - elsapy.elssearch - INFO - Module loaded.
2021-02-08 17:45:41,573 - elsapy.elsclient - INFO - Module loaded.
2021-02-08 17:45:41,574 - elsapy.elsentity - INFO - Module loaded.
2021-02-08 17:45:41,574 - elsapy.utils - INFO - Module loaded.
2021-02-08 17:45:41,576 - elsapy.elsprofile - INFO - Module loaded.
2021-02-08 17:45:41,576 - elsapy.elsdoc - INFO - Module loaded.
2021-02-08 17:45:41,577 - elsapy.elssearch - INFO - Module loaded.
2021-02-08 17:45:51,212 - elsapy.elsclient - INFO - Module loaded.
2021-02-08 17:45:51,213 - elsapy.elsentity - INFO - Module loaded.
2021-02-08 17:45:51,214 - elsapy.utils - INFO - Module loaded.
2021-02-08 17:45:51,214 - elsapy.elsprofile - INFO - Module loaded.
2021-02-08 17:45:51,215 - elsapy.elsdoc - INFO - Module loaded.
2021-02-08 17:45:51,215 - elsapy.elssearch - INFO - Module loaded.
2021-02-08 17:46:48,067 - elsapy.elsclient - INFO - Module loaded.
2021-02-08 17:46:48,068 - elsapy.elsentity - INFO - Module loaded.
2021-02-08 17:46:48,068 - elsapy.utils - INFO - Module loaded.
2021-02-08 17:46:48,069 - elsapy.elsprofile - INFO - Module loaded.
2021-02-08 17:46:48,069 - elsapy.elsdoc - INFO - Module loaded.
2021-02-08 17:46:48,070 - elsapy.elssearch - INFO - Module loaded.
2021-02-08 17:52:17,164 - elsapy.elsclient - INFO - Module loaded.
2021-02-08 17:52:17,165 - elsapy.elsentity - INFO - Module loaded.
2021-02-08 17:52:17,166 - elsapy.utils - INFO - Module loaded.
2021-02-08 17:52:17,166 - elsapy.elsprofile - INFO - Module loaded.
2021-02-08 17:52:17,167 - elsapy.elsdoc - INFO - Module loaded.
2021-02-08 17:52:17,168 - elsapy.elssearch - INFO - Module loaded.
2021-02-08 17:54:40,334 - elsapy.elsclient - INFO - Module loaded.
2021-02-08 17:54:40,335 - elsapy.elsentity - INFO - Module loaded.
2021-02-08 17:54:40,336 - elsapy.utils - INFO - Module loaded.
2021-02-08 17:54:40,336 - elsapy.elsprofile - INFO - Module loaded.
2021-02-08 17:54:40,337 - elsapy.elsdoc - INFO - Module loaded.
2021-02-08 17:54:40,338 - elsapy.elssearch - INFO - Module loaded.
2021-02-08 17:56:42,011 - elsapy.elsclient - INFO - Module loaded.
2021-02-08 17:56:42,012 - elsapy.elsentity - INFO - Module loaded.
2021-02-08 17:56:42,013 - elsapy.utils - INFO - Module loaded.
2021-02-08 17:56:42,013 - elsapy.elsprofile - INFO - Module loaded.
2021-02-08 17:56:42,014 - elsapy.elsdoc - INFO - Module loaded.
2021-02-08 17:56:42,015 - elsapy.elssearch - INFO - Module loaded.
2021-02-08 17:56:56,867 - elsapy.elsclient - INFO - Module loaded.
2021-02-08 17:56:56,868 - elsapy.elsentity - INFO - Module loaded.
2021-02-08 17:56:56,869 - elsapy.utils - INFO - Module loaded.
2021-02-08 17:56:56,869 - elsapy.elsprofile - INFO - Module loaded.
2021-02-08 17:56:56,870 - elsapy.elsdoc - INFO - Module loaded.
2021-02-08 17:56:56,871 - elsapy.elssearch - INFO - Module loaded.
2021-02-08 17:57:22,300 - elsapy.elsclient - INFO - Module loaded.
2021-02-08 17:57:22,301 - elsapy.elsentity - INFO - Module loaded.
2021-02-08 17:57:22,302 - elsapy.utils - INFO - Module loaded.
2021-02-08 17:57:22,302 - elsapy.elsprofile - INFO - Module loaded.
2021-02-08 17:57:22,303 - elsapy.elsdoc - INFO - Module loaded.
2021-02-08 17:57:22,304 - elsapy.elssearch - INFO - Module loaded.
2021-02-08 17:57:35,135 - elsapy.elsclient - INFO - Module loaded.
2021-02-08 17:57:35,136 - elsapy.elsentity - INFO - Module loaded.
2021-02-08 17:57:35,137 - elsapy.utils - INFO - Module loaded.
2021-02-08 17:57:35,137 - elsapy.elsprofile - INFO - Module loaded.
2021-02-08 17:57:35,138 - elsapy.elsdoc - INFO - Module loaded.
2021-02-08 17:57:35,138 - elsapy.elssearch - INFO - Module loaded.
2021-02-08 17:58:11,031 - elsapy.elsclient - INFO - Module loaded.
2021-02-08 17:58:11,032 - elsapy.elsentity - INFO - Module loaded.
2021-02-08 17:58:11,032 - elsapy.utils - INFO - Module loaded.
2021-02-08 17:58:11,033 - elsapy.elsprofile - INFO - Module loaded.
2021-02-08 17:58:11,033 - elsapy.elsdoc - INFO - Module loaded.
2021-02-08 17:58:11,034 - elsapy.elssearch - INFO - Module loaded.
2021-02-08 17:58:39,568 - elsapy.elsclient - INFO - Module loaded.
2021-02-08 17:58:39,569 - elsapy.elsentity - INFO - Module loaded.
2021-02-08 17:58:39,570 - elsapy.utils - INFO - Module loaded.
2021-02-08 17:58:39,570 - elsapy.elsprofile - INFO - Module loaded.
2021-02-08 17:58:39,571 - elsapy.elsdoc - INFO - Module loaded.
2021-02-08 17:58:39,571 - elsapy.elssearch - INFO - Module loaded.
2021-02-08 17:58:42,975 - elsapy.elsclient - INFO - Module loaded.
2021-02-08 17:58:42,976 - elsapy.elsentity - INFO - Module loaded.
2021-02-08 17:58:42,977 - elsapy.utils - INFO - Module loaded.
2021-02-08 17:58:42,977 - elsapy.elsprofile - INFO - Module loaded.
2021-02-08 17:58:42,978 - elsapy.elsdoc - INFO - Module loaded.
2021-02-08 17:58:42,978 - elsapy.elssearch - INFO - Module loaded.
2021-02-08 18:00:29,083 - elsapy.elsclient - INFO - Module loaded.
2021-02-08 18:00:29,084 - elsapy.elsentity - INFO - Module loaded.
2021-02-08 18:00:29,084 - elsapy.utils - INFO - Module loaded.
2021-02-08 18:00:29,085 - elsapy.elsprofile - INFO - Module loaded.
2021-02-08 18:00:29,085 - elsapy.elsdoc - INFO - Module loaded.
2021-02-08 18:00:29,086 - elsapy.elssearch - INFO - Module loaded.
2021-02-08 18:01:27,944 - elsapy.elsclient - INFO - Module loaded.
2021-02-08 18:01:27,945 - elsapy.elsentity - INFO - Module loaded.
2021-02-08 18:01:27,946 - elsapy.utils - INFO - Module loaded.
2021-02-08 18:01:27,946 - elsapy.elsprofile - INFO - Module loaded.
2021-02-08 18:01:27,947 - elsapy.elsdoc - INFO - Module loaded.
2021-02-08 18:01:27,947 - elsapy.elssearch - INFO - Module loaded.
2021-02-08 18:01:32,354 - elsapy.elsclient - INFO - Module loaded.
2021-02-08 18:01:32,355 - elsapy.elsentity - INFO - Module loaded.
2021-02-08 18:01:32,355 - elsapy.utils - INFO - Module loaded.
2021-02-08 18:01:32,356 - elsapy.elsprofile - INFO - Module loaded.
2021-02-08 18:01:32,356 - elsapy.elsdoc - INFO - Module loaded.
2021-02-08 18:01:32,357 - elsapy.elssearch - INFO - Module loaded.
2021-02-08 18:02:43,837 - elsapy.elsclient - INFO - Module loaded.
2021-02-08 18:02:43,838 - elsapy.elsentity - INFO - Module loaded.
2021-02-08 18:02:43,838 - elsapy.utils - INFO - Module loaded.
2021-02-08 18:02:43,839 - elsapy.elsprofile - INFO - Module loaded.
2021-02-08 18:02:43,839 - elsapy.elsdoc - INFO - Module loaded.
2021-02-08 18:02:43,840 - elsapy.elssearch - INFO - Module loaded.
2021-02-08 18:02:50,333 - elsapy.elsclient - INFO - Module loaded.
2021-02-08 18:02:50,334 - elsapy.elsentity - INFO - Module loaded.
2021-02-08 18:02:50,335 - elsapy.utils - INFO - Module loaded.
2021-02-08 18:02:50,335 - elsapy.elsprofile - INFO - Module loaded.
2021-02-08 18:02:50,336 - elsapy.elsdoc - INFO - Module loaded.
2021-02-08 18:02:50,337 - elsapy.elssearch - INFO - Module loaded.
2021-02-08 18:03:03,093 - elsapy.elsclient - INFO - Module loaded.
2021-02-08 18:03:03,094 - elsapy.elsentity - INFO - Module loaded.
2021-02-08 18:03:03,095 - elsapy.utils - INFO - Module loaded.
2021-02-08 18:03:03,095 - elsapy.elsprofile - INFO - Module loaded.
2021-02-08 18:03:03,096 - elsapy.elsdoc - INFO - Module loaded.
2021-02-08 18:03:03,097 - elsapy.elssearch - INFO - Module loaded.
2021-02-08 18:03:38,896 - elsapy.elsclient - INFO - Module loaded.
2021-02-08 18:03:38,898 - elsapy.elsentity - INFO - Module loaded.
2021-02-08 18:03:38,898 - elsapy.utils - INFO - Module loaded.
2021-02-08 18:03:38,899 - elsapy.elsprofile - INFO - Module loaded.
2021-02-08 18:03:38,899 - elsapy.elsdoc - INFO - Module loaded.
2021-02-08 18:03:38,900 - elsapy.elssearch - INFO - Module loaded.
2021-02-08 18:03:55,868 - elsapy.elsclient - INFO - Module loaded.
2021-02-08 18:03:55,869 - elsapy.elsentity - INFO - Module loaded.
2021-02-08 18:03:55,870 - elsapy.utils - INFO - Module loaded.
2021-02-08 18:03:55,870 - elsapy.elsprofile - INFO - Module loaded.
2021-02-08 18:03:55,871 - elsapy.elsdoc - INFO - Module loaded.
2021-02-08 18:03:55,872 - elsapy.elssearch - INFO - Module loaded.
2021-02-08 18:04:08,613 - elsapy.elsclient - INFO - Module loaded.
2021-02-08 18:04:08,614 - elsapy.elsentity - INFO - Module loaded.
2021-02-08 18:04:08,615 - elsapy.utils - INFO - Module loaded.
2021-02-08 18:04:08,615 - elsapy.elsprofile - INFO - Module loaded.
2021-02-08 18:04:08,616 - elsapy.elsdoc - INFO - Module loaded.
2021-02-08 18:04:08,616 - elsapy.elssearch - INFO - Module loaded.
2021-02-08 18:05:05,407 - elsapy.elsclient - INFO - Module loaded.
2021-02-08 18:05:05,408 - elsapy.elsentity - INFO - Module loaded.
2021-02-08 18:05:05,409 - elsapy.utils - INFO - Module loaded.
2021-02-08 18:05:05,409 - elsapy.elsprofile - INFO - Module loaded.
2021-02-08 18:05:05,410 - elsapy.elsdoc - INFO - Module loaded.
2021-02-08 18:05:05,410 - elsapy.elssearch - INFO - Module loaded.
2021-02-08 18:05:56,922 - elsapy.elsclient - INFO - Module loaded.
2021-02-08 18:05:56,923 - elsapy.elsentity - INFO - Module loaded.
2021-02-08 18:05:56,924 - elsapy.utils - INFO - Module loaded.
2021-02-08 18:05:56,924 - elsapy.elsprofile - INFO - Module loaded.
2021-02-08 18:05:56,925 - elsapy.elsdoc - INFO - Module loaded.
2021-02-08 18:05:56,925 - elsapy.elssearch - INFO - Module loaded.
2021-02-08 18:06:09,700 - elsapy.elsclient - INFO - Module loaded.
2021-02-08 18:06:09,701 - elsapy.elsentity - INFO - Module loaded.
2021-02-08 18:06:09,702 - elsapy.utils - INFO - Module loaded.
2021-02-08 18:06:09,702 - elsapy.elsprofile - INFO - Module loaded.
2021-02-08 18:06:09,703 - elsapy.elsdoc - INFO - Module loaded.
2021-02-08 18:06:09,704 - elsapy.elssearch - INFO - Module loaded.
2021-02-08 18:06:24,575 - elsapy.elsclient - INFO - Module loaded.
2021-02-08 18:06:24,576 - elsapy.elsentity - INFO - Module loaded.
2021-02-08 18:06:24,577 - elsapy.utils - INFO - Module loaded.
2021-02-08 18:06:24,577 - elsapy.elsprofile - INFO - Module loaded.
2021-02-08 18:06:24,578 - elsapy.elsdoc - INFO - Module loaded.
2021-02-08 18:06:24,578 - elsapy.elssearch - INFO - Module loaded.
2021-02-08 18:06:27,907 - elsapy.elsclient - INFO - Module loaded.
2021-02-08 18:06:27,908 - elsapy.elsentity - INFO - Module loaded.
2021-02-08 18:06:27,909 - elsapy.utils - INFO - Module loaded.
2021-02-08 18:06:27,909 - elsapy.elsprofile - INFO - Module loaded.
2021-02-08 18:06:27,910 - elsapy.elsdoc - INFO - Module loaded.
2021-02-08 18:06:27,911 - elsapy.elssearch - INFO - Module loaded.
2021-02-08 18:06:38,593 - elsapy.elsclient - INFO - Module loaded.
2021-02-08 18:06:38,594 - elsapy.elsentity - INFO - Module loaded.
2021-02-08 18:06:38,595 - elsapy.utils - INFO - Module loaded.
2021-02-08 18:06:38,595 - elsapy.elsprofile - INFO - Module loaded.
2021-02-08 18:06:38,596 - elsapy.elsdoc - INFO - Module loaded.
2021-02-08 18:06:38,597 - elsapy.elssearch - INFO - Module loaded.
2021-02-08 18:07:00,769 - elsapy.elsclient - INFO - Module loaded.
2021-02-08 18:07:00,770 - elsapy.elsentity - INFO - Module loaded.
2021-02-08 18:07:00,771 - elsapy.utils - INFO - Module loaded.
2021-02-08 18:07:00,771 - elsapy.elsprofile - INFO - Module loaded.
2021-02-08 18:07:00,772 - elsapy.elsdoc - INFO - Module loaded.
2021-02-08 18:07:00,772 - elsapy.elssearch - INFO - Module loaded.
2021-02-08 18:07:03,083 - elsapy.elsclient - INFO - Module loaded.
2021-02-08 18:07:03,084 - elsapy.elsentity - INFO - Module loaded.
2021-02-08 18:07:03,085 - elsapy.utils - INFO - Module loaded.
2021-02-08 18:07:03,085 - elsapy.elsprofile - INFO - Module loaded.
2021-02-08 18:07:03,086 - elsapy.elsdoc - INFO - Module loaded.
2021-02-08 18:07:03,086 - elsapy.elssearch - INFO - Module loaded.
2021-02-08 18:07:12,732 - elsapy.elsclient - INFO - Module loaded.
2021-02-08 18:07:12,733 - elsapy.elsentity - INFO - Module loaded.
2021-02-08 18:07:12,734 - elsapy.utils - INFO - Module loaded.
2021-02-08 18:07:12,734 - elsapy.elsprofile - INFO - Module loaded.
2021-02-08 18:07:12,735 - elsapy.elsdoc - INFO - Module loaded.
2021-02-08 18:07:12,736 - elsapy.elssearch - INFO - Module loaded.
2021-02-08 18:07:19,224 - elsapy.elsclient - INFO - Module loaded.
2021-02-08 18:07:19,225 - elsapy.elsentity - INFO - Module loaded.
2021-02-08 18:07:19,226 - elsapy.utils - INFO - Module loaded.
2021-02-08 18:07:19,226 - elsapy.elsprofile - INFO - Module loaded.
2021-02-08 18:07:19,227 - elsapy.elsdoc - INFO - Module loaded.
2021-02-08 18:07:19,228 - elsapy.elssearch - INFO - Module loaded.
2021-02-08 18:07:22,574 - elsapy.elsclient - INFO - Module loaded.
2021-02-08 18:07:22,575 - elsapy.elsentity - INFO - Module loaded.
2021-02-08 18:07:22,576 - elsapy.utils - INFO - Module loaded.
2021-02-08 18:07:22,576 - elsapy.elsprofile - INFO - Module loaded.
2021-02-08 18:07:22,577 - elsapy.elsdoc - INFO - Module loaded.
2021-02-08 18:07:22,578 - elsapy.elssearch - INFO - Module loaded.
2021-02-08 18:07:25,884 - elsapy.elsclient - INFO - Module loaded.
2021-02-08 18:07:25,886 - elsapy.elsentity - INFO - Module loaded.
2021-02-08 18:07:25,886 - elsapy.utils - INFO - Module loaded.
2021-02-08 18:07:25,886 - elsapy.elsprofile - INFO - Module loaded.
2021-02-08 18:07:25,887 - elsapy.elsdoc - INFO - Module loaded.
2021-02-08 18:07:25,888 - elsapy.elssearch - INFO - Module loaded.
2021-02-08 18:07:36,581 - elsapy.elsclient - INFO - Module loaded.
2021-02-08 18:07:36,582 - elsapy.elsentity - INFO - Module loaded.
2021-02-08 18:07:36,582 - elsapy.utils - INFO - Module loaded.
2021-02-08 18:07:36,583 - elsapy.elsprofile - INFO - Module loaded.
2021-02-08 18:07:36,583 - elsapy.elsdoc - INFO - Module loaded.
2021-02-08 18:07:36,584 - elsapy.elssearch - INFO - Module loaded.
2021-02-08 18:08:01,951 - elsapy.elsclient - INFO - Module loaded.
2021-02-08 18:08:01,952 - elsapy.elsentity - INFO - Module loaded.
2021-02-08 18:08:01,952 - elsapy.utils - INFO - Module loaded.
2021-02-08 18:08:01,953 - elsapy.elsprofile - INFO - Module loaded.
2021-02-08 18:08:01,953 - elsapy.elsdoc - INFO - Module loaded.
2021-02-08 18:08:01,954 - elsapy.elssearch - INFO - Module loaded.
2021-02-08 18:08:13,664 - elsapy.elsclient - INFO - Module loaded.
2021-02-08 18:08:13,665 - elsapy.elsentity - INFO - Module loaded.
2021-02-08 18:08:13,666 - elsapy.utils - INFO - Module loaded.
2021-02-08 18:08:13,666 - elsapy.elsprofile - INFO - Module loaded.
2021-02-08 18:08:13,667 - elsapy.elsdoc - INFO - Module loaded.
2021-02-08 18:08:13,668 - elsapy.elssearch - INFO - Module loaded.
2021-02-08 18:08:17,010 - elsapy.elsclient - INFO - Module loaded.
2021-02-08 18:08:17,011 - elsapy.elsentity - INFO - Module loaded.
2021-02-08 18:08:17,012 - elsapy.utils - INFO - Module loaded.
2021-02-08 18:08:17,012 - elsapy.elsprofile - INFO - Module loaded.
2021-02-08 18:08:17,013 - elsapy.elsdoc - INFO - Module loaded.
2021-02-08 18:08:17,014 - elsapy.elssearch - INFO - Module loaded.
2021-02-08 18:08:41,362 - elsapy.elsclient - INFO - Module loaded.
2021-02-08 18:08:41,363 - elsapy.elsentity - INFO - Module loaded.
2021-02-08 18:08:41,364 - elsapy.utils - INFO - Module loaded.
2021-02-08 18:08:41,365 - elsapy.elsprofile - INFO - Module loaded.
2021-02-08 18:08:41,365 - elsapy.elsdoc - INFO - Module loaded.
2021-02-08 18:08:41,366 - elsapy.elssearch - INFO - Module loaded.
2021-02-08 18:09:39,018 - elsapy.elsclient - INFO - Module loaded.
2021-02-08 18:09:39,019 - elsapy.elsentity - INFO - Module loaded.
2021-02-08 18:09:39,020 - elsapy.utils - INFO - Module loaded.
2021-02-08 18:09:39,020 - elsapy.elsprofile - INFO - Module loaded.
2021-02-08 18:09:39,021 - elsapy.elsdoc - INFO - Module loaded.
2021-02-08 18:09:39,021 - elsapy.elssearch - INFO - Module loaded.
2021-02-08 18:11:19,838 - elsapy.elsclient - INFO - Module loaded.
2021-02-08 18:11:19,839 - elsapy.elsentity - INFO - Module loaded.
2021-02-08 18:11:19,840 - elsapy.utils - INFO - Module loaded.
2021-02-08 18:11:19,840 - elsapy.elsprofile - INFO - Module loaded.
2021-02-08 18:11:19,841 - elsapy.elsdoc - INFO - Module loaded.
2021-02-08 18:11:19,842 - elsapy.elssearch - INFO - Module loaded.
2021-02-08 18:12:15,317 - elsapy.elsclient - INFO - Module loaded.
2021-02-08 18:12:15,318 - elsapy.elsentity - INFO - Module loaded.
2021-02-08 18:12:15,319 - elsapy.utils - INFO - Module loaded.
2021-02-08 18:12:15,319 - elsapy.elsprofile - INFO - Module loaded.
2021-02-08 18:12:15,320 - elsapy.elsdoc - INFO - Module loaded.
2021-02-08 18:12:15,320 - elsapy.elssearch - INFO - Module loaded.
2021-02-08 18:21:10,373 - elsapy.elsclient - INFO - Module loaded.
2021-02-08 18:21:10,374 - elsapy.elsentity - INFO - Module loaded.
2021-02-08 18:21:10,375 - elsapy.utils - INFO - Module loaded.
2021-02-08 18:21:10,375 - elsapy.elsprofile - INFO - Module loaded.
2021-02-08 18:21:10,376 - elsapy.elsdoc - INFO - Module loaded.
2021-02-08 18:21:10,377 - elsapy.elssearch - INFO - Module loaded.
2021-02-08 18:22:19,696 - elsapy.elsclient - INFO - Module loaded.
2021-02-08 18:22:19,697 - elsapy.elsentity - INFO - Module loaded.
2021-02-08 18:22:19,698 - elsapy.utils - INFO - Module loaded.
2021-02-08 18:22:19,698 - elsapy.elsprofile - INFO - Module loaded.
2021-02-08 18:22:19,699 - elsapy.elsdoc - INFO - Module loaded.
2021-02-08 18:22:19,699 - elsapy.elssearch - INFO - Module loaded.
