2021-02-03 15:39:36,681 - elsapy.elsclient - INFO - Module loaded.
2021-02-03 15:39:38,684 - elsapy.elsentity - INFO - Module loaded.
2021-02-03 15:39:38,686 - elsapy.utils - INFO - Module loaded.
2021-02-03 15:39:38,686 - elsapy.elsprofile - INFO - Module loaded.
2021-02-03 15:39:38,688 - elsapy.elsdoc - INFO - Module loaded.
2021-02-03 15:39:38,690 - elsapy.elssearch - INFO - Module loaded.
2021-02-03 15:39:46,536 - elsapy.elsclient - INFO - Module loaded.
2021-02-03 15:39:47,048 - elsapy.elsentity - INFO - Module loaded.
2021-02-03 15:39:47,050 - elsapy.utils - INFO - Module loaded.
2021-02-03 15:39:47,050 - elsapy.elsprofile - INFO - Module loaded.
2021-02-03 15:39:47,052 - elsapy.elsdoc - INFO - Module loaded.
2021-02-03 15:39:47,053 - elsapy.elssearch - INFO - Module loaded.
2021-02-03 15:39:51,704 - elsapy.elsclient - INFO - Module loaded.
2021-02-03 15:39:52,190 - elsapy.elsentity - INFO - Module loaded.
2021-02-03 15:39:52,191 - elsapy.utils - INFO - Module loaded.
2021-02-03 15:39:52,192 - elsapy.elsprofile - INFO - Module loaded.
2021-02-03 15:39:52,193 - elsapy.elsdoc - INFO - Module loaded.
2021-02-03 15:39:52,194 - elsapy.elssearch - INFO - Module loaded.
2021-02-03 15:39:57,165 - elsapy.elsclient - INFO - Module loaded.
2021-02-03 15:39:57,655 - elsapy.elsentity - INFO - Module loaded.
2021-02-03 15:39:57,656 - elsapy.utils - INFO - Module loaded.
2021-02-03 15:39:57,657 - elsapy.elsprofile - INFO - Module loaded.
2021-02-03 15:39:57,658 - elsapy.elsdoc - INFO - Module loaded.
2021-02-03 15:39:57,659 - elsapy.elssearch - INFO - Module loaded.
2021-02-03 15:40:27,878 - elsapy.elsclient - INFO - Module loaded.
2021-02-03 15:40:28,369 - elsapy.elsentity - INFO - Module loaded.
2021-02-03 15:40:28,370 - elsapy.utils - INFO - Module loaded.
2021-02-03 15:40:28,370 - elsapy.elsprofile - INFO - Module loaded.
2021-02-03 15:40:28,371 - elsapy.elsdoc - INFO - Module loaded.
2021-02-03 15:40:28,372 - elsapy.elssearch - INFO - Module loaded.
2021-02-03 15:40:44,456 - elsapy.elsclient - INFO - Module loaded.
2021-02-03 15:40:44,937 - elsapy.elsentity - INFO - Module loaded.
2021-02-03 15:40:44,938 - elsapy.utils - INFO - Module loaded.
2021-02-03 15:40:44,938 - elsapy.elsprofile - INFO - Module loaded.
2021-02-03 15:40:44,940 - elsapy.elsdoc - INFO - Module loaded.
2021-02-03 15:40:44,942 - elsapy.elssearch - INFO - Module loaded.
2021-02-03 15:41:32,108 - elsapy.elsclient - INFO - Module loaded.
2021-02-03 15:41:32,571 - elsapy.elsentity - INFO - Module loaded.
2021-02-03 15:41:32,572 - elsapy.utils - INFO - Module loaded.
2021-02-03 15:41:32,573 - elsapy.elsprofile - INFO - Module loaded.
2021-02-03 15:41:32,574 - elsapy.elsdoc - INFO - Module loaded.
2021-02-03 15:41:32,575 - elsapy.elssearch - INFO - Module loaded.
2021-02-03 15:43:02,215 - elsapy.elsclient - INFO - Module loaded.
2021-02-03 15:43:02,627 - elsapy.elsentity - INFO - Module loaded.
2021-02-03 15:43:02,628 - elsapy.utils - INFO - Module loaded.
2021-02-03 15:43:02,629 - elsapy.elsprofile - INFO - Module loaded.
2021-02-03 15:43:02,630 - elsapy.elsdoc - INFO - Module loaded.
2021-02-03 15:43:02,631 - elsapy.elssearch - INFO - Module loaded.
2021-02-03 15:43:19,587 - elsapy.elsclient - INFO - Module loaded.
2021-02-03 15:43:20,063 - elsapy.elsentity - INFO - Module loaded.
2021-02-03 15:43:20,064 - elsapy.utils - INFO - Module loaded.
2021-02-03 15:43:20,065 - elsapy.elsprofile - INFO - Module loaded.
2021-02-03 15:43:20,066 - elsapy.elsdoc - INFO - Module loaded.
2021-02-03 15:43:20,067 - elsapy.elssearch - INFO - Module loaded.
2021-02-03 15:43:27,015 - elsapy.elsclient - INFO - Module loaded.
2021-02-03 15:43:27,472 - elsapy.elsentity - INFO - Module loaded.
2021-02-03 15:43:27,473 - elsapy.utils - INFO - Module loaded.
2021-02-03 15:43:27,473 - elsapy.elsprofile - INFO - Module loaded.
2021-02-03 15:43:27,475 - elsapy.elsdoc - INFO - Module loaded.
2021-02-03 15:43:27,477 - elsapy.elssearch - INFO - Module loaded.
2021-02-03 15:44:16,748 - elsapy.elsclient - INFO - Module loaded.
2021-02-03 15:44:17,162 - elsapy.elsentity - INFO - Module loaded.
2021-02-03 15:44:17,163 - elsapy.utils - INFO - Module loaded.
2021-02-03 15:44:17,163 - elsapy.elsprofile - INFO - Module loaded.
2021-02-03 15:44:17,164 - elsapy.elsdoc - INFO - Module loaded.
2021-02-03 15:44:17,165 - elsapy.elssearch - INFO - Module loaded.
2021-02-03 15:44:31,764 - elsapy.elsclient - INFO - Module loaded.
2021-02-03 15:44:32,227 - elsapy.elsentity - INFO - Module loaded.
2021-02-03 15:44:32,229 - elsapy.utils - INFO - Module loaded.
2021-02-03 15:44:32,229 - elsapy.elsprofile - INFO - Module loaded.
2021-02-03 15:44:32,231 - elsapy.elsdoc - INFO - Module loaded.
2021-02-03 15:44:32,233 - elsapy.elssearch - INFO - Module loaded.
2021-02-03 15:44:37,920 - elsapy.elsclient - INFO - Module loaded.
2021-02-03 15:44:38,433 - elsapy.elsentity - INFO - Module loaded.
2021-02-03 15:44:38,434 - elsapy.utils - INFO - Module loaded.
2021-02-03 15:44:38,435 - elsapy.elsprofile - INFO - Module loaded.
2021-02-03 15:44:38,436 - elsapy.elsdoc - INFO - Module loaded.
2021-02-03 15:44:38,437 - elsapy.elssearch - INFO - Module loaded.
2021-02-03 15:44:43,683 - elsapy.elsclient - INFO - Module loaded.
2021-02-03 15:44:44,166 - elsapy.elsentity - INFO - Module loaded.
2021-02-03 15:44:44,167 - elsapy.utils - INFO - Module loaded.
2021-02-03 15:44:44,168 - elsapy.elsprofile - INFO - Module loaded.
2021-02-03 15:44:44,170 - elsapy.elsdoc - INFO - Module loaded.
2021-02-03 15:44:44,171 - elsapy.elssearch - INFO - Module loaded.
2021-02-03 15:47:12,288 - elsapy.elsclient - INFO - Module loaded.
2021-02-03 15:47:12,732 - elsapy.elsentity - INFO - Module loaded.
2021-02-03 15:47:12,733 - elsapy.utils - INFO - Module loaded.
2021-02-03 15:47:12,733 - elsapy.elsprofile - INFO - Module loaded.
2021-02-03 15:47:12,735 - elsapy.elsdoc - INFO - Module loaded.
2021-02-03 15:47:12,736 - elsapy.elssearch - INFO - Module loaded.
2021-02-03 15:47:13,290 - elsapy.elsclient - INFO - Sending GET request to https://api.elsevier.com/content/search/scidir?query=Transportation+%2B+Architecture
2021-02-03 15:48:35,101 - elsapy.elsclient - INFO - Module loaded.
2021-02-03 15:48:35,551 - elsapy.elsentity - INFO - Module loaded.
2021-02-03 15:48:35,552 - elsapy.utils - INFO - Module loaded.
2021-02-03 15:48:35,552 - elsapy.elsprofile - INFO - Module loaded.
2021-02-03 15:48:35,553 - elsapy.elsdoc - INFO - Module loaded.
2021-02-03 15:48:35,555 - elsapy.elssearch - INFO - Module loaded.
2021-02-03 15:48:36,102 - elsapy.elsclient - INFO - Sending GET request to https://api.elsevier.com/content/search/scidir?query=Transportation+%2B+Architecture
2021-02-03 15:50:31,791 - elsapy.elsclient - INFO - Module loaded.
2021-02-03 15:50:32,249 - elsapy.elsentity - INFO - Module loaded.
2021-02-03 15:50:32,250 - elsapy.utils - INFO - Module loaded.
2021-02-03 15:50:32,251 - elsapy.elsprofile - INFO - Module loaded.
2021-02-03 15:50:32,252 - elsapy.elsdoc - INFO - Module loaded.
2021-02-03 15:50:32,253 - elsapy.elssearch - INFO - Module loaded.
2021-02-03 15:50:32,792 - elsapy.elsclient - INFO - Sending GET request to https://api.elsevier.com/content/search/scidir?query=Transportation+%2B+Architecture
2021-02-03 15:50:47,234 - elsapy.elsclient - INFO - Module loaded.
2021-02-03 15:50:47,710 - elsapy.elsentity - INFO - Module loaded.
2021-02-03 15:50:47,712 - elsapy.utils - INFO - Module loaded.
2021-02-03 15:50:47,712 - elsapy.elsprofile - INFO - Module loaded.
2021-02-03 15:50:47,714 - elsapy.elsdoc - INFO - Module loaded.
2021-02-03 15:50:47,716 - elsapy.elssearch - INFO - Module loaded.
2021-02-03 15:52:32,096 - elsapy.elsclient - INFO - Module loaded.
2021-02-03 15:52:32,546 - elsapy.elsentity - INFO - Module loaded.
2021-02-03 15:52:32,547 - elsapy.utils - INFO - Module loaded.
2021-02-03 15:52:32,548 - elsapy.elsprofile - INFO - Module loaded.
2021-02-03 15:52:32,549 - elsapy.elsdoc - INFO - Module loaded.
2021-02-03 15:52:32,551 - elsapy.elssearch - INFO - Module loaded.
2021-02-03 15:52:33,097 - elsapy.elsclient - INFO - Sending GET request to https://api.elsevier.com/content/search/scidir?query=Transportation+%2B+Architecture
2021-02-03 15:53:17,707 - elsapy.elsclient - INFO - Module loaded.
2021-02-03 15:53:18,162 - elsapy.elsentity - INFO - Module loaded.
2021-02-03 15:53:18,163 - elsapy.utils - INFO - Module loaded.
2021-02-03 15:53:18,164 - elsapy.elsprofile - INFO - Module loaded.
2021-02-03 15:53:18,165 - elsapy.elsdoc - INFO - Module loaded.
2021-02-03 15:53:18,166 - elsapy.elssearch - INFO - Module loaded.
2021-02-03 15:53:18,709 - elsapy.elsclient - INFO - Sending GET request to https://api.elsevier.com/content/search/scidir?query=Transportation
2021-02-03 15:55:17,937 - elsapy.elsclient - INFO - Module loaded.
2021-02-03 15:55:18,356 - elsapy.elsentity - INFO - Module loaded.
2021-02-03 15:55:18,358 - elsapy.utils - INFO - Module loaded.
2021-02-03 15:55:18,358 - elsapy.elsprofile - INFO - Module loaded.
2021-02-03 15:55:18,360 - elsapy.elsdoc - INFO - Module loaded.
2021-02-03 15:55:18,361 - elsapy.elssearch - INFO - Module loaded.
2021-02-03 15:55:18,938 - elsapy.elsclient - INFO - Sending GET request to https://api.elsevier.com/content/search/scidir?query=Transportation+%2B+Architecture
2021-02-03 15:59:07,064 - elsapy.elsclient - INFO - Module loaded.
2021-02-03 15:59:07,542 - elsapy.elsentity - INFO - Module loaded.
2021-02-03 15:59:07,543 - elsapy.utils - INFO - Module loaded.
2021-02-03 15:59:07,543 - elsapy.elsprofile - INFO - Module loaded.
2021-02-03 15:59:07,544 - elsapy.elsdoc - INFO - Module loaded.
2021-02-03 15:59:07,545 - elsapy.elssearch - INFO - Module loaded.
2021-02-03 15:59:08,065 - elsapy.elsclient - INFO - Sending GET request to https://api.elsevier.com/content/search/scidir?query=Transportation+%2B+Architecture
2021-02-03 16:00:41,845 - elsapy.elsclient - INFO - Module loaded.
2021-02-03 16:00:42,318 - elsapy.elsentity - INFO - Module loaded.
2021-02-03 16:00:42,320 - elsapy.utils - INFO - Module loaded.
2021-02-03 16:00:42,321 - elsapy.elsprofile - INFO - Module loaded.
2021-02-03 16:00:42,323 - elsapy.elsdoc - INFO - Module loaded.
2021-02-03 16:00:42,325 - elsapy.elssearch - INFO - Module loaded.
2021-02-03 16:00:42,845 - elsapy.elsclient - INFO - Sending GET request to https://api.elsevier.com/content/article/doi/10.1109/CVPR.2019.00453
2021-02-03 16:00:43,371 - elsapy.elsentity - WARNING - HTTP 404 Error from https://api.elsevier.com/content/article/doi/10.1109/CVPR.2019.00453
and using headers {'X-ELS-APIKey': '7a286322cb3559da3442a03892947ae4', 'User-Agent': 'elsapy-v0.5.0', 'Accept': 'application/json'}:
{"service-error":{"status":{"statusCode":"RESOURCE_NOT_FOUND","statusText":"The resource specified cannot be found."}}}
2021-02-03 16:01:07,931 - elsapy.elsclient - INFO - Module loaded.
2021-02-03 16:01:08,390 - elsapy.elsentity - INFO - Module loaded.
2021-02-03 16:01:08,391 - elsapy.utils - INFO - Module loaded.
2021-02-03 16:01:08,392 - elsapy.elsprofile - INFO - Module loaded.
2021-02-03 16:01:08,393 - elsapy.elsdoc - INFO - Module loaded.
2021-02-03 16:01:08,395 - elsapy.elssearch - INFO - Module loaded.
2021-02-03 16:01:08,933 - elsapy.elsclient - INFO - Sending GET request to https://api.elsevier.com/content/search/scidir?query=Transportation+%2B+Architecture
2021-02-03 16:03:30,192 - elsapy.elsclient - INFO - Module loaded.
2021-02-03 16:03:30,655 - elsapy.elsentity - INFO - Module loaded.
2021-02-03 16:03:30,656 - elsapy.utils - INFO - Module loaded.
2021-02-03 16:03:30,656 - elsapy.elsprofile - INFO - Module loaded.
2021-02-03 16:03:30,657 - elsapy.elsdoc - INFO - Module loaded.
2021-02-03 16:03:30,658 - elsapy.elssearch - INFO - Module loaded.
2021-02-03 20:57:17,518 - elsapy.elsclient - INFO - Module loaded.
2021-02-03 20:57:18,486 - elsapy.elsentity - INFO - Module loaded.
2021-02-03 20:57:18,488 - elsapy.utils - INFO - Module loaded.
2021-02-03 20:57:18,489 - elsapy.elsprofile - INFO - Module loaded.
2021-02-03 20:57:18,491 - elsapy.elsdoc - INFO - Module loaded.
2021-02-03 20:57:18,492 - elsapy.elssearch - INFO - Module loaded.
2021-02-03 20:57:18,520 - elsapy.elsclient - INFO - Sending GET request to https://api.elsevier.com/content/search/scidir?query=Transportation+%2B+Architecture
